#
# There is insufficient memory for the Java Runtime Environment to continue.
# Native memory allocation (malloc) failed to allocate 32744 bytes for ChunkPool::allocate
# Possible reasons:
#   The system is out of physical RAM or swap space
#   The process is running with CompressedOops enabled, and the Java Heap may be blocking the growth of the native heap
# Possible solutions:
#   Reduce memory load on the system
#   Increase physical memory or swap space
#   Check if swap backing store is full
#   Decrease Java heap size (-Xmx/-Xms)
#   Decrease number of Java threads
#   Decrease Java thread stack sizes (-Xss)
#   Set larger code cache with -XX:ReservedCodeCacheSize=
#   JVM is running with Unscaled Compressed Oops mode in which the Java heap is
#     placed in the first 4GB address space. The Java Heap base address is the
#     maximum limit for the native heap growth. Please use -XX:HeapBaseMinAddress
#     to set the Java Heap base and to place the Java Heap above 4GB virtual address.
# This output file may be truncated or incomplete.
#
#  Out of Memory Error (arena.cpp:78), pid=102924, tid=18816
#
# JRE version: Java(TM) SE Runtime Environment (17.0.12+8) (build 17.0.12+8-LTS-286)
# Java VM: Java HotSpot(TM) 64-Bit Server VM (17.0.12+8-LTS-286, mixed mode, sharing, tiered, compressed oops, compressed class ptrs, g1 gc, windows-amd64)
# No core dump will be written. Minidumps are not enabled by default on client versions of Windows
#

---------------  S U M M A R Y ------------

Command Line: -ea -Didea.test.cyclic.buffer.size=1048576 -javaagent:C:\Program Files\JetBrains\IntelliJ IDEA Community Edition 2024.2.4\lib\idea_rt.jar=57490:C:\Program Files\JetBrains\IntelliJ IDEA Community Edition 2024.2.4\bin -Dfile.encoding=UTF-8 com.intellij.rt.testng.RemoteTestNGStarter -usedefaultlisteners false -socket57489 @w@C:\Users\SonymonJoseph\AppData\Local\Temp\idea_working_dirs_testng.tmp -temp C:\Users\SonymonJoseph\AppData\Local\Temp\idea_testng.tmp

Host: AMD Ryzen 3 3250U with Radeon Graphics         , 4 cores, 5G,  Windows 10 , 64 bit Build 19041 (10.0.19041.4957)
Time: Thu Nov  7 08:44:36 2024 India Standard Time elapsed time: 21.565463 seconds (0d 0h 0m 21s)

---------------  T H R E A D  ---------------

Current thread (0x0000023923e40200):  JavaThread "C2 CompilerThread0" daemon [_thread_in_native, id=18816, stack(0x0000004a42f00000,0x0000004a43000000)]


Current CompileTask:
C2:  21566 4436   !   4       jdk.internal.loader.BuiltinClassLoader::loadClassOrNull (143 bytes)

Stack: [0x0000004a42f00000,0x0000004a43000000]
Native frames: (J=compiled Java code, j=interpreted, Vv=VM code, C=native code)
V  [jvm.dll+0x67a04a]
V  [jvm.dll+0x7da4ed]
V  [jvm.dll+0x7dbe33]
V  [jvm.dll+0x7dc4a3]
V  [jvm.dll+0x24508f]
V  [jvm.dll+0xab9a4]
V  [jvm.dll+0xabd3c]
V  [jvm.dll+0x659f1a]
V  [jvm.dll+0x790e4]
V  [jvm.dll+0x657486]
V  [jvm.dll+0x9f516]
V  [jvm.dll+0x64613c]
V  [jvm.dll+0x6a124d]
V  [jvm.dll+0x69fd2a]
V  [jvm.dll+0x21f469]
V  [jvm.dll+0x21f81f]
V  [jvm.dll+0x218aa0]
V  [jvm.dll+0x215b65]
V  [jvm.dll+0x1a2960]
V  [jvm.dll+0x22610b]
V  [jvm.dll+0x2242ab]
V  [jvm.dll+0x79075c]
V  [jvm.dll+0x78abea]
V  [jvm.dll+0x678f35]
C  [ucrtbase.dll+0x21bb2]
C  [KERNEL32.DLL+0x17374]
C  [ntdll.dll+0x4cc91]


---------------  P R O C E S S  ---------------

Threads class SMR info:
_java_thread_list=0x000002396aba62c0, length=28, elements={
0x00000239059c6300, 0x0000023923e27380, 0x0000023923e29600, 0x0000023923e39a70,
0x0000023923e3c450, 0x0000023923e3cd20, 0x0000023923e3d5f0, 0x0000023923e40200,
0x0000023923e42bd0, 0x0000023923e9bdf0, 0x0000023923e122c0, 0x0000023969246790,
0x0000023969246c70, 0x000002396a589860, 0x0000023969833820, 0x000002396b766010,
0x000002396c4c07d0, 0x00000239690cfeb0, 0x00000239690cf490, 0x00000239690cf9a0,
0x00000239690d03c0, 0x00000239690d1800, 0x00000239690d08d0, 0x00000239690ce050,
0x00000239690d0de0, 0x00000239690d12f0, 0x00000239690ce560, 0x00000239690cea70
}

Java Threads: ( => current thread )
  0x00000239059c6300 JavaThread "main" [_thread_in_vm, id=94136, stack(0x0000004a42200000,0x0000004a42300000)]
  0x0000023923e27380 JavaThread "Reference Handler" daemon [_thread_blocked, id=86632, stack(0x0000004a42900000,0x0000004a42a00000)]
  0x0000023923e29600 JavaThread "Finalizer" daemon [_thread_blocked, id=67348, stack(0x0000004a42a00000,0x0000004a42b00000)]
  0x0000023923e39a70 JavaThread "Signal Dispatcher" daemon [_thread_blocked, id=31160, stack(0x0000004a42b00000,0x0000004a42c00000)]
  0x0000023923e3c450 JavaThread "Attach Listener" daemon [_thread_blocked, id=20352, stack(0x0000004a42c00000,0x0000004a42d00000)]
  0x0000023923e3cd20 JavaThread "Service Thread" daemon [_thread_blocked, id=91952, stack(0x0000004a42d00000,0x0000004a42e00000)]
  0x0000023923e3d5f0 JavaThread "Monitor Deflation Thread" daemon [_thread_blocked, id=13468, stack(0x0000004a42e00000,0x0000004a42f00000)]
=>0x0000023923e40200 JavaThread "C2 CompilerThread0" daemon [_thread_in_native, id=18816, stack(0x0000004a42f00000,0x0000004a43000000)]
  0x0000023923e42bd0 JavaThread "C1 CompilerThread0" daemon [_thread_blocked, id=69112, stack(0x0000004a43000000,0x0000004a43100000)]
  0x0000023923e9bdf0 JavaThread "Sweeper thread" daemon [_thread_blocked, id=15220, stack(0x0000004a43100000,0x0000004a43200000)]
  0x0000023923e122c0 JavaThread "Common-Cleaner" daemon [_thread_blocked, id=99200, stack(0x0000004a43200000,0x0000004a43300000)]
  0x0000023969246790 JavaThread "Monitor Ctrl-Break" daemon [_thread_in_native, id=50756, stack(0x0000004a43300000,0x0000004a43400000)]
  0x0000023969246c70 JavaThread "Notification Thread" daemon [_thread_blocked, id=25392, stack(0x0000004a43400000,0x0000004a43500000)]
  0x000002396a589860 JavaThread "ForkJoinPool.commonPool-worker-1" daemon [_thread_blocked, id=107076, stack(0x0000004a43a00000,0x0000004a43b00000)]
  0x0000023969833820 JavaThread "ForkJoinPool.commonPool-worker-2" daemon [_thread_blocked, id=102304, stack(0x0000004a43900000,0x0000004a43a00000)]
  0x000002396b766010 JavaThread "HttpClient-1-SelectorManager" daemon [_thread_in_native, id=71712, stack(0x0000004a43b00000,0x0000004a43c00000)]
  0x000002396c4c07d0 JavaThread "External Process Output Forwarder - D:\frameium\Frameium_allure/src/main/resources/drivers/chromedriver1.exe" daemon [_thread_in_native, id=98856, stack(0x0000004a43c00000,0x0000004a43d00000)]
  0x00000239690cfeb0 JavaThread "Driver Service Executor" daemon [_thread_blocked, id=103356, stack(0x0000004a43d00000,0x0000004a43e00000)]
  0x00000239690cf490 JavaThread "Driver Service Executor" daemon [_thread_in_native, id=107304, stack(0x0000004a43e00000,0x0000004a43f00000)]
  0x00000239690cf9a0 JavaThread "UrlChecker-2" daemon [_thread_blocked, id=91192, stack(0x0000004a43f00000,0x0000004a44000000)]
  0x00000239690d03c0 JavaThread "Keep-Alive-Timer" daemon [_thread_blocked, id=71128, stack(0x0000004a44100000,0x0000004a44200000)]
  0x00000239690d1800 JavaThread "pool-1-thread-1" [_thread_blocked, id=17328, stack(0x0000004a44200000,0x0000004a44300000)]
  0x00000239690d08d0 JavaThread "pool-1-thread-2" [_thread_blocked, id=106040, stack(0x0000004a44300000,0x0000004a44400000)]
  0x00000239690ce050 JavaThread "pool-1-thread-3" [_thread_blocked, id=95368, stack(0x0000004a44400000,0x0000004a44500000)]
  0x00000239690d0de0 JavaThread "HttpClient-2-SelectorManager" daemon [_thread_in_native, id=100464, stack(0x0000004a44500000,0x0000004a44600000)]
  0x00000239690d12f0 JavaThread "pool-2-thread-1" [_thread_blocked, id=57948, stack(0x0000004a44600000,0x0000004a44700000)]
  0x00000239690ce560 JavaThread "pool-2-thread-2" [_thread_blocked, id=92572, stack(0x0000004a44700000,0x0000004a44800000)]
  0x00000239690cea70 JavaThread "pool-2-thread-3" [_thread_blocked, id=80868, stack(0x0000004a44800000,0x0000004a44900000)]

Other Threads:
  0x0000023923e1f8f0 VMThread "VM Thread" [stack: 0x0000004a42800000,0x0000004a42900000] [id=85080]
  0x0000023905a212f0 WatcherThread [stack: 0x0000004a43500000,0x0000004a43600000] [id=105364]
  0x000002390596ed10 GCTaskThread "GC Thread#0" [stack: 0x0000004a42300000,0x0000004a42400000] [id=86464]
  0x00000239697d2820 GCTaskThread "GC Thread#1" [stack: 0x0000004a43600000,0x0000004a43700000] [id=106008]
  0x0000023969af38a0 GCTaskThread "GC Thread#2" [stack: 0x0000004a43700000,0x0000004a43800000] [id=83196]
  0x0000023969ea4670 GCTaskThread "GC Thread#3" [stack: 0x0000004a43800000,0x0000004a43900000] [id=26108]
  0x0000023905a18a40 ConcurrentGCThread "G1 Main Marker" [stack: 0x0000004a42400000,0x0000004a42500000] [id=97060]
  0x0000023905a1b380 ConcurrentGCThread "G1 Conc#0" [stack: 0x0000004a42500000,0x0000004a42600000] [id=65120]
  0x0000023923cf04a0 ConcurrentGCThread "G1 Refine#0" [stack: 0x0000004a42600000,0x0000004a42700000] [id=76232]
  0x0000023923cf0de0 ConcurrentGCThread "G1 Service" [stack: 0x0000004a42700000,0x0000004a42800000] [id=85312]

Threads with active compile tasks:
C2 CompilerThread0    21697 4436   !   4       jdk.internal.loader.BuiltinClassLoader::loadClassOrNull (143 bytes)

VM state: not at safepoint (normal execution)

VM Mutex/Monitor currently owned by a thread: None

Heap address: 0x00000000a1c00000, size: 1508 MB, Compressed Oops mode: 32-bit

CDS archive(s) mapped at: [0x0000023924000000-0x0000023924bd0000-0x0000023924bd0000), size 12386304, SharedBaseAddress: 0x0000023924000000, ArchiveRelocationMode: 1.
Compressed class space mapped at: 0x0000023925000000-0x0000023965000000, reserved size: 1073741824
Narrow klass base: 0x0000023924000000, Narrow klass shift: 0, Narrow klass range: 0x100000000

GC Precious Log:
 CPUs: 4 total, 4 available
 Memory: 6030M
 Large Page Support: Disabled
 NUMA Support: Disabled
 Compressed Oops: Enabled (32-bit)
 Heap Region Size: 1M
 Heap Min Capacity: 8M
 Heap Initial Capacity: 96M
 Heap Max Capacity: 1508M
 Pre-touch: Disabled
 Parallel Workers: 4
 Concurrent Workers: 1
 Concurrent Refinement Workers: 4
 Periodic GC: Disabled

Heap:
 garbage-first heap   total 102400K, used 36597K [0x00000000a1c00000, 0x0000000100000000)
  region size 1024K, 17 young (17408K), 8 survivors (8192K)
 Metaspace       used 37484K, committed 37952K, reserved 1114112K
  class space    used 4426K, committed 4672K, reserved 1048576K

Heap Regions: E=young(eden), S=young(survivor), O=old, HS=humongous(starts), HC=humongous(continues), CS=collection set, F=free, OA=open archive, CA=closed archive, TAMS=top-at-mark-start (previous, next)
|   0|0x00000000a1c00000, 0x00000000a1d00000, 0x00000000a1d00000|100%|HS|  |TAMS 0x00000000a1d00000, 0x00000000a1c00000| Complete 
|   1|0x00000000a1d00000, 0x00000000a1e00000, 0x00000000a1e00000|100%|HS|  |TAMS 0x00000000a1e00000, 0x00000000a1d00000| Complete 
|   2|0x00000000a1e00000, 0x00000000a1efffe8, 0x00000000a1f00000| 99%| O|  |TAMS 0x00000000a1efffe8, 0x00000000a1e00000| Untracked 
|   3|0x00000000a1f00000, 0x00000000a2000000, 0x00000000a2000000|100%| O|  |TAMS 0x00000000a2000000, 0x00000000a1f00000| Untracked 
|   4|0x00000000a2000000, 0x00000000a20eb8b0, 0x00000000a2100000| 92%| O|  |TAMS 0x00000000a20eb8b0, 0x00000000a2000000| Untracked 
|   5|0x00000000a2100000, 0x00000000a2200000, 0x00000000a2200000|100%| O|  |TAMS 0x00000000a2200000, 0x00000000a2100000| Untracked 
|   6|0x00000000a2200000, 0x00000000a22fd9b8, 0x00000000a2300000| 99%| O|  |TAMS 0x00000000a22fd9b8, 0x00000000a2200000| Untracked 
|   7|0x00000000a2300000, 0x00000000a2400000, 0x00000000a2400000|100%| O|  |TAMS 0x00000000a2400000, 0x00000000a2300000| Untracked 
|   8|0x00000000a2400000, 0x00000000a2500000, 0x00000000a2500000|100%| O|  |TAMS 0x00000000a2500000, 0x00000000a2400000| Untracked 
|   9|0x00000000a2500000, 0x00000000a2600000, 0x00000000a2600000|100%|HS|  |TAMS 0x00000000a2600000, 0x00000000a2500000| Complete 
|  10|0x00000000a2600000, 0x00000000a2700000, 0x00000000a2700000|100%|HC|  |TAMS 0x00000000a2700000, 0x00000000a2600000| Complete 
|  11|0x00000000a2700000, 0x00000000a2800000, 0x00000000a2800000|100%| O|  |TAMS 0x00000000a2800000, 0x00000000a2700000| Untracked 
|  12|0x00000000a2800000, 0x00000000a2900000, 0x00000000a2900000|100%| O|  |TAMS 0x00000000a2900000, 0x00000000a2800000| Untracked 
|  13|0x00000000a2900000, 0x00000000a29ffff0, 0x00000000a2a00000| 99%| O|  |TAMS 0x00000000a29ffff0, 0x00000000a2900000| Untracked 
|  14|0x00000000a2a00000, 0x00000000a2afffe8, 0x00000000a2b00000| 99%| O|  |TAMS 0x00000000a2afffe8, 0x00000000a2a00000| Untracked 
|  15|0x00000000a2b00000, 0x00000000a2b00000, 0x00000000a2c00000|  0%| F|  |TAMS 0x00000000a2b00000, 0x00000000a2b00000| Untracked 
|  16|0x00000000a2c00000, 0x00000000a2d00000, 0x00000000a2d00000|100%| O|  |TAMS 0x00000000a2d00000, 0x00000000a2c00000| Untracked 
|  17|0x00000000a2d00000, 0x00000000a2e00000, 0x00000000a2e00000|100%| O|  |TAMS 0x00000000a2e00000, 0x00000000a2d00000| Untracked 
|  18|0x00000000a2e00000, 0x00000000a2f00000, 0x00000000a2f00000|100%| O|  |TAMS 0x00000000a2f00000, 0x00000000a2e00000| Untracked 
|  19|0x00000000a2f00000, 0x00000000a2ff31b0, 0x00000000a3000000| 94%| O|  |TAMS 0x00000000a2ff31b0, 0x00000000a2f00000| Untracked 
|  20|0x00000000a3000000, 0x00000000a30abe00, 0x00000000a3100000| 67%| O|  |TAMS 0x00000000a30abe00, 0x00000000a3000000| Complete 
|  21|0x00000000a3100000, 0x00000000a3100000, 0x00000000a3200000|  0%| F|  |TAMS 0x00000000a3100000, 0x00000000a3100000| Untracked 
|  22|0x00000000a3200000, 0x00000000a3200000, 0x00000000a3300000|  0%| F|  |TAMS 0x00000000a3200000, 0x00000000a3200000| Untracked 
|  23|0x00000000a3300000, 0x00000000a3300000, 0x00000000a3400000|  0%| F|  |TAMS 0x00000000a3300000, 0x00000000a3300000| Untracked 
|  24|0x00000000a3400000, 0x00000000a3400000, 0x00000000a3500000|  0%| F|  |TAMS 0x00000000a3400000, 0x00000000a3400000| Untracked 
|  25|0x00000000a3500000, 0x00000000a3500000, 0x00000000a3600000|  0%| F|  |TAMS 0x00000000a3500000, 0x00000000a3500000| Untracked 
|  26|0x00000000a3600000, 0x00000000a3600000, 0x00000000a3700000|  0%| F|  |TAMS 0x00000000a3600000, 0x00000000a3600000| Untracked 
|  27|0x00000000a3700000, 0x00000000a3700000, 0x00000000a3800000|  0%| F|  |TAMS 0x00000000a3700000, 0x00000000a3700000| Untracked 
|  28|0x00000000a3800000, 0x00000000a3800000, 0x00000000a3900000|  0%| F|  |TAMS 0x00000000a3800000, 0x00000000a3800000| Untracked 
|  29|0x00000000a3900000, 0x00000000a3900000, 0x00000000a3a00000|  0%| F|  |TAMS 0x00000000a3900000, 0x00000000a3900000| Untracked 
|  30|0x00000000a3a00000, 0x00000000a3a00000, 0x00000000a3b00000|  0%| F|  |TAMS 0x00000000a3a00000, 0x00000000a3a00000| Untracked 
|  31|0x00000000a3b00000, 0x00000000a3b00000, 0x00000000a3c00000|  0%| F|  |TAMS 0x00000000a3b00000, 0x00000000a3b00000| Untracked 
|  32|0x00000000a3c00000, 0x00000000a3c00000, 0x00000000a3d00000|  0%| F|  |TAMS 0x00000000a3c00000, 0x00000000a3c00000| Untracked 
|  33|0x00000000a3d00000, 0x00000000a3d00000, 0x00000000a3e00000|  0%| F|  |TAMS 0x00000000a3d00000, 0x00000000a3d00000| Untracked 
|  34|0x00000000a3e00000, 0x00000000a3e00000, 0x00000000a3f00000|  0%| F|  |TAMS 0x00000000a3e00000, 0x00000000a3e00000| Untracked 
|  35|0x00000000a3f00000, 0x00000000a3f00000, 0x00000000a4000000|  0%| F|  |TAMS 0x00000000a3f00000, 0x00000000a3f00000| Untracked 
|  36|0x00000000a4000000, 0x00000000a4000000, 0x00000000a4100000|  0%| F|  |TAMS 0x00000000a4000000, 0x00000000a4000000| Untracked 
|  37|0x00000000a4100000, 0x00000000a4100000, 0x00000000a4200000|  0%| F|  |TAMS 0x00000000a4100000, 0x00000000a4100000| Untracked 
|  38|0x00000000a4200000, 0x00000000a4200000, 0x00000000a4300000|  0%| F|  |TAMS 0x00000000a4200000, 0x00000000a4200000| Untracked 
|  39|0x00000000a4300000, 0x00000000a4300000, 0x00000000a4400000|  0%| F|  |TAMS 0x00000000a4300000, 0x00000000a4300000| Untracked 
|  40|0x00000000a4400000, 0x00000000a4400000, 0x00000000a4500000|  0%| F|  |TAMS 0x00000000a4400000, 0x00000000a4400000| Untracked 
|  41|0x00000000a4500000, 0x00000000a4500000, 0x00000000a4600000|  0%| F|  |TAMS 0x00000000a4500000, 0x00000000a4500000| Untracked 
|  42|0x00000000a4600000, 0x00000000a4600000, 0x00000000a4700000|  0%| F|  |TAMS 0x00000000a4600000, 0x00000000a4600000| Untracked 
|  43|0x00000000a4700000, 0x00000000a4700000, 0x00000000a4800000|  0%| F|  |TAMS 0x00000000a4700000, 0x00000000a4700000| Untracked 
|  44|0x00000000a4800000, 0x00000000a4800000, 0x00000000a4900000|  0%| F|  |TAMS 0x00000000a4800000, 0x00000000a4800000| Untracked 
|  45|0x00000000a4900000, 0x00000000a4900000, 0x00000000a4a00000|  0%| F|  |TAMS 0x00000000a4900000, 0x00000000a4900000| Untracked 
|  46|0x00000000a4a00000, 0x00000000a4a00000, 0x00000000a4b00000|  0%| F|  |TAMS 0x00000000a4a00000, 0x00000000a4a00000| Untracked 
|  47|0x00000000a4b00000, 0x00000000a4b00000, 0x00000000a4c00000|  0%| F|  |TAMS 0x00000000a4b00000, 0x00000000a4b00000| Untracked 
|  48|0x00000000a4c00000, 0x00000000a4c00000, 0x00000000a4d00000|  0%| F|  |TAMS 0x00000000a4c00000, 0x00000000a4c00000| Untracked 
|  49|0x00000000a4d00000, 0x00000000a4d00000, 0x00000000a4e00000|  0%| F|  |TAMS 0x00000000a4d00000, 0x00000000a4d00000| Untracked 
|  50|0x00000000a4e00000, 0x00000000a4e00000, 0x00000000a4f00000|  0%| F|  |TAMS 0x00000000a4e00000, 0x00000000a4e00000| Untracked 
|  51|0x00000000a4f00000, 0x00000000a4f00000, 0x00000000a5000000|  0%| F|  |TAMS 0x00000000a4f00000, 0x00000000a4f00000| Untracked 
|  52|0x00000000a5000000, 0x00000000a5000000, 0x00000000a5100000|  0%| F|  |TAMS 0x00000000a5000000, 0x00000000a5000000| Untracked 
|  53|0x00000000a5100000, 0x00000000a5100000, 0x00000000a5200000|  0%| F|  |TAMS 0x00000000a5100000, 0x00000000a5100000| Untracked 
|  54|0x00000000a5200000, 0x00000000a5200000, 0x00000000a5300000|  0%| F|  |TAMS 0x00000000a5200000, 0x00000000a5200000| Untracked 
|  55|0x00000000a5300000, 0x00000000a5300000, 0x00000000a5400000|  0%| F|  |TAMS 0x00000000a5300000, 0x00000000a5300000| Untracked 
|  56|0x00000000a5400000, 0x00000000a5400000, 0x00000000a5500000|  0%| F|  |TAMS 0x00000000a5400000, 0x00000000a5400000| Untracked 
|  57|0x00000000a5500000, 0x00000000a5500000, 0x00000000a5600000|  0%| F|  |TAMS 0x00000000a5500000, 0x00000000a5500000| Untracked 
|  58|0x00000000a5600000, 0x00000000a5600000, 0x00000000a5700000|  0%| F|  |TAMS 0x00000000a5600000, 0x00000000a5600000| Untracked 
|  59|0x00000000a5700000, 0x00000000a5700000, 0x00000000a5800000|  0%| F|  |TAMS 0x00000000a5700000, 0x00000000a5700000| Untracked 
|  60|0x00000000a5800000, 0x00000000a5800000, 0x00000000a5900000|  0%| F|  |TAMS 0x00000000a5800000, 0x00000000a5800000| Untracked 
|  61|0x00000000a5900000, 0x00000000a5900000, 0x00000000a5a00000|  0%| F|  |TAMS 0x00000000a5900000, 0x00000000a5900000| Untracked 
|  62|0x00000000a5a00000, 0x00000000a5a353e8, 0x00000000a5b00000| 20%| S|CS|TAMS 0x00000000a5a00000, 0x00000000a5a00000| Complete 
|  63|0x00000000a5b00000, 0x00000000a5c00000, 0x00000000a5c00000|100%| S|CS|TAMS 0x00000000a5b00000, 0x00000000a5b00000| Complete 
|  64|0x00000000a5c00000, 0x00000000a5d00000, 0x00000000a5d00000|100%| S|CS|TAMS 0x00000000a5c00000, 0x00000000a5c00000| Complete 
|  65|0x00000000a5d00000, 0x00000000a5e00000, 0x00000000a5e00000|100%| S|CS|TAMS 0x00000000a5d00000, 0x00000000a5d00000| Complete 
|  66|0x00000000a5e00000, 0x00000000a5f00000, 0x00000000a5f00000|100%| S|CS|TAMS 0x00000000a5e00000, 0x00000000a5e00000| Complete 
|  67|0x00000000a5f00000, 0x00000000a6000000, 0x00000000a6000000|100%| S|CS|TAMS 0x00000000a5f00000, 0x00000000a5f00000| Complete 
|  68|0x00000000a6000000, 0x00000000a6100000, 0x00000000a6100000|100%| S|CS|TAMS 0x00000000a6000000, 0x00000000a6000000| Complete 
|  69|0x00000000a6100000, 0x00000000a6200000, 0x00000000a6200000|100%| S|CS|TAMS 0x00000000a6100000, 0x00000000a6100000| Complete 
|  70|0x00000000a6200000, 0x00000000a6200000, 0x00000000a6300000|  0%| F|  |TAMS 0x00000000a6200000, 0x00000000a6200000| Untracked 
|  71|0x00000000a6300000, 0x00000000a6300000, 0x00000000a6400000|  0%| F|  |TAMS 0x00000000a6300000, 0x00000000a6300000| Untracked 
|  72|0x00000000a6400000, 0x00000000a6400000, 0x00000000a6500000|  0%| F|  |TAMS 0x00000000a6400000, 0x00000000a6400000| Untracked 
|  73|0x00000000a6500000, 0x00000000a6500000, 0x00000000a6600000|  0%| F|  |TAMS 0x00000000a6500000, 0x00000000a6500000| Untracked 
|  74|0x00000000a6600000, 0x00000000a6600000, 0x00000000a6700000|  0%| F|  |TAMS 0x00000000a6600000, 0x00000000a6600000| Untracked 
|  75|0x00000000a6700000, 0x00000000a6700000, 0x00000000a6800000|  0%| F|  |TAMS 0x00000000a6700000, 0x00000000a6700000| Untracked 
|  76|0x00000000a6800000, 0x00000000a6800000, 0x00000000a6900000|  0%| F|  |TAMS 0x00000000a6800000, 0x00000000a6800000| Untracked 
|  77|0x00000000a6900000, 0x00000000a6900000, 0x00000000a6a00000|  0%| F|  |TAMS 0x00000000a6900000, 0x00000000a6900000| Untracked 
|  78|0x00000000a6a00000, 0x00000000a6a00000, 0x00000000a6b00000|  0%| F|  |TAMS 0x00000000a6a00000, 0x00000000a6a00000| Untracked 
|  79|0x00000000a6b00000, 0x00000000a6c00000, 0x00000000a6c00000|100%| O|  |TAMS 0x00000000a6c00000, 0x00000000a6b00000| Untracked 
|  80|0x00000000a6c00000, 0x00000000a6c00000, 0x00000000a6d00000|  0%| F|  |TAMS 0x00000000a6c00000, 0x00000000a6c00000| Untracked 
|  81|0x00000000a6d00000, 0x00000000a6d00000, 0x00000000a6e00000|  0%| F|  |TAMS 0x00000000a6d00000, 0x00000000a6d00000| Untracked 
|  82|0x00000000a6e00000, 0x00000000a6e00000, 0x00000000a6f00000|  0%| F|  |TAMS 0x00000000a6e00000, 0x00000000a6e00000| Untracked 
|  83|0x00000000a6f00000, 0x00000000a6f00000, 0x00000000a7000000|  0%| F|  |TAMS 0x00000000a6f00000, 0x00000000a6f00000| Untracked 
|  84|0x00000000a7000000, 0x00000000a7000000, 0x00000000a7100000|  0%| F|  |TAMS 0x00000000a7000000, 0x00000000a7000000| Untracked 
|  85|0x00000000a7100000, 0x00000000a7100000, 0x00000000a7200000|  0%| F|  |TAMS 0x00000000a7100000, 0x00000000a7100000| Untracked 
|  86|0x00000000a7200000, 0x00000000a7200000, 0x00000000a7300000|  0%| F|  |TAMS 0x00000000a7200000, 0x00000000a7200000| Untracked 
|  87|0x00000000a7300000, 0x00000000a7300000, 0x00000000a7400000|  0%| F|  |TAMS 0x00000000a7300000, 0x00000000a7300000| Untracked 
|  88|0x00000000a7400000, 0x00000000a7400000, 0x00000000a7500000|  0%| F|  |TAMS 0x00000000a7400000, 0x00000000a7400000| Untracked 
|  89|0x00000000a7500000, 0x00000000a7500000, 0x00000000a7600000|  0%| F|  |TAMS 0x00000000a7500000, 0x00000000a7500000| Untracked 
|  90|0x00000000a7600000, 0x00000000a7600000, 0x00000000a7700000|  0%| F|  |TAMS 0x00000000a7600000, 0x00000000a7600000| Untracked 
|  91|0x00000000a7700000, 0x00000000a7780800, 0x00000000a7800000| 50%| E|  |TAMS 0x00000000a7700000, 0x00000000a7700000| Complete 
|  92|0x00000000a7800000, 0x00000000a7900000, 0x00000000a7900000|100%| E|CS|TAMS 0x00000000a7800000, 0x00000000a7800000| Complete 
|  93|0x00000000a7900000, 0x00000000a7a00000, 0x00000000a7a00000|100%| E|CS|TAMS 0x00000000a7900000, 0x00000000a7900000| Complete 
|  94|0x00000000a7a00000, 0x00000000a7b00000, 0x00000000a7b00000|100%| E|CS|TAMS 0x00000000a7a00000, 0x00000000a7a00000| Complete 
|  95|0x00000000a7b00000, 0x00000000a7c00000, 0x00000000a7c00000|100%| E|CS|TAMS 0x00000000a7b00000, 0x00000000a7b00000| Complete 
|  96|0x00000000a7c00000, 0x00000000a7d00000, 0x00000000a7d00000|100%| E|CS|TAMS 0x00000000a7c00000, 0x00000000a7c00000| Complete 
|  97|0x00000000a7d00000, 0x00000000a7e00000, 0x00000000a7e00000|100%| E|CS|TAMS 0x00000000a7d00000, 0x00000000a7d00000| Complete 
|  98|0x00000000a7e00000, 0x00000000a7f00000, 0x00000000a7f00000|100%| E|CS|TAMS 0x00000000a7e00000, 0x00000000a7e00000| Complete 
| 119|0x00000000a9300000, 0x00000000a9400000, 0x00000000a9400000|100%| E|CS|TAMS 0x00000000a9300000, 0x00000000a9300000| Complete 

Card table byte_map: [0x000002391e360000,0x000002391e660000] _byte_map_base: 0x000002391de52000

Marking Bits (Prev, Next): (CMBitMap*) 0x0000023905a0c4d0, (CMBitMap*) 0x0000023905a0c490
 Prev Bits: [0x00000239200f0000, 0x0000023921880000)
 Next Bits: [0x000002391e960000, 0x00000239200f0000)

Polling page: 0x0000023905800000

Metaspace:

Usage:
  Non-class:     32.28 MB used.
      Class:      4.32 MB used.
       Both:     36.61 MB used.

Virtual space:
  Non-class space:       64.00 MB reserved,      32.50 MB ( 51%) committed,  1 nodes.
      Class space:        1.00 GB reserved,       4.56 MB ( <1%) committed,  1 nodes.
             Both:        1.06 GB reserved,      37.06 MB (  3%) committed. 

Chunk freelists:
   Non-Class:  15.39 MB
       Class:  11.48 MB
        Both:  26.88 MB

MaxMetaspaceSize: unlimited
CompressedClassSpaceSize: 1.00 GB
Initial GC threshold: 21.00 MB
Current GC threshold: 59.00 MB
CDS: on
MetaspaceReclaimPolicy: balanced
 - commit_granule_bytes: 65536.
 - commit_granule_words: 8192.
 - virtual_space_node_default_size: 8388608.
 - enlarge_chunks_in_place: 1.
 - new_chunks_are_fully_committed: 0.
 - uncommit_free_chunks: 1.
 - use_allocation_guard: 0.
 - handle_deallocations: 1.


Internal statistics:

num_allocs_failed_limit: 6.
num_arena_births: 622.
num_arena_deaths: 2.
num_vsnodes_births: 2.
num_vsnodes_deaths: 0.
num_space_committed: 593.
num_space_uncommitted: 0.
num_chunks_returned_to_freelist: 9.
num_chunks_taken_from_freelist: 1810.
num_chunk_merges: 6.
num_chunk_splits: 1210.
num_chunks_enlarged: 840.
num_inconsistent_stats: 0.

CodeHeap 'non-profiled nmethods': size=120000Kb used=2020Kb max_used=2020Kb free=117979Kb
 bounds [0x0000023916510000, 0x0000023916780000, 0x000002391da40000]
CodeHeap 'profiled nmethods': size=120000Kb used=8703Kb max_used=8703Kb free=111296Kb
 bounds [0x000002390ea40000, 0x000002390f2c0000, 0x0000023915f70000]
CodeHeap 'non-nmethods': size=5760Kb used=1279Kb max_used=1336Kb free=4481Kb
 bounds [0x0000023915f70000, 0x00000239161e0000, 0x0000023916510000]
 total_blobs=5030 nmethods=4432 adapters=510
 compilation: enabled
              stopped_count=0, restarted_count=0
 full_count=0

Compilation events (20 events):
Event: 20.723 Thread 0x0000023923e40200 nmethod 4388 0x0000023916706d90 code [0x0000023916706f20, 0x00000239167072f8]
Event: 20.723 Thread 0x0000023923e40200 4430       4       java.lang.ClassLoader::getClassLoadingLock (35 bytes)
Event: 20.726 Thread 0x0000023923e40200 nmethod 4430 0x0000023916707490 code [0x0000023916707620, 0x0000023916707768]
Event: 20.726 Thread 0x0000023923e40200 4373       4       java.util.HashSet::contains (9 bytes)
Event: 20.727 Thread 0x0000023923e40200 nmethod 4373 0x0000023916707890 code [0x0000023916707a00, 0x0000023916707a98]
Event: 20.856 Thread 0x0000023923e42bd0 4431       3       java.lang.Class::copyConstructors (38 bytes)
Event: 20.857 Thread 0x0000023923e42bd0 nmethod 4431 0x000002390f2b6e90 code [0x000002390f2b7100, 0x000002390f2b7c58]
Event: 20.867 Thread 0x0000023923e40200 4432       4       jdk.internal.org.objectweb.asm.MethodWriter::visitEnd (1 bytes)
Event: 20.868 Thread 0x0000023923e40200 nmethod 4432 0x0000023916707b90 code [0x0000023916707d00, 0x0000023916707d78]
Event: 20.936 Thread 0x0000023923e42bd0 4433       3       jdk.internal.loader.BuiltinClassLoader::definePackage (277 bytes)
Event: 20.942 Thread 0x0000023923e42bd0 nmethod 4433 0x000002390f2b8110 code [0x000002390f2b8780, 0x000002390f2bc7f8]
Event: 21.127 Thread 0x0000023923e40200 4434       4       java.lang.ref.Cleaner::register (25 bytes)
Event: 21.148 Thread 0x0000023923e40200 nmethod 4434 0x0000023916707e90 code [0x0000023916708040, 0x0000023916708b98]
Event: 21.148 Thread 0x0000023923e40200 4435       4       jdk.internal.org.objectweb.asm.MethodWriter::visitCode (1 bytes)
Event: 21.149 Thread 0x0000023923e40200 nmethod 4435 0x0000023916708f90 code [0x0000023916709100, 0x0000023916709178]
Event: 21.250 Thread 0x0000023923e40200 4436   !   4       jdk.internal.loader.BuiltinClassLoader::loadClassOrNull (143 bytes)
Event: 21.459 Thread 0x0000023923e42bd0 4437       3       java.lang.invoke.MethodHandles$Lookup::resolveOrNull (46 bytes)
Event: 21.460 Thread 0x0000023923e42bd0 nmethod 4437 0x000002390f2be090 code [0x000002390f2be320, 0x000002390f2beea8]
Event: 21.460 Thread 0x0000023923e42bd0 4439       3       java.lang.invoke.MethodHandle::bindArgumentL (10 bytes)
Event: 21.461 Thread 0x0000023923e42bd0 nmethod 4439 0x000002390f2bf210 code [0x000002390f2bf400, 0x000002390f2bfa88]

GC Heap History (20 events):
Event: 5.949 GC heap before
{Heap before GC invocations=2 (full 0):
 garbage-first heap   total 98304K, used 30116K [0x00000000a1c00000, 0x0000000100000000)
  region size 1024K, 16 young (16384K), 2 survivors (2048K)
 Metaspace       used 8242K, committed 8576K, reserved 1114112K
  class space    used 912K, committed 1088K, reserved 1048576K
}
Event: 5.960 GC heap after
{Heap after GC invocations=3 (full 0):
 garbage-first heap   total 98304K, used 18164K [0x00000000a1c00000, 0x0000000100000000)
  region size 1024K, 2 young (2048K), 2 survivors (2048K)
 Metaspace       used 8242K, committed 8576K, reserved 1114112K
  class space    used 912K, committed 1088K, reserved 1048576K
}
Event: 6.887 GC heap before
{Heap before GC invocations=3 (full 0):
 garbage-first heap   total 98304K, used 28404K [0x00000000a1c00000, 0x0000000100000000)
  region size 1024K, 14 young (14336K), 2 survivors (2048K)
 Metaspace       used 10696K, committed 10944K, reserved 1114112K
  class space    used 1200K, committed 1344K, reserved 1048576K
}
Event: 6.917 GC heap after
{Heap after GC invocations=4 (full 1):
 garbage-first heap   total 61440K, used 17632K [0x00000000a1c00000, 0x0000000100000000)
  region size 1024K, 0 young (0K), 0 survivors (0K)
 Metaspace       used 10694K, committed 10944K, reserved 1114112K
  class space    used 1199K, committed 1344K, reserved 1048576K
}
Event: 7.953 GC heap before
{Heap before GC invocations=4 (full 1):
 garbage-first heap   total 61440K, used 30944K [0x00000000a1c00000, 0x0000000100000000)
  region size 1024K, 14 young (14336K), 0 survivors (0K)
 Metaspace       used 14015K, committed 14272K, reserved 1114112K
  class space    used 1567K, committed 1664K, reserved 1048576K
}
Event: 7.956 GC heap after
{Heap after GC invocations=5 (full 1):
 garbage-first heap   total 61440K, used 18283K [0x00000000a1c00000, 0x0000000100000000)
  region size 1024K, 1 young (1024K), 1 survivors (1024K)
 Metaspace       used 14015K, committed 14272K, reserved 1114112K
  class space    used 1567K, committed 1664K, reserved 1048576K
}
Event: 9.312 GC heap before
{Heap before GC invocations=5 (full 1):
 garbage-first heap   total 61440K, used 35691K [0x00000000a1c00000, 0x0000000100000000)
  region size 1024K, 18 young (18432K), 1 survivors (1024K)
 Metaspace       used 18422K, committed 18688K, reserved 1114112K
  class space    used 2103K, committed 2240K, reserved 1048576K
}
Event: 9.318 GC heap after
{Heap after GC invocations=6 (full 1):
 garbage-first heap   total 61440K, used 19038K [0x00000000a1c00000, 0x0000000100000000)
  region size 1024K, 2 young (2048K), 2 survivors (2048K)
 Metaspace       used 18422K, committed 18688K, reserved 1114112K
  class space    used 2103K, committed 2240K, reserved 1048576K
}
Event: 10.014 GC heap before
{Heap before GC invocations=6 (full 1):
 garbage-first heap   total 61440K, used 41566K [0x00000000a1c00000, 0x0000000100000000)
  region size 1024K, 24 young (24576K), 2 survivors (2048K)
 Metaspace       used 20751K, committed 21056K, reserved 1114112K
  class space    used 2299K, committed 2432K, reserved 1048576K
}
Event: 10.023 GC heap after
{Heap after GC invocations=7 (full 1):
 garbage-first heap   total 61440K, used 20317K [0x00000000a1c00000, 0x0000000100000000)
  region size 1024K, 3 young (3072K), 3 survivors (3072K)
 Metaspace       used 20751K, committed 21056K, reserved 1114112K
  class space    used 2299K, committed 2432K, reserved 1048576K
}
Event: 10.105 GC heap before
{Heap before GC invocations=7 (full 1):
 garbage-first heap   total 61440K, used 22365K [0x00000000a1c00000, 0x0000000100000000)
  region size 1024K, 6 young (6144K), 3 survivors (3072K)
 Metaspace       used 21237K, committed 21504K, reserved 1114112K
  class space    used 2364K, committed 2496K, reserved 1048576K
}
Event: 10.112 GC heap after
{Heap after GC invocations=8 (full 1):
 garbage-first heap   total 61440K, used 20419K [0x00000000a1c00000, 0x0000000100000000)
  region size 1024K, 2 young (2048K), 2 survivors (2048K)
 Metaspace       used 21237K, committed 21504K, reserved 1114112K
  class space    used 2364K, committed 2496K, reserved 1048576K
}
Event: 10.527 GC heap before
{Heap before GC invocations=9 (full 1):
 garbage-first heap   total 61440K, used 42947K [0x00000000a1c00000, 0x0000000100000000)
  region size 1024K, 25 young (25600K), 2 survivors (2048K)
 Metaspace       used 22396K, committed 22784K, reserved 1114112K
  class space    used 2473K, committed 2688K, reserved 1048576K
}
Event: 10.533 GC heap after
{Heap after GC invocations=10 (full 1):
 garbage-first heap   total 61440K, used 21163K [0x00000000a1c00000, 0x0000000100000000)
  region size 1024K, 3 young (3072K), 3 survivors (3072K)
 Metaspace       used 22396K, committed 22784K, reserved 1114112K
  class space    used 2473K, committed 2688K, reserved 1048576K
}
Event: 10.546 GC heap before
{Heap before GC invocations=10 (full 1):
 garbage-first heap   total 61440K, used 22187K [0x00000000a1c00000, 0x0000000100000000)
  region size 1024K, 4 young (4096K), 3 survivors (3072K)
 Metaspace       used 22420K, committed 22848K, reserved 1114112K
  class space    used 2478K, committed 2688K, reserved 1048576K
}
Event: 10.553 GC heap after
{Heap after GC invocations=11 (full 1):
 garbage-first heap   total 61440K, used 21403K [0x00000000a1c00000, 0x0000000100000000)
  region size 1024K, 1 young (1024K), 1 survivors (1024K)
 Metaspace       used 22420K, committed 22848K, reserved 1114112K
  class space    used 2478K, committed 2688K, reserved 1048576K
}
Event: 12.393 GC heap before
{Heap before GC invocations=11 (full 1):
 garbage-first heap   total 61440K, used 43931K [0x00000000a1c00000, 0x0000000100000000)
  region size 1024K, 24 young (24576K), 1 survivors (1024K)
 Metaspace       used 25018K, committed 25472K, reserved 1114112K
  class space    used 2803K, committed 3008K, reserved 1048576K
}
Event: 12.400 GC heap after
{Heap after GC invocations=12 (full 1):
 garbage-first heap   total 122880K, used 22533K [0x00000000a1c00000, 0x0000000100000000)
  region size 1024K, 2 young (2048K), 2 survivors (2048K)
 Metaspace       used 25018K, committed 25472K, reserved 1114112K
  class space    used 2803K, committed 3008K, reserved 1048576K
}
Event: 20.141 GC heap before
{Heap before GC invocations=12 (full 1):
 garbage-first heap   total 122880K, used 71685K [0x00000000a1c00000, 0x0000000100000000)
  region size 1024K, 51 young (52224K), 2 survivors (2048K)
 Metaspace       used 35623K, committed 36096K, reserved 1114112K
  class space    used 4169K, committed 4416K, reserved 1048576K
}
Event: 20.163 GC heap after
{Heap after GC invocations=13 (full 1):
 garbage-first heap   total 122880K, used 28405K [0x00000000a1c00000, 0x0000000100000000)
  region size 1024K, 8 young (8192K), 8 survivors (8192K)
 Metaspace       used 35623K, committed 36096K, reserved 1114112K
  class space    used 4169K, committed 4416K, reserved 1048576K
}

Deoptimization events (20 events):
Event: 19.766 Thread 0x00000239059c6300 Uncommon trap: trap_request=0xffffffc6 fr.pc=0x00000239166d97cc relative=0x000000000000020c
Event: 19.766 Thread 0x00000239059c6300 Uncommon trap: reason=bimorphic_or_optimized_type_check action=maybe_recompile pc=0x00000239166d97cc method=java.util.regex.Pattern$BmpCharPredicate.lambda$union$2(Ljava/util/regex/Pattern$CharPredicate;I)Z @ 2 c2
Event: 19.766 Thread 0x00000239059c6300 DEOPT PACKING pc=0x00000239166d97cc sp=0x0000004a422fb1b0
Event: 19.766 Thread 0x00000239059c6300 DEOPT UNPACKING pc=0x0000023915fc23a3 sp=0x0000004a422fb0d8 mode 2
Event: 20.527 Thread 0x00000239059c6300 Uncommon trap: trap_request=0xffffff6e fr.pc=0x0000023916547de0 relative=0x0000000000000160
Event: 20.527 Thread 0x00000239059c6300 Uncommon trap: reason=loop_limit_check action=maybe_recompile pc=0x0000023916547de0 method=java.lang.StringLatin1.lastIndexOf([BII)I @ 19 c2
Event: 20.527 Thread 0x00000239059c6300 DEOPT PACKING pc=0x0000023916547de0 sp=0x0000004a422fc490
Event: 20.527 Thread 0x00000239059c6300 DEOPT UNPACKING pc=0x0000023915fc23a3 sp=0x0000004a422fc410 mode 2
Event: 20.571 Thread 0x00000239059c6300 Uncommon trap: trap_request=0xffffffde fr.pc=0x00000239166bdfbc relative=0x000000000000111c
Event: 20.571 Thread 0x00000239059c6300 Uncommon trap: reason=class_check action=maybe_recompile pc=0x00000239166bdfbc method=java.util.TreeMap.compare(Ljava/lang/Object;Ljava/lang/Object;)I @ 26 c2
Event: 20.571 Thread 0x00000239059c6300 DEOPT PACKING pc=0x00000239166bdfbc sp=0x0000004a422fc9c0
Event: 20.571 Thread 0x00000239059c6300 DEOPT UNPACKING pc=0x0000023915fc23a3 sp=0x0000004a422fc818 mode 2
Event: 20.607 Thread 0x00000239059c6300 Uncommon trap: trap_request=0xffffff45 fr.pc=0x00000239166ffdb4 relative=0x0000000000000094
Event: 20.607 Thread 0x00000239059c6300 Uncommon trap: reason=unstable_if action=reinterpret pc=0x00000239166ffdb4 method=java.lang.CharacterDataLatin1.digit(II)I @ 7 c2
Event: 20.613 Thread 0x00000239059c6300 DEOPT PACKING pc=0x00000239166ffdb4 sp=0x0000004a422fc560
Event: 20.613 Thread 0x00000239059c6300 DEOPT UNPACKING pc=0x0000023915fc23a3 sp=0x0000004a422fc4e0 mode 2
Event: 20.645 Thread 0x00000239059c6300 Uncommon trap: trap_request=0xffffff6e fr.pc=0x000002391667464c relative=0x00000000000001ac
Event: 20.645 Thread 0x00000239059c6300 Uncommon trap: reason=loop_limit_check action=maybe_recompile pc=0x000002391667464c method=java.lang.StringLatin1.lastIndexOf([BII)I @ 19 c2
Event: 20.645 Thread 0x00000239059c6300 DEOPT PACKING pc=0x000002391667464c sp=0x0000004a422fc840
Event: 20.645 Thread 0x00000239059c6300 DEOPT UNPACKING pc=0x0000023915fc23a3 sp=0x0000004a422fc6f8 mode 2

Classes unloaded (1 events):
Event: 6.897 Thread 0x0000023923e1f8f0 Unloading class 0x0000023925001c00 'java/lang/invoke/LambdaForm$DMH+0x0000023925001c00'

Classes redefined (0 events):
No events

Internal exceptions (20 events):
Event: 17.429 Thread 0x00000239690cf9a0 Exception <a 'java/net/ConnectException'{0x00000000a708d430}: Connection refused: no further information> (0x00000000a708d430) 
thrown [s\open\src\hotspot\share\prims\jni.cpp, line 535]
Event: 17.429 Thread 0x00000239690cf9a0 Exception <a 'java/net/SocketException'{0x00000000a708d768}: Socket is not connected: shutdown> (0x00000000a708d768) 
thrown [s\open\src\hotspot\share\prims\jni.cpp, line 535]
Event: 17.654 Thread 0x00000239059c6300 Exception <a 'java/lang/NoSuchMethodError'{0x00000000a6f66cd8}: 'double java.lang.invoke.DirectMethodHandle$Holder.invokeVirtual(java.lang.Object, java.lang.Object)'> (0x00000000a6f66cd8) 
thrown [s\open\src\hotspot\share\interpreter\linkResolver.cpp, line 759]
Event: 17.655 Thread 0x00000239059c6300 Exception <a 'java/lang/NoSuchMethodError'{0x00000000a6f6d7e0}: 'float java.lang.invoke.DirectMethodHandle$Holder.invokeVirtual(java.lang.Object, java.lang.Object)'> (0x00000000a6f6d7e0) 
thrown [s\open\src\hotspot\share\interpreter\linkResolver.cpp, line 759]
Event: 17.657 Thread 0x00000239059c6300 Exception <a 'java/lang/NoSuchMethodError'{0x00000000a6f76d10}: 'long java.lang.invoke.DirectMethodHandle$Holder.invokeVirtual(java.lang.Object, java.lang.Object)'> (0x00000000a6f76d10) 
thrown [s\open\src\hotspot\share\interpreter\linkResolver.cpp, line 759]
Event: 17.670 Thread 0x00000239059c6300 Exception <a 'java/lang/NoSuchMethodError'{0x00000000a6fa9520}: 'java.lang.Object java.lang.invoke.DirectMethodHandle$Holder.invokeVirtual(java.lang.Object, java.lang.Object, java.lang.Object)'> (0x00000000a6fa9520) 
thrown [s\open\src\hotspot\share\interpreter\linkResolver.cpp, line 759]
Event: 17.714 Thread 0x00000239059c6300 Exception <a 'java/lang/NoSuchMethodError'{0x00000000a6e81870}: 'java.lang.Object java.lang.invoke.DirectMethodHandle$Holder.newInvokeSpecial(java.lang.Object, java.lang.Object, int, int)'> (0x00000000a6e81870) 
thrown [s\open\src\hotspot\share\interpreter\linkResolver.cpp, line 759]
Event: 17.717 Thread 0x00000239059c6300 Exception <a 'java/lang/NoSuchMethodError'{0x00000000a6e8c868}: 'void java.lang.invoke.DirectMethodHandle$Holder.invokeStatic(java.lang.Object, java.lang.Object, int)'> (0x00000000a6e8c868) 
thrown [s\open\src\hotspot\share\interpreter\linkResolver.cpp, line 759]
Event: 17.831 Thread 0x00000239059c6300 Exception <a 'java/lang/NoSuchMethodError'{0x00000000a6c1ce90}: 'void java.lang.invoke.DirectMethodHandle$Holder.invokeStatic(java.lang.Object, java.lang.Object, java.lang.Object, java.lang.Object, java.lang.Object, java.lang.Object, java.lang.Object)'> (0x00000000a6c1ce90) 
thrown [s\open\src\hotspot\share\interpreter\linkResolver.cpp, line 759]
Event: 19.203 Thread 0x00000239690d1800 Exception <a 'java/lang/NoSuchMethodError'{0x00000000a692dd30}: 'java.lang.Object java.lang.invoke.DirectMethodHandle$Holder.newInvokeSpecial(java.lang.Object, java.lang.Object, long, java.lang.Object, java.lang.Object, java.lang.Object)'> (0x00000000a692dd30) 
thrown [s\open\src\hotspot\share\interpreter\linkResolver.cpp, line 759]
Event: 19.254 Thread 0x00000239059c6300 Exception <a 'java/lang/NoSuchMethodError'{0x00000000a6988250}: 'java.lang.Object java.lang.invoke.DirectMethodHandle$Holder.invokeSpecialIFC(java.lang.Object, java.lang.Object, java.lang.Object)'> (0x00000000a6988250) 
thrown [s\open\src\hotspot\share\interpreter\linkResolver.cpp, line 759]
Event: 19.762 Thread 0x00000239059c6300 Exception <a 'java/lang/ClassNotFoundException'{0x00000000a6462388}: sun/util/logging/resources/spi/loggingProvider> (0x00000000a6462388) 
thrown [s\open\src\hotspot\share\classfile\systemDictionary.cpp, line 256]
Event: 19.912 Thread 0x00000239059c6300 Exception <a 'sun/nio/fs/WindowsException'{0x00000000a630ef20}> (0x00000000a630ef20) 
thrown [s\open\src\hotspot\share\prims\jni.cpp, line 516]
Event: 19.969 Thread 0x00000239059c6300 Exception <a 'java/lang/IncompatibleClassChangeError'{0x00000000a633de90}: Found class java.lang.Object, but interface was expected> (0x00000000a633de90) 
thrown [s\open\src\hotspot\share\interpreter\linkResolver.cpp, line 826]
Event: 19.970 Thread 0x00000239059c6300 Exception <a 'java/lang/IncompatibleClassChangeError'{0x00000000a6340f88}: Found class java.lang.Object, but interface was expected> (0x00000000a6340f88) 
thrown [s\open\src\hotspot\share\interpreter\linkResolver.cpp, line 826]
Event: 19.970 Thread 0x00000239059c6300 Exception <a 'java/lang/IncompatibleClassChangeError'{0x00000000a63440c0}: Found class java.lang.Object, but interface was expected> (0x00000000a63440c0) 
thrown [s\open\src\hotspot\share\interpreter\linkResolver.cpp, line 826]
Event: 19.972 Thread 0x00000239059c6300 Exception <a 'java/lang/IncompatibleClassChangeError'{0x00000000a6347228}: Found class java.lang.Object, but interface was expected> (0x00000000a6347228) 
thrown [s\open\src\hotspot\share\interpreter\linkResolver.cpp, line 826]
Event: 20.466 Thread 0x00000239059c6300 Exception <a 'java/lang/NoSuchMethodError'{0x00000000a7d56e08}: 'void java.lang.invoke.DirectMethodHandle$Holder.invokeVirtual(java.lang.Object, java.lang.Object, java.lang.Object, java.lang.Object)'> (0x00000000a7d56e08) 
thrown [s\open\src\hotspot\share\interpreter\linkResolver.cpp, line 759]
Event: 20.489 Thread 0x00000239059c6300 Exception <a 'java/lang/NoSuchMethodError'{0x00000000a7d8ba58}: 'void java.lang.invoke.DirectMethodHandle$Holder.invokeStatic(java.lang.Object, java.lang.Object, java.lang.Object, int)'> (0x00000000a7d8ba58) 
thrown [s\open\src\hotspot\share\interpreter\linkResolver.cpp, line 759]
Event: 20.489 Thread 0x00000239059c6300 Exception <a 'java/lang/NoSuchMethodError'{0x00000000a7d8f468}: 'void java.lang.invoke.DirectMethodHandle$Holder.invokeStaticInit(java.lang.Object, java.lang.Object, java.lang.Object, int)'> (0x00000000a7d8f468) 
thrown [s\open\src\hotspot\share\interpreter\linkResolver.cpp, line 759]

VM Operations (20 events):
Event: 17.602 Executing VM operation: HandshakeAllThreads
Event: 17.602 Executing VM operation: HandshakeAllThreads done
Event: 17.605 Executing VM operation: HandshakeAllThreads
Event: 17.605 Executing VM operation: HandshakeAllThreads done
Event: 18.606 Executing VM operation: Cleanup
Event: 18.606 Executing VM operation: Cleanup done
Event: 19.181 Executing VM operation: HandshakeAllThreads
Event: 19.181 Executing VM operation: HandshakeAllThreads done
Event: 20.140 Executing VM operation: CollectForMetadataAllocation
Event: 20.163 Executing VM operation: CollectForMetadataAllocation done
Event: 20.212 Executing VM operation: G1Concurrent
Event: 20.219 Executing VM operation: G1Concurrent done
Event: 20.233 Executing VM operation: G1Concurrent
Event: 20.234 Executing VM operation: G1Concurrent done
Event: 20.257 Executing VM operation: HandshakeAllThreads
Event: 20.257 Executing VM operation: HandshakeAllThreads done
Event: 20.259 Executing VM operation: HandshakeAllThreads
Event: 20.259 Executing VM operation: HandshakeAllThreads done
Event: 21.271 Executing VM operation: Cleanup
Event: 21.272 Executing VM operation: Cleanup done

Events (20 events):
Event: 20.507 loading class com/sun/org/apache/xerces/internal/dom/DeferredElementNSImpl
Event: 20.509 loading class com/sun/org/apache/xerces/internal/dom/ElementNSImpl
Event: 20.509 loading class com/sun/org/apache/xerces/internal/dom/ElementNSImpl done
Event: 20.509 loading class com/sun/org/apache/xerces/internal/dom/DeferredElementNSImpl done
Event: 20.510 loading class com/sun/org/apache/xerces/internal/dom/AttributeMap
Event: 20.512 loading class com/sun/org/apache/xerces/internal/dom/NamedNodeMapImpl
Event: 20.513 loading class org/w3c/dom/NamedNodeMap
Event: 20.513 loading class org/w3c/dom/NamedNodeMap done
Event: 20.513 loading class com/sun/org/apache/xerces/internal/dom/NamedNodeMapImpl done
Event: 20.513 loading class com/sun/org/apache/xerces/internal/dom/AttributeMap done
Event: 20.513 loading class com/sun/org/apache/xerces/internal/dom/DeferredAttrNSImpl
Event: 20.514 loading class com/sun/org/apache/xerces/internal/dom/AttrNSImpl
Event: 20.514 loading class com/sun/org/apache/xerces/internal/dom/AttrImpl
Event: 20.515 loading class org/w3c/dom/Attr
Event: 20.515 loading class org/w3c/dom/Attr done
Event: 20.515 loading class com/sun/org/apache/xerces/internal/dom/AttrImpl done
Event: 20.515 loading class com/sun/org/apache/xerces/internal/dom/AttrNSImpl done
Event: 20.515 loading class com/sun/org/apache/xerces/internal/dom/DeferredAttrNSImpl done
Event: 20.835 loading class javax/xml/stream/XMLStreamException
Event: 20.835 loading class javax/xml/stream/XMLStreamException done


Dynamic libraries:
0x00007ff7c8470000 - 0x00007ff7c8480000 	C:\Program Files\Java\jdk-17\bin\java.exe
0x00007ffe0bf70000 - 0x00007ffe0c168000 	C:\WINDOWS\SYSTEM32\ntdll.dll
0x00007ffe0a240000 - 0x00007ffe0a302000 	C:\WINDOWS\System32\KERNEL32.DLL
0x00007ffe09770000 - 0x00007ffe09a6e000 	C:\WINDOWS\System32\KERNELBASE.dll
0x00007ffe09670000 - 0x00007ffe09770000 	C:\WINDOWS\System32\ucrtbase.dll
0x00007ffe05270000 - 0x00007ffe0528b000 	C:\Program Files\Java\jdk-17\bin\VCRUNTIME140.dll
0x00007ffe005b0000 - 0x00007ffe005c9000 	C:\Program Files\Java\jdk-17\bin\jli.dll
0x00007ffe0a0d0000 - 0x00007ffe0a182000 	C:\WINDOWS\System32\ADVAPI32.dll
0x00007ffe0a690000 - 0x00007ffe0a72e000 	C:\WINDOWS\System32\msvcrt.dll
0x00007ffe0bcd0000 - 0x00007ffe0bd70000 	C:\WINDOWS\System32\sechost.dll
0x00007ffe0af80000 - 0x00007ffe0b0a3000 	C:\WINDOWS\System32\RPCRT4.dll
0x00007ffe09640000 - 0x00007ffe09667000 	C:\WINDOWS\System32\bcrypt.dll
0x00007ffe0b6c0000 - 0x00007ffe0b85d000 	C:\WINDOWS\System32\USER32.dll
0x00007ffe09610000 - 0x00007ffe09632000 	C:\WINDOWS\System32\win32u.dll
0x00007ffe0a7b0000 - 0x00007ffe0a7db000 	C:\WINDOWS\System32\GDI32.dll
0x00007ffe09d90000 - 0x00007ffe09ea7000 	C:\WINDOWS\System32\gdi32full.dll
0x00007ffe09cf0000 - 0x00007ffe09d8d000 	C:\WINDOWS\System32\msvcp_win.dll
0x00007ffe01620000 - 0x00007ffe0162a000 	C:\WINDOWS\SYSTEM32\VERSION.dll
0x00007ffdf9960000 - 0x00007ffdf9bfa000 	C:\WINDOWS\WinSxS\amd64_microsoft.windows.common-controls_6595b64144ccf1df_6.0.19041.4355_none_60b8b9eb71f62e16\COMCTL32.dll
0x00007ffe0af50000 - 0x00007ffe0af7f000 	C:\WINDOWS\System32\IMM32.DLL
0x00007ffe06770000 - 0x00007ffe0677c000 	C:\Program Files\Java\jdk-17\bin\vcruntime140_1.dll
0x00007ffdee2d0000 - 0x00007ffdee35e000 	C:\Program Files\Java\jdk-17\bin\msvcp140.dll
0x00007ffd7aac0000 - 0x00007ffd7b6a0000 	C:\Program Files\Java\jdk-17\bin\server\jvm.dll
0x00007ffe09fa0000 - 0x00007ffe09fa8000 	C:\WINDOWS\System32\PSAPI.DLL
0x00007ffdfebb0000 - 0x00007ffdfebd7000 	C:\WINDOWS\SYSTEM32\WINMM.dll
0x00007ffe05260000 - 0x00007ffe05269000 	C:\WINDOWS\SYSTEM32\WSOCK32.dll
0x00007ffe0be60000 - 0x00007ffe0becb000 	C:\WINDOWS\System32\WS2_32.dll
0x00007ffe071a0000 - 0x00007ffe071b2000 	C:\WINDOWS\SYSTEM32\kernel.appcore.dll
0x00007ffe057e0000 - 0x00007ffe057ea000 	C:\Program Files\Java\jdk-17\bin\jimage.dll
0x00007ffe01430000 - 0x00007ffe01614000 	C:\WINDOWS\SYSTEM32\DBGHELP.DLL
0x00007ffdf5480000 - 0x00007ffdf54b4000 	C:\WINDOWS\SYSTEM32\dbgcore.DLL
0x00007ffe09f00000 - 0x00007ffe09f82000 	C:\WINDOWS\System32\bcryptPrimitives.dll
0x00007ffe05780000 - 0x00007ffe0578e000 	C:\Program Files\Java\jdk-17\bin\instrument.dll
0x00007ffdf9cd0000 - 0x00007ffdf9cf5000 	C:\Program Files\Java\jdk-17\bin\java.dll
0x00007ffdd8900000 - 0x00007ffdd89d7000 	C:\Program Files\Java\jdk-17\bin\jsvml.dll
0x00007ffe0a7e0000 - 0x00007ffe0af4f000 	C:\WINDOWS\System32\SHELL32.dll
0x00007ffe073a0000 - 0x00007ffe07b44000 	C:\WINDOWS\SYSTEM32\windows.storage.dll
0x00007ffe0a330000 - 0x00007ffe0a683000 	C:\WINDOWS\System32\combase.dll
0x00007ffe08f70000 - 0x00007ffe08f9e000 	C:\WINDOWS\SYSTEM32\Wldp.dll
0x00007ffe0b1e0000 - 0x00007ffe0b2ad000 	C:\WINDOWS\System32\OLEAUT32.dll
0x00007ffe0a190000 - 0x00007ffe0a23d000 	C:\WINDOWS\System32\SHCORE.dll
0x00007ffe0bed0000 - 0x00007ffe0bf25000 	C:\WINDOWS\System32\shlwapi.dll
0x00007ffe09540000 - 0x00007ffe09564000 	C:\WINDOWS\SYSTEM32\profapi.dll
0x00007ffdf8ea0000 - 0x00007ffdf8eb8000 	C:\Program Files\Java\jdk-17\bin\zip.dll
0x00007ffe00590000 - 0x00007ffe005a9000 	C:\Program Files\Java\jdk-17\bin\net.dll
0x00007ffe08570000 - 0x00007ffe0867d000 	C:\WINDOWS\SYSTEM32\WINHTTP.dll
0x00007ffe08cd0000 - 0x00007ffe08d3a000 	C:\WINDOWS\system32\mswsock.dll
0x00007ffdf9cb0000 - 0x00007ffdf9cc6000 	C:\Program Files\Java\jdk-17\bin\nio.dll
0x00007ffdf8e80000 - 0x00007ffdf8e9a000 	C:\Program Files\JetBrains\IntelliJ IDEA Community Edition 2024.2.4\bin\breakgen64.dll
0x00007ffdf9ca0000 - 0x00007ffdf9cb0000 	C:\Program Files\Java\jdk-17\bin\verify.dll
0x00007ffe08ed0000 - 0x00007ffe08ee8000 	C:\WINDOWS\SYSTEM32\CRYPTSP.dll
0x00007ffe084e0000 - 0x00007ffe08514000 	C:\WINDOWS\system32\rsaenh.dll
0x00007ffe094c0000 - 0x00007ffe094ee000 	C:\WINDOWS\SYSTEM32\USERENV.dll
0x00007ffe08ec0000 - 0x00007ffe08ecc000 	C:\WINDOWS\SYSTEM32\CRYPTBASE.dll
0x00007ffe089b0000 - 0x00007ffe089eb000 	C:\WINDOWS\SYSTEM32\IPHLPAPI.DLL
0x00007ffe0be50000 - 0x00007ffe0be58000 	C:\WINDOWS\System32\NSI.dll
0x00007ffe016e0000 - 0x00007ffe016f7000 	C:\WINDOWS\SYSTEM32\dhcpcsvc6.DLL
0x00007ffe02610000 - 0x00007ffe0262d000 	C:\WINDOWS\SYSTEM32\dhcpcsvc.DLL
0x00007ffe089f0000 - 0x00007ffe08aba000 	C:\WINDOWS\SYSTEM32\DNSAPI.dll
0x00007ffe08840000 - 0x00007ffe08873000 	C:\WINDOWS\SYSTEM32\ntmarta.dll
0x00007ffded300000 - 0x00007ffded317000 	C:\WINDOWS\system32\napinsp.dll
0x00007ffded2e0000 - 0x00007ffded2fb000 	C:\WINDOWS\system32\pnrpnsp.dll
0x00007ffded1e0000 - 0x00007ffded1f5000 	C:\WINDOWS\system32\wshbth.dll
0x00007ffe05670000 - 0x00007ffe0568d000 	C:\WINDOWS\system32\NLAapi.dll
0x00007ffded1c0000 - 0x00007ffded1d2000 	C:\WINDOWS\System32\winrnr.dll
0x00007ffdf8220000 - 0x00007ffdf822a000 	C:\Windows\System32\rasadhlp.dll
0x00007ffdf89b0000 - 0x00007ffdf8a30000 	C:\WINDOWS\System32\fwpuclnt.dll
0x00007ffe056c0000 - 0x00007ffe056ca000 	C:\Program Files\Java\jdk-17\bin\management.dll
0x00007ffe02790000 - 0x00007ffe0279b000 	C:\Program Files\Java\jdk-17\bin\management_ext.dll
0x00007ffdffca0000 - 0x00007ffdffcae000 	C:\Program Files\Java\jdk-17\bin\sunmscapi.dll
0x00007ffe09b90000 - 0x00007ffe09cec000 	C:\WINDOWS\System32\CRYPT32.dll
0x00007ffe08fe0000 - 0x00007ffe09007000 	C:\WINDOWS\SYSTEM32\ncrypt.dll
0x00007ffe08fa0000 - 0x00007ffe08fdb000 	C:\WINDOWS\SYSTEM32\NTASN1.dll
0x00007ffdf9f20000 - 0x00007ffdf9f27000 	C:\WINDOWS\system32\wshunix.dll

dbghelp: loaded successfully - version: 4.0.5 - missing functions: none
symbol engine: initialized successfully - sym options: 0x614 - pdb path: .;C:\Program Files\Java\jdk-17\bin;C:\WINDOWS\SYSTEM32;C:\WINDOWS\WinSxS\amd64_microsoft.windows.common-controls_6595b64144ccf1df_6.0.19041.4355_none_60b8b9eb71f62e16;C:\Program Files\Java\jdk-17\bin\server;C:\Program Files\JetBrains\IntelliJ IDEA Community Edition 2024.2.4\bin

VM Arguments:
jvm_args: -ea -Didea.test.cyclic.buffer.size=1048576 -javaagent:C:\Program Files\JetBrains\IntelliJ IDEA Community Edition 2024.2.4\lib\idea_rt.jar=57490:C:\Program Files\JetBrains\IntelliJ IDEA Community Edition 2024.2.4\bin -Dfile.encoding=UTF-8 
java_command: com.intellij.rt.testng.RemoteTestNGStarter -usedefaultlisteners false -socket57489 @w@C:\Users\SonymonJoseph\AppData\Local\Temp\idea_working_dirs_testng.tmp -temp C:\Users\SonymonJoseph\AppData\Local\Temp\idea_testng.tmp
java_class_path (initial): C:\Program Files\JetBrains\IntelliJ IDEA Community Edition 2024.2.4\lib\idea_rt.jar;C:\Program Files\JetBrains\IntelliJ IDEA Community Edition 2024.2.4\plugins\testng\lib\testng-rt.jar;D:\frameium\Frameium_allure\target\test-classes;D:\frameium\Frameium_allure\target\classes;C:\Users\SonymonJoseph\.m2\repository\org\junit\jupiter\junit-jupiter-api\5.9.1\junit-jupiter-api-5.9.1.jar;C:\Users\SonymonJoseph\.m2\repository\org\opentest4j\opentest4j\1.2.0\opentest4j-1.2.0.jar;C:\Users\SonymonJoseph\.m2\repository\org\junit\platform\junit-platform-commons\1.9.1\junit-platform-commons-1.9.1.jar;C:\Users\SonymonJoseph\.m2\repository\org\apiguardian\apiguardian-api\1.1.2\apiguardian-api-1.1.2.jar;C:\Users\SonymonJoseph\.m2\repository\org\apache\tika\tika-core\1.9\tika-core-1.9.jar;C:\Users\SonymonJoseph\.m2\repository\org\apache\pdfbox\pdfbox\2.0.27\pdfbox-2.0.27.jar;C:\Users\SonymonJoseph\.m2\repository\org\apache\pdfbox\fontbox\2.0.27\fontbox-2.0.27.jar;C:\Users\SonymonJoseph\.m2\repository\commons-logging\commons-logging\1.2\commons-logging-1.2.jar;C:\Users\SonymonJoseph\.m2\repository\com\itextpdf\itextpdf\5.5.9\itextpdf-5.5.9.jar;C:\Users\SonymonJoseph\.m2\repository\org\projectlombok\lombok\1.18.22\lombok-1.18.22.jar;C:\Users\SonymonJoseph\.m2\repository\tech\grasshopper\extentreports-cucumber6-adapter\2.1.0\extentreports-cucumber6-adapter-2.1.0.jar;C:\Users\SonymonJoseph\.m2\repository\com\aventstack\klov-reporter\5.0.1\klov-reporter-5.0.1.jar;C:\Users\SonymonJoseph\.m2\repository\org\mongodb\bson\3.3.0\bson-3.3.0.jar;C:\Users\SonymonJoseph\.m2\repository\org\mongodb\mongodb-driver\3.3.0\mongodb-driver-3.3.0.jar;C:\Users\SonymonJoseph\.m2\repository\org\mongodb\mongodb-driver-core\3.3.0\mongodb-driver-core-3.3.0.jar;C:\Users\SonymonJoseph\.m2\repository\info\cukes\cucumber-java\1.0.2\cucumber-java-1.0.2.jar;C:\Users\SonymonJoseph\.m2\repository\info\cukes\cucumber-core\1.0.2\cucumber-core-1.0.2.jar;C:\Users\SonymonJoseph\.m2\repository\info
Launcher Type: SUN_STANDARD

[Global flags]
     intx CICompilerCount                          = 3                                         {product} {ergonomic}
     uint ConcGCThreads                            = 1                                         {product} {ergonomic}
     uint G1ConcRefinementThreads                  = 4                                         {product} {ergonomic}
   size_t G1HeapRegionSize                         = 1048576                                   {product} {ergonomic}
    uintx GCDrainStackTargetSize                   = 64                                        {product} {ergonomic}
   size_t InitialHeapSize                          = 100663296                                 {product} {ergonomic}
   size_t MarkStackSize                            = 4194304                                   {product} {ergonomic}
   size_t MaxHeapSize                              = 1581252608                                {product} {ergonomic}
   size_t MaxNewSize                               = 947912704                                 {product} {ergonomic}
   size_t MinHeapDeltaBytes                        = 1048576                                   {product} {ergonomic}
   size_t MinHeapSize                              = 8388608                                   {product} {ergonomic}
    uintx NonNMethodCodeHeapSize                   = 5832780                                {pd product} {ergonomic}
    uintx NonProfiledCodeHeapSize                  = 122912730                              {pd product} {ergonomic}
    uintx ProfiledCodeHeapSize                     = 122912730                              {pd product} {ergonomic}
    uintx ReservedCodeCacheSize                    = 251658240                              {pd product} {ergonomic}
     bool SegmentedCodeCache                       = true                                      {product} {ergonomic}
   size_t SoftMaxHeapSize                          = 1581252608                             {manageable} {ergonomic}
     bool UseCompressedClassPointers               = true                           {product lp64_product} {ergonomic}
     bool UseCompressedOops                        = true                           {product lp64_product} {ergonomic}
     bool UseG1GC                                  = true                                      {product} {ergonomic}
     bool UseLargePagesIndividualAllocation        = false                                  {pd product} {ergonomic}

Logging:
Log output configuration:
 #0: stdout all=warning uptime,level,tags
 #1: stderr all=off uptime,level,tags

Environment Variables:
JAVA_HOME=C:\Program Files\Java\jdk-17
PATH=C:\Program Files\Common Files\Oracle\Java\javapath;C:\WINDOWS\system32;C:\WINDOWS;C:\WINDOWS\System32\Wbem;C:\WINDOWS\System32\WindowsPowerShell\v1.0\;C:\WINDOWS\System32\OpenSSH\;C:\Program Files\Java\jdk-17\bin;%JAVA;C:\Program Files\Java\jdk-17\bin;C:\Users\SonymonJoseph\AppData\Local\Microsoft\WindowsApps;
USERNAME=SonymonJoseph
OS=Windows_NT
PROCESSOR_IDENTIFIER=AMD64 Family 23 Model 24 Stepping 1, AuthenticAMD



---------------  S Y S T E M  ---------------

OS:
 Windows 10 , 64 bit Build 19041 (10.0.19041.4957)
OS uptime: 2 days 19:00 hours

CPU: total 4 (initial active 4) (4 cores per cpu, 2 threads per core) family 23 model 24 stepping 1 microcode 0x0, cx8, cmov, fxsr, ht, mmx, 3dnowpref, sse, sse2, sse3, ssse3, sse4a, sse4.1, sse4.2, popcnt, lzcnt, tsc, tscinvbit, avx, avx2, aes, clmul, bmi1, bmi2, adx, sha, fma, vzeroupper, clflush, clflushopt

Memory: 4k page, system-wide physical 6030M (260M free)
TotalPageFile size 24462M (AvailPageFile size 1M)
current process WorkingSet (physical memory assigned to process): 201M, peak: 221M
current process commit charge ("private bytes"): 258M, peak: 297M

vm_info: Java HotSpot(TM) 64-Bit Server VM (17.0.12+8-LTS-286) for windows-amd64 JRE (17.0.12+8-LTS-286), built on Jun  5 2024 06:46:59 by "mach5one" with MS VC++ 17.6 (VS2022)

END.
