#
# There is insufficient memory for the Java Runtime Environment to continue.
# Native memory allocation (malloc) failed to allocate 32744 bytes for ChunkPool::allocate
# Possible reasons:
#   The system is out of physical RAM or swap space
#   The process is running with CompressedOops enabled, and the Java Heap may be blocking the growth of the native heap
# Possible solutions:
#   Reduce memory load on the system
#   Increase physical memory or swap space
#   Check if swap backing store is full
#   Decrease Java heap size (-Xmx/-Xms)
#   Decrease number of Java threads
#   Decrease Java thread stack sizes (-Xss)
#   Set larger code cache with -XX:ReservedCodeCacheSize=
#   JVM is running with Unscaled Compressed Oops mode in which the Java heap is
#     placed in the first 4GB address space. The Java Heap base address is the
#     maximum limit for the native heap growth. Please use -XX:HeapBaseMinAddress
#     to set the Java Heap base and to place the Java Heap above 4GB virtual address.
# This output file may be truncated or incomplete.
#
#  Out of Memory Error (arena.cpp:78), pid=104660, tid=104916
#
# JRE version: Java(TM) SE Runtime Environment (17.0.12+8) (build 17.0.12+8-LTS-286)
# Java VM: Java HotSpot(TM) 64-Bit Server VM (17.0.12+8-LTS-286, mixed mode, tiered, compressed oops, compressed class ptrs, g1 gc, windows-amd64)
# No core dump will be written. Minidumps are not enabled by default on client versions of Windows
#

---------------  S U M M A R Y ------------

Command Line: -ea -Didea.test.cyclic.buffer.size=1048576 -javaagent:C:\Program Files\JetBrains\IntelliJ IDEA Community Edition 2024.2.4\lib\idea_rt.jar=52703:C:\Program Files\JetBrains\IntelliJ IDEA Community Edition 2024.2.4\bin -Dfile.encoding=UTF-8 com.intellij.rt.testng.RemoteTestNGStarter -usedefaultlisteners false -socket52702 @w@C:\Users\SonymonJoseph\AppData\Local\Temp\idea_working_dirs_testng.tmp -temp C:\Users\SonymonJoseph\AppData\Local\Temp\idea_testng.tmp

Host: AMD Ryzen 3 3250U with Radeon Graphics         , 4 cores, 5G,  Windows 10 , 64 bit Build 19041 (10.0.19041.4957)
Time: Wed Nov  6 15:51:20 2024 India Standard Time elapsed time: 0.158179 seconds (0d 0h 0m 0s)

---------------  T H R E A D  ---------------

Current thread (0x000002445b937c30):  JavaThread "C2 CompilerThread0" daemon [_thread_in_native, id=104916, stack(0x0000008565f00000,0x0000008566000000)]


Current CompileTask:
C2:    158   13       4       java.lang.StringLatin1::hashCode (42 bytes)

Stack: [0x0000008565f00000,0x0000008566000000]
Native frames: (J=compiled Java code, j=interpreted, Vv=VM code, C=native code)
V  [jvm.dll+0x67a04a]
V  [jvm.dll+0x7da4ed]
V  [jvm.dll+0x7dbe33]
V  [jvm.dll+0x7dc4a3]
V  [jvm.dll+0x24508f]
V  [jvm.dll+0xab9a4]
V  [jvm.dll+0xabd3c]
V  [jvm.dll+0x2aa52f]
V  [jvm.dll+0x581eb9]
V  [jvm.dll+0x21f422]
V  [jvm.dll+0x21837b]
V  [jvm.dll+0x215b65]
V  [jvm.dll+0x1a2960]
V  [jvm.dll+0x22610b]
V  [jvm.dll+0x2242ab]
V  [jvm.dll+0x79075c]
V  [jvm.dll+0x78abea]
V  [jvm.dll+0x678f35]
C  [ucrtbase.dll+0x21bb2]
C  [KERNEL32.DLL+0x17374]
C  [ntdll.dll+0x4cc91]


---------------  P R O C E S S  ---------------

Threads class SMR info:
_java_thread_list=0x000002445b951600, length=10, elements={
0x000002443f300e70, 0x000002445b84b170, 0x000002445b9339c0, 0x000002445b8e94c0,
0x000002445b8eae90, 0x000002445b8ebff0, 0x000002445b8ee160, 0x000002445b937c30,
0x000002445b938d90, 0x000002445b94ddc0
}

Java Threads: ( => current thread )
  0x000002443f300e70 JavaThread "main" [_thread_in_native, id=92008, stack(0x0000008565200000,0x0000008565300000)]
  0x000002445b84b170 JavaThread "Reference Handler" daemon [_thread_blocked, id=13256, stack(0x0000008565900000,0x0000008565a00000)]
  0x000002445b9339c0 JavaThread "Finalizer" daemon [_thread_blocked, id=104720, stack(0x0000008565a00000,0x0000008565b00000)]
  0x000002445b8e94c0 JavaThread "Signal Dispatcher" daemon [_thread_blocked, id=26504, stack(0x0000008565b00000,0x0000008565c00000)]
  0x000002445b8eae90 JavaThread "Attach Listener" daemon [_thread_blocked, id=23840, stack(0x0000008565c00000,0x0000008565d00000)]
  0x000002445b8ebff0 JavaThread "Service Thread" daemon [_thread_blocked, id=24304, stack(0x0000008565d00000,0x0000008565e00000)]
  0x000002445b8ee160 JavaThread "Monitor Deflation Thread" daemon [_thread_blocked, id=102732, stack(0x0000008565e00000,0x0000008565f00000)]
=>0x000002445b937c30 JavaThread "C2 CompilerThread0" daemon [_thread_in_native, id=104916, stack(0x0000008565f00000,0x0000008566000000)]
  0x000002445b938d90 JavaThread "C1 CompilerThread0" daemon [_thread_blocked, id=93776, stack(0x0000008566000000,0x0000008566100000)]
  0x000002445b94ddc0 JavaThread "Sweeper thread" daemon [_thread_blocked, id=17632, stack(0x0000008566100000,0x0000008566200000)]

Other Threads:
  0x000002445b860530 VMThread "VM Thread" [stack: 0x0000008565800000,0x0000008565900000] [id=95904]
  0x000002443f34ab10 GCTaskThread "GC Thread#0" [stack: 0x0000008565300000,0x0000008565400000] [id=97292]
  0x000002443f3576e0 ConcurrentGCThread "G1 Main Marker" [stack: 0x0000008565400000,0x0000008565500000] [id=101852]
  0x000002443f35a8b0 ConcurrentGCThread "G1 Conc#0" [stack: 0x0000008565500000,0x0000008565600000] [id=23948]
  0x000002443f3ad6a0 ConcurrentGCThread "G1 Refine#0" [stack: 0x0000008565600000,0x0000008565700000] [id=3720]
  0x000002443f3ae0d0 ConcurrentGCThread "G1 Service" [stack: 0x0000008565700000,0x0000008565800000] [id=100400]

Threads with active compile tasks:
C2 CompilerThread0      209   13       4       java.lang.StringLatin1::hashCode (42 bytes)

VM state: not at safepoint (normal execution)

VM Mutex/Monitor currently owned by a thread: None

Heap address: 0x00000000a1c00000, size: 1508 MB, Compressed Oops mode: 32-bit

CDS archive(s) not mapped
Compressed class space mapped at: 0x0000000100000000-0x0000000140000000, reserved size: 1073741824
Narrow klass base: 0x0000000000000000, Narrow klass shift: 3, Narrow klass range: 0x140000000

GC Precious Log:
 CPUs: 4 total, 4 available
 Memory: 6030M
 Large Page Support: Disabled
 NUMA Support: Disabled
 Compressed Oops: Enabled (32-bit)
 Heap Region Size: 1M
 Heap Min Capacity: 8M
 Heap Initial Capacity: 96M
 Heap Max Capacity: 1508M
 Pre-touch: Disabled
 Parallel Workers: 4
 Concurrent Workers: 1
 Concurrent Refinement Workers: 4
 Periodic GC: Disabled

Heap:
 garbage-first heap   total 98304K, used 0K [0x00000000a1c00000, 0x0000000100000000)
  region size 1024K, 1 young (1024K), 0 survivors (0K)
 Metaspace       used 3235K, committed 3264K, reserved 1114112K
  class space    used 243K, committed 256K, reserved 1048576K

Heap Regions: E=young(eden), S=young(survivor), O=old, HS=humongous(starts), HC=humongous(continues), CS=collection set, F=free, OA=open archive, CA=closed archive, TAMS=top-at-mark-start (previous, next)
|   0|0x00000000a1c00000, 0x00000000a1c00000, 0x00000000a1d00000|  0%| F|  |TAMS 0x00000000a1c00000, 0x00000000a1c00000| Untracked 
|   1|0x00000000a1d00000, 0x00000000a1d00000, 0x00000000a1e00000|  0%| F|  |TAMS 0x00000000a1d00000, 0x00000000a1d00000| Untracked 
|   2|0x00000000a1e00000, 0x00000000a1e00000, 0x00000000a1f00000|  0%| F|  |TAMS 0x00000000a1e00000, 0x00000000a1e00000| Untracked 
|   3|0x00000000a1f00000, 0x00000000a1f00000, 0x00000000a2000000|  0%| F|  |TAMS 0x00000000a1f00000, 0x00000000a1f00000| Untracked 
|   4|0x00000000a2000000, 0x00000000a2000000, 0x00000000a2100000|  0%| F|  |TAMS 0x00000000a2000000, 0x00000000a2000000| Untracked 
|   5|0x00000000a2100000, 0x00000000a2100000, 0x00000000a2200000|  0%| F|  |TAMS 0x00000000a2100000, 0x00000000a2100000| Untracked 
|   6|0x00000000a2200000, 0x00000000a2200000, 0x00000000a2300000|  0%| F|  |TAMS 0x00000000a2200000, 0x00000000a2200000| Untracked 
|   7|0x00000000a2300000, 0x00000000a2300000, 0x00000000a2400000|  0%| F|  |TAMS 0x00000000a2300000, 0x00000000a2300000| Untracked 
|   8|0x00000000a2400000, 0x00000000a2400000, 0x00000000a2500000|  0%| F|  |TAMS 0x00000000a2400000, 0x00000000a2400000| Untracked 
|   9|0x00000000a2500000, 0x00000000a2500000, 0x00000000a2600000|  0%| F|  |TAMS 0x00000000a2500000, 0x00000000a2500000| Untracked 
|  10|0x00000000a2600000, 0x00000000a2600000, 0x00000000a2700000|  0%| F|  |TAMS 0x00000000a2600000, 0x00000000a2600000| Untracked 
|  11|0x00000000a2700000, 0x00000000a2700000, 0x00000000a2800000|  0%| F|  |TAMS 0x00000000a2700000, 0x00000000a2700000| Untracked 
|  12|0x00000000a2800000, 0x00000000a2800000, 0x00000000a2900000|  0%| F|  |TAMS 0x00000000a2800000, 0x00000000a2800000| Untracked 
|  13|0x00000000a2900000, 0x00000000a2900000, 0x00000000a2a00000|  0%| F|  |TAMS 0x00000000a2900000, 0x00000000a2900000| Untracked 
|  14|0x00000000a2a00000, 0x00000000a2a00000, 0x00000000a2b00000|  0%| F|  |TAMS 0x00000000a2a00000, 0x00000000a2a00000| Untracked 
|  15|0x00000000a2b00000, 0x00000000a2b00000, 0x00000000a2c00000|  0%| F|  |TAMS 0x00000000a2b00000, 0x00000000a2b00000| Untracked 
|  16|0x00000000a2c00000, 0x00000000a2c00000, 0x00000000a2d00000|  0%| F|  |TAMS 0x00000000a2c00000, 0x00000000a2c00000| Untracked 
|  17|0x00000000a2d00000, 0x00000000a2d00000, 0x00000000a2e00000|  0%| F|  |TAMS 0x00000000a2d00000, 0x00000000a2d00000| Untracked 
|  18|0x00000000a2e00000, 0x00000000a2e00000, 0x00000000a2f00000|  0%| F|  |TAMS 0x00000000a2e00000, 0x00000000a2e00000| Untracked 
|  19|0x00000000a2f00000, 0x00000000a2f00000, 0x00000000a3000000|  0%| F|  |TAMS 0x00000000a2f00000, 0x00000000a2f00000| Untracked 
|  20|0x00000000a3000000, 0x00000000a3000000, 0x00000000a3100000|  0%| F|  |TAMS 0x00000000a3000000, 0x00000000a3000000| Untracked 
|  21|0x00000000a3100000, 0x00000000a3100000, 0x00000000a3200000|  0%| F|  |TAMS 0x00000000a3100000, 0x00000000a3100000| Untracked 
|  22|0x00000000a3200000, 0x00000000a3200000, 0x00000000a3300000|  0%| F|  |TAMS 0x00000000a3200000, 0x00000000a3200000| Untracked 
|  23|0x00000000a3300000, 0x00000000a3300000, 0x00000000a3400000|  0%| F|  |TAMS 0x00000000a3300000, 0x00000000a3300000| Untracked 
|  24|0x00000000a3400000, 0x00000000a3400000, 0x00000000a3500000|  0%| F|  |TAMS 0x00000000a3400000, 0x00000000a3400000| Untracked 
|  25|0x00000000a3500000, 0x00000000a3500000, 0x00000000a3600000|  0%| F|  |TAMS 0x00000000a3500000, 0x00000000a3500000| Untracked 
|  26|0x00000000a3600000, 0x00000000a3600000, 0x00000000a3700000|  0%| F|  |TAMS 0x00000000a3600000, 0x00000000a3600000| Untracked 
|  27|0x00000000a3700000, 0x00000000a3700000, 0x00000000a3800000|  0%| F|  |TAMS 0x00000000a3700000, 0x00000000a3700000| Untracked 
|  28|0x00000000a3800000, 0x00000000a3800000, 0x00000000a3900000|  0%| F|  |TAMS 0x00000000a3800000, 0x00000000a3800000| Untracked 
|  29|0x00000000a3900000, 0x00000000a3900000, 0x00000000a3a00000|  0%| F|  |TAMS 0x00000000a3900000, 0x00000000a3900000| Untracked 
|  30|0x00000000a3a00000, 0x00000000a3a00000, 0x00000000a3b00000|  0%| F|  |TAMS 0x00000000a3a00000, 0x00000000a3a00000| Untracked 
|  31|0x00000000a3b00000, 0x00000000a3b00000, 0x00000000a3c00000|  0%| F|  |TAMS 0x00000000a3b00000, 0x00000000a3b00000| Untracked 
|  32|0x00000000a3c00000, 0x00000000a3c00000, 0x00000000a3d00000|  0%| F|  |TAMS 0x00000000a3c00000, 0x00000000a3c00000| Untracked 
|  33|0x00000000a3d00000, 0x00000000a3d00000, 0x00000000a3e00000|  0%| F|  |TAMS 0x00000000a3d00000, 0x00000000a3d00000| Untracked 
|  34|0x00000000a3e00000, 0x00000000a3e00000, 0x00000000a3f00000|  0%| F|  |TAMS 0x00000000a3e00000, 0x00000000a3e00000| Untracked 
|  35|0x00000000a3f00000, 0x00000000a3f00000, 0x00000000a4000000|  0%| F|  |TAMS 0x00000000a3f00000, 0x00000000a3f00000| Untracked 
|  36|0x00000000a4000000, 0x00000000a4000000, 0x00000000a4100000|  0%| F|  |TAMS 0x00000000a4000000, 0x00000000a4000000| Untracked 
|  37|0x00000000a4100000, 0x00000000a4100000, 0x00000000a4200000|  0%| F|  |TAMS 0x00000000a4100000, 0x00000000a4100000| Untracked 
|  38|0x00000000a4200000, 0x00000000a4200000, 0x00000000a4300000|  0%| F|  |TAMS 0x00000000a4200000, 0x00000000a4200000| Untracked 
|  39|0x00000000a4300000, 0x00000000a4300000, 0x00000000a4400000|  0%| F|  |TAMS 0x00000000a4300000, 0x00000000a4300000| Untracked 
|  40|0x00000000a4400000, 0x00000000a4400000, 0x00000000a4500000|  0%| F|  |TAMS 0x00000000a4400000, 0x00000000a4400000| Untracked 
|  41|0x00000000a4500000, 0x00000000a4500000, 0x00000000a4600000|  0%| F|  |TAMS 0x00000000a4500000, 0x00000000a4500000| Untracked 
|  42|0x00000000a4600000, 0x00000000a4600000, 0x00000000a4700000|  0%| F|  |TAMS 0x00000000a4600000, 0x00000000a4600000| Untracked 
|  43|0x00000000a4700000, 0x00000000a4700000, 0x00000000a4800000|  0%| F|  |TAMS 0x00000000a4700000, 0x00000000a4700000| Untracked 
|  44|0x00000000a4800000, 0x00000000a4800000, 0x00000000a4900000|  0%| F|  |TAMS 0x00000000a4800000, 0x00000000a4800000| Untracked 
|  45|0x00000000a4900000, 0x00000000a4900000, 0x00000000a4a00000|  0%| F|  |TAMS 0x00000000a4900000, 0x00000000a4900000| Untracked 
|  46|0x00000000a4a00000, 0x00000000a4a00000, 0x00000000a4b00000|  0%| F|  |TAMS 0x00000000a4a00000, 0x00000000a4a00000| Untracked 
|  47|0x00000000a4b00000, 0x00000000a4b00000, 0x00000000a4c00000|  0%| F|  |TAMS 0x00000000a4b00000, 0x00000000a4b00000| Untracked 
|  48|0x00000000a4c00000, 0x00000000a4c00000, 0x00000000a4d00000|  0%| F|  |TAMS 0x00000000a4c00000, 0x00000000a4c00000| Untracked 
|  49|0x00000000a4d00000, 0x00000000a4d00000, 0x00000000a4e00000|  0%| F|  |TAMS 0x00000000a4d00000, 0x00000000a4d00000| Untracked 
|  50|0x00000000a4e00000, 0x00000000a4e00000, 0x00000000a4f00000|  0%| F|  |TAMS 0x00000000a4e00000, 0x00000000a4e00000| Untracked 
|  51|0x00000000a4f00000, 0x00000000a4f00000, 0x00000000a5000000|  0%| F|  |TAMS 0x00000000a4f00000, 0x00000000a4f00000| Untracked 
|  52|0x00000000a5000000, 0x00000000a5000000, 0x00000000a5100000|  0%| F|  |TAMS 0x00000000a5000000, 0x00000000a5000000| Untracked 
|  53|0x00000000a5100000, 0x00000000a5100000, 0x00000000a5200000|  0%| F|  |TAMS 0x00000000a5100000, 0x00000000a5100000| Untracked 
|  54|0x00000000a5200000, 0x00000000a5200000, 0x00000000a5300000|  0%| F|  |TAMS 0x00000000a5200000, 0x00000000a5200000| Untracked 
|  55|0x00000000a5300000, 0x00000000a5300000, 0x00000000a5400000|  0%| F|  |TAMS 0x00000000a5300000, 0x00000000a5300000| Untracked 
|  56|0x00000000a5400000, 0x00000000a5400000, 0x00000000a5500000|  0%| F|  |TAMS 0x00000000a5400000, 0x00000000a5400000| Untracked 
|  57|0x00000000a5500000, 0x00000000a5500000, 0x00000000a5600000|  0%| F|  |TAMS 0x00000000a5500000, 0x00000000a5500000| Untracked 
|  58|0x00000000a5600000, 0x00000000a5600000, 0x00000000a5700000|  0%| F|  |TAMS 0x00000000a5600000, 0x00000000a5600000| Untracked 
|  59|0x00000000a5700000, 0x00000000a5700000, 0x00000000a5800000|  0%| F|  |TAMS 0x00000000a5700000, 0x00000000a5700000| Untracked 
|  60|0x00000000a5800000, 0x00000000a5800000, 0x00000000a5900000|  0%| F|  |TAMS 0x00000000a5800000, 0x00000000a5800000| Untracked 
|  61|0x00000000a5900000, 0x00000000a5900000, 0x00000000a5a00000|  0%| F|  |TAMS 0x00000000a5900000, 0x00000000a5900000| Untracked 
|  62|0x00000000a5a00000, 0x00000000a5a00000, 0x00000000a5b00000|  0%| F|  |TAMS 0x00000000a5a00000, 0x00000000a5a00000| Untracked 
|  63|0x00000000a5b00000, 0x00000000a5b00000, 0x00000000a5c00000|  0%| F|  |TAMS 0x00000000a5b00000, 0x00000000a5b00000| Untracked 
|  64|0x00000000a5c00000, 0x00000000a5c00000, 0x00000000a5d00000|  0%| F|  |TAMS 0x00000000a5c00000, 0x00000000a5c00000| Untracked 
|  65|0x00000000a5d00000, 0x00000000a5d00000, 0x00000000a5e00000|  0%| F|  |TAMS 0x00000000a5d00000, 0x00000000a5d00000| Untracked 
|  66|0x00000000a5e00000, 0x00000000a5e00000, 0x00000000a5f00000|  0%| F|  |TAMS 0x00000000a5e00000, 0x00000000a5e00000| Untracked 
|  67|0x00000000a5f00000, 0x00000000a5f00000, 0x00000000a6000000|  0%| F|  |TAMS 0x00000000a5f00000, 0x00000000a5f00000| Untracked 
|  68|0x00000000a6000000, 0x00000000a6000000, 0x00000000a6100000|  0%| F|  |TAMS 0x00000000a6000000, 0x00000000a6000000| Untracked 
|  69|0x00000000a6100000, 0x00000000a6100000, 0x00000000a6200000|  0%| F|  |TAMS 0x00000000a6100000, 0x00000000a6100000| Untracked 
|  70|0x00000000a6200000, 0x00000000a6200000, 0x00000000a6300000|  0%| F|  |TAMS 0x00000000a6200000, 0x00000000a6200000| Untracked 
|  71|0x00000000a6300000, 0x00000000a6300000, 0x00000000a6400000|  0%| F|  |TAMS 0x00000000a6300000, 0x00000000a6300000| Untracked 
|  72|0x00000000a6400000, 0x00000000a6400000, 0x00000000a6500000|  0%| F|  |TAMS 0x00000000a6400000, 0x00000000a6400000| Untracked 
|  73|0x00000000a6500000, 0x00000000a6500000, 0x00000000a6600000|  0%| F|  |TAMS 0x00000000a6500000, 0x00000000a6500000| Untracked 
|  74|0x00000000a6600000, 0x00000000a6600000, 0x00000000a6700000|  0%| F|  |TAMS 0x00000000a6600000, 0x00000000a6600000| Untracked 
|  75|0x00000000a6700000, 0x00000000a6700000, 0x00000000a6800000|  0%| F|  |TAMS 0x00000000a6700000, 0x00000000a6700000| Untracked 
|  76|0x00000000a6800000, 0x00000000a6800000, 0x00000000a6900000|  0%| F|  |TAMS 0x00000000a6800000, 0x00000000a6800000| Untracked 
|  77|0x00000000a6900000, 0x00000000a6900000, 0x00000000a6a00000|  0%| F|  |TAMS 0x00000000a6900000, 0x00000000a6900000| Untracked 
|  78|0x00000000a6a00000, 0x00000000a6a00000, 0x00000000a6b00000|  0%| F|  |TAMS 0x00000000a6a00000, 0x00000000a6a00000| Untracked 
|  79|0x00000000a6b00000, 0x00000000a6b00000, 0x00000000a6c00000|  0%| F|  |TAMS 0x00000000a6b00000, 0x00000000a6b00000| Untracked 
|  80|0x00000000a6c00000, 0x00000000a6c00000, 0x00000000a6d00000|  0%| F|  |TAMS 0x00000000a6c00000, 0x00000000a6c00000| Untracked 
|  81|0x00000000a6d00000, 0x00000000a6d00000, 0x00000000a6e00000|  0%| F|  |TAMS 0x00000000a6d00000, 0x00000000a6d00000| Untracked 
|  82|0x00000000a6e00000, 0x00000000a6e00000, 0x00000000a6f00000|  0%| F|  |TAMS 0x00000000a6e00000, 0x00000000a6e00000| Untracked 
|  83|0x00000000a6f00000, 0x00000000a6f00000, 0x00000000a7000000|  0%| F|  |TAMS 0x00000000a6f00000, 0x00000000a6f00000| Untracked 
|  84|0x00000000a7000000, 0x00000000a7000000, 0x00000000a7100000|  0%| F|  |TAMS 0x00000000a7000000, 0x00000000a7000000| Untracked 
|  85|0x00000000a7100000, 0x00000000a7100000, 0x00000000a7200000|  0%| F|  |TAMS 0x00000000a7100000, 0x00000000a7100000| Untracked 
|  86|0x00000000a7200000, 0x00000000a7200000, 0x00000000a7300000|  0%| F|  |TAMS 0x00000000a7200000, 0x00000000a7200000| Untracked 
|  87|0x00000000a7300000, 0x00000000a7300000, 0x00000000a7400000|  0%| F|  |TAMS 0x00000000a7300000, 0x00000000a7300000| Untracked 
|  88|0x00000000a7400000, 0x00000000a7400000, 0x00000000a7500000|  0%| F|  |TAMS 0x00000000a7400000, 0x00000000a7400000| Untracked 
|  89|0x00000000a7500000, 0x00000000a7500000, 0x00000000a7600000|  0%| F|  |TAMS 0x00000000a7500000, 0x00000000a7500000| Untracked 
|  90|0x00000000a7600000, 0x00000000a7600000, 0x00000000a7700000|  0%| F|  |TAMS 0x00000000a7600000, 0x00000000a7600000| Untracked 
|  91|0x00000000a7700000, 0x00000000a7700000, 0x00000000a7800000|  0%| F|  |TAMS 0x00000000a7700000, 0x00000000a7700000| Untracked 
|  92|0x00000000a7800000, 0x00000000a7800000, 0x00000000a7900000|  0%| F|  |TAMS 0x00000000a7800000, 0x00000000a7800000| Untracked 
|  93|0x00000000a7900000, 0x00000000a7900000, 0x00000000a7a00000|  0%| F|  |TAMS 0x00000000a7900000, 0x00000000a7900000| Untracked 
|  94|0x00000000a7a00000, 0x00000000a7a00000, 0x00000000a7b00000|  0%| F|  |TAMS 0x00000000a7a00000, 0x00000000a7a00000| Untracked 
|  95|0x00000000a7b00000, 0x00000000a7bc7c20, 0x00000000a7c00000| 78%| E|  |TAMS 0x00000000a7b00000, 0x00000000a7b00000| Complete 

Card table byte_map: [0x0000024455ea0000,0x00000244561a0000] _byte_map_base: 0x0000024455992000

Marking Bits (Prev, Next): (CMBitMap*) 0x000002443f34b130, (CMBitMap*) 0x000002443f34b170
 Prev Bits: [0x00000244564a0000, 0x0000024457c30000)
 Next Bits: [0x0000024457c30000, 0x00000244593c0000)

Polling page: 0x000002443d270000

Metaspace:

Usage:
  Non-class:      2.92 MB used.
      Class:    243.17 KB used.
       Both:      3.16 MB used.

Virtual space:
  Non-class space:       64.00 MB reserved,       2.94 MB (  5%) committed,  1 nodes.
      Class space:        1.00 GB reserved,     256.00 KB ( <1%) committed,  1 nodes.
             Both:        1.06 GB reserved,       3.19 MB ( <1%) committed. 

Chunk freelists:
   Non-Class:  12.00 MB
       Class:  15.75 MB
        Both:  27.75 MB

MaxMetaspaceSize: unlimited
CompressedClassSpaceSize: 1.00 GB
Initial GC threshold: 21.00 MB
Current GC threshold: 21.00 MB
CDS: off
MetaspaceReclaimPolicy: balanced
 - commit_granule_bytes: 65536.
 - commit_granule_words: 8192.
 - virtual_space_node_default_size: 8388608.
 - enlarge_chunks_in_place: 1.
 - new_chunks_are_fully_committed: 0.
 - uncommit_free_chunks: 1.
 - use_allocation_guard: 0.
 - handle_deallocations: 1.


Internal statistics:

num_allocs_failed_limit: 0.
num_arena_births: 2.
num_arena_deaths: 0.
num_vsnodes_births: 2.
num_vsnodes_deaths: 0.
num_space_committed: 51.
num_space_uncommitted: 0.
num_chunks_returned_to_freelist: 0.
num_chunks_taken_from_freelist: 3.
num_chunk_merges: 0.
num_chunk_splits: 2.
num_chunks_enlarged: 0.
num_inconsistent_stats: 0.

CodeHeap 'non-profiled nmethods': size=120000Kb used=2Kb max_used=2Kb free=119997Kb
 bounds [0x000002444e670000, 0x000002444e8e0000, 0x0000024455ba0000]
CodeHeap 'profiled nmethods': size=120000Kb used=33Kb max_used=33Kb free=119966Kb
 bounds [0x0000024446ba0000, 0x0000024446e10000, 0x000002444e0d0000]
CodeHeap 'non-nmethods': size=5760Kb used=1029Kb max_used=1029Kb free=4730Kb
 bounds [0x000002444e0d0000, 0x000002444e340000, 0x000002444e670000]
 total_blobs=311 nmethods=28 adapters=196
 compilation: enabled
              stopped_count=0, restarted_count=0
 full_count=0

Compilation events (20 events):
Event: 0.145 Thread 0x000002445b938d90 nmethod 4 0x0000024446ba0e10 code [0x0000024446ba0fa0, 0x0000024446ba1138]
Event: 0.145 Thread 0x000002445b938d90    5       3       java.util.ImmutableCollections$SetN::probe (56 bytes)
Event: 0.145 Thread 0x000002445b938d90 nmethod 5 0x0000024446ba1210 code [0x0000024446ba1400, 0x0000024446ba1958]
Event: 0.147 Thread 0x000002445b938d90    6       3       java.util.ImmutableCollections$SetN::hashCode (46 bytes)
Event: 0.147 Thread 0x000002445b938d90 nmethod 6 0x0000024446ba1b90 code [0x0000024446ba1d40, 0x0000024446ba2028]
Event: 0.147 Thread 0x000002445b938d90    8       3       java.lang.StringLatin1::equals (36 bytes)
Event: 0.148 Thread 0x000002445b938d90 nmethod 8 0x0000024446ba2190 code [0x0000024446ba2340, 0x0000024446ba25f8]
Event: 0.148 Thread 0x000002445b938d90    7       3       java.lang.String::equals (56 bytes)
Event: 0.148 Thread 0x000002445b938d90 nmethod 7 0x0000024446ba2710 code [0x0000024446ba28e0, 0x0000024446ba2d48]
Event: 0.148 Thread 0x000002445b938d90    9       3       java.util.Objects::equals (23 bytes)
Event: 0.148 Thread 0x000002445b938d90 nmethod 9 0x0000024446ba2e10 code [0x0000024446ba2fc0, 0x0000024446ba3228]
Event: 0.148 Thread 0x000002445b938d90   10       3       java.util.Set::of (4 bytes)
Event: 0.148 Thread 0x000002445b938d90 nmethod 10 0x0000024446ba3310 code [0x0000024446ba34a0, 0x0000024446ba3598]
Event: 0.148 Thread 0x000002445b938d90   11       3       java.lang.module.ModuleDescriptor$Exports::<init> (20 bytes)
Event: 0.149 Thread 0x000002445b938d90 nmethod 11 0x0000024446ba3610 code [0x0000024446ba37c0, 0x0000024446ba3a38]
Event: 0.149 Thread 0x000002445b938d90   12       3       java.lang.module.ModuleDescriptor$Exports::hashCode (38 bytes)
Event: 0.149 Thread 0x000002445b937c30   13       4       java.lang.StringLatin1::hashCode (42 bytes)
Event: 0.149 Thread 0x000002445b938d90 nmethod 12 0x0000024446ba3b10 code [0x0000024446ba3ce0, 0x0000024446ba3fe8]
Event: 0.149 Thread 0x000002445b938d90   14       3       java.util.Objects::requireNonNull (14 bytes)
Event: 0.149 Thread 0x000002445b938d90 nmethod 14 0x0000024446ba4110 code [0x0000024446ba42c0, 0x0000024446ba44a8]

GC Heap History (0 events):
No events

Deoptimization events (0 events):
No events

Classes unloaded (0 events):
No events

Classes redefined (0 events):
No events

Internal exceptions (0 events):
No events

VM Operations (0 events):
No events

Events (20 events):
Event: 0.142 loading class jdk/internal/module/Builder
Event: 0.142 loading class jdk/internal/module/Builder done
Event: 0.143 loading class java/lang/module/ModuleDescriptor$Requires
Event: 0.143 loading class java/lang/module/ModuleDescriptor$Requires done
Event: 0.143 loading class java/lang/module/ModuleDescriptor$Exports
Event: 0.143 loading class java/lang/module/ModuleDescriptor$Exports done
Event: 0.144 loading class java/lang/module/ModuleDescriptor$Opens
Event: 0.144 loading class java/lang/module/ModuleDescriptor$Opens done
Event: 0.144 loading class java/lang/module/ModuleDescriptor$Provides
Event: 0.145 loading class java/lang/module/ModuleDescriptor$Provides done
Event: 0.145 loading class java/util/ImmutableCollections$List12
Event: 0.145 loading class java/util/ImmutableCollections$List12 done
Event: 0.146 loading class java/lang/module/ModuleDescriptor$Version
Event: 0.146 loading class java/lang/module/ModuleDescriptor$Version done
Event: 0.146 loading class java/lang/module/ModuleDescriptor$Modifier
Event: 0.146 loading class java/lang/Enum
Event: 0.146 loading class java/lang/Enum done
Event: 0.146 loading class java/lang/module/ModuleDescriptor$Modifier done
Event: 0.146 loading class java/lang/module/ModuleDescriptor$Requires$Modifier
Event: 0.146 loading class java/lang/module/ModuleDescriptor$Requires$Modifier done


Dynamic libraries:
0x00007ff6b23c0000 - 0x00007ff6b23d0000 	C:\Program Files\Java\jdk-17\bin\java.exe
0x00007ffe0bf70000 - 0x00007ffe0c168000 	C:\WINDOWS\SYSTEM32\ntdll.dll
0x00007ffe0a240000 - 0x00007ffe0a302000 	C:\WINDOWS\System32\KERNEL32.DLL
0x00007ffe09770000 - 0x00007ffe09a6e000 	C:\WINDOWS\System32\KERNELBASE.dll
0x00007ffe09670000 - 0x00007ffe09770000 	C:\WINDOWS\System32\ucrtbase.dll
0x00007ffe05270000 - 0x00007ffe0528b000 	C:\Program Files\Java\jdk-17\bin\VCRUNTIME140.dll
0x00007ffe027a0000 - 0x00007ffe027b9000 	C:\Program Files\Java\jdk-17\bin\jli.dll
0x00007ffe0a0d0000 - 0x00007ffe0a182000 	C:\WINDOWS\System32\ADVAPI32.dll
0x00007ffe0a690000 - 0x00007ffe0a72e000 	C:\WINDOWS\System32\msvcrt.dll
0x00007ffe0bcd0000 - 0x00007ffe0bd70000 	C:\WINDOWS\System32\sechost.dll
0x00007ffe0af80000 - 0x00007ffe0b0a3000 	C:\WINDOWS\System32\RPCRT4.dll
0x00007ffe09640000 - 0x00007ffe09667000 	C:\WINDOWS\System32\bcrypt.dll
0x00007ffe0b6c0000 - 0x00007ffe0b85d000 	C:\WINDOWS\System32\USER32.dll
0x00007ffe09610000 - 0x00007ffe09632000 	C:\WINDOWS\System32\win32u.dll
0x00007ffdf9960000 - 0x00007ffdf9bfa000 	C:\WINDOWS\WinSxS\amd64_microsoft.windows.common-controls_6595b64144ccf1df_6.0.19041.4355_none_60b8b9eb71f62e16\COMCTL32.dll
0x00007ffe0a7b0000 - 0x00007ffe0a7db000 	C:\WINDOWS\System32\GDI32.dll
0x00007ffe09d90000 - 0x00007ffe09ea7000 	C:\WINDOWS\System32\gdi32full.dll
0x00007ffe09cf0000 - 0x00007ffe09d8d000 	C:\WINDOWS\System32\msvcp_win.dll
0x00007ffe01620000 - 0x00007ffe0162a000 	C:\WINDOWS\SYSTEM32\VERSION.dll
0x00007ffe0af50000 - 0x00007ffe0af7f000 	C:\WINDOWS\System32\IMM32.DLL
0x00007ffe067a0000 - 0x00007ffe067ac000 	C:\Program Files\Java\jdk-17\bin\vcruntime140_1.dll
0x00007ffdee2d0000 - 0x00007ffdee35e000 	C:\Program Files\Java\jdk-17\bin\msvcp140.dll
0x00007ffd5da70000 - 0x00007ffd5e650000 	C:\Program Files\Java\jdk-17\bin\server\jvm.dll
0x00007ffe09fa0000 - 0x00007ffe09fa8000 	C:\WINDOWS\System32\PSAPI.DLL
0x00007ffe05260000 - 0x00007ffe05269000 	C:\WINDOWS\SYSTEM32\WSOCK32.dll
0x00007ffdfebb0000 - 0x00007ffdfebd7000 	C:\WINDOWS\SYSTEM32\WINMM.dll
0x00007ffe0be60000 - 0x00007ffe0becb000 	C:\WINDOWS\System32\WS2_32.dll
0x00007ffe071a0000 - 0x00007ffe071b2000 	C:\WINDOWS\SYSTEM32\kernel.appcore.dll
0x00007ffe06770000 - 0x00007ffe0677a000 	C:\Program Files\Java\jdk-17\bin\jimage.dll
0x00007ffe01430000 - 0x00007ffe01614000 	C:\WINDOWS\SYSTEM32\DBGHELP.DLL
0x00007ffdf5480000 - 0x00007ffdf54b4000 	C:\WINDOWS\SYSTEM32\dbgcore.DLL
0x00007ffe09f00000 - 0x00007ffe09f82000 	C:\WINDOWS\System32\bcryptPrimitives.dll
0x00007ffdff050000 - 0x00007ffdff05e000 	C:\Program Files\Java\jdk-17\bin\instrument.dll
0x00007ffdf8570000 - 0x00007ffdf8595000 	C:\Program Files\Java\jdk-17\bin\java.dll
0x00007ffdd84f0000 - 0x00007ffdd85c7000 	C:\Program Files\Java\jdk-17\bin\jsvml.dll
0x00007ffe0a7e0000 - 0x00007ffe0af4f000 	C:\WINDOWS\System32\SHELL32.dll
0x00007ffe073a0000 - 0x00007ffe07b44000 	C:\WINDOWS\SYSTEM32\windows.storage.dll
0x00007ffe0a330000 - 0x00007ffe0a683000 	C:\WINDOWS\System32\combase.dll
0x00007ffe08f70000 - 0x00007ffe08f9e000 	C:\WINDOWS\SYSTEM32\Wldp.dll
0x00007ffe0b1e0000 - 0x00007ffe0b2ad000 	C:\WINDOWS\System32\OLEAUT32.dll
0x00007ffe0a190000 - 0x00007ffe0a23d000 	C:\WINDOWS\System32\SHCORE.dll
0x00007ffe0bed0000 - 0x00007ffe0bf25000 	C:\WINDOWS\System32\shlwapi.dll
0x00007ffe09540000 - 0x00007ffe09564000 	C:\WINDOWS\SYSTEM32\profapi.dll

dbghelp: loaded successfully - version: 4.0.5 - missing functions: none
symbol engine: initialized successfully - sym options: 0x614 - pdb path: .;C:\Program Files\Java\jdk-17\bin;C:\WINDOWS\SYSTEM32;C:\WINDOWS\WinSxS\amd64_microsoft.windows.common-controls_6595b64144ccf1df_6.0.19041.4355_none_60b8b9eb71f62e16;C:\Program Files\Java\jdk-17\bin\server

VM Arguments:
jvm_args: -ea -Didea.test.cyclic.buffer.size=1048576 -javaagent:C:\Program Files\JetBrains\IntelliJ IDEA Community Edition 2024.2.4\lib\idea_rt.jar=52703:C:\Program Files\JetBrains\IntelliJ IDEA Community Edition 2024.2.4\bin -Dfile.encoding=UTF-8 
java_command: com.intellij.rt.testng.RemoteTestNGStarter -usedefaultlisteners false -socket52702 @w@C:\Users\SonymonJoseph\AppData\Local\Temp\idea_working_dirs_testng.tmp -temp C:\Users\SonymonJoseph\AppData\Local\Temp\idea_testng.tmp
java_class_path (initial): C:\Program Files\JetBrains\IntelliJ IDEA Community Edition 2024.2.4\lib\idea_rt.jar;C:\Program Files\JetBrains\IntelliJ IDEA Community Edition 2024.2.4\plugins\testng\lib\testng-rt.jar;D:\frameium\Frameium_allure\target\test-classes;D:\frameium\Frameium_allure\target\classes;C:\Users\SonymonJoseph\.m2\repository\org\junit\jupiter\junit-jupiter-api\5.9.1\junit-jupiter-api-5.9.1.jar;C:\Users\SonymonJoseph\.m2\repository\org\opentest4j\opentest4j\1.2.0\opentest4j-1.2.0.jar;C:\Users\SonymonJoseph\.m2\repository\org\junit\platform\junit-platform-commons\1.9.1\junit-platform-commons-1.9.1.jar;C:\Users\SonymonJoseph\.m2\repository\org\apiguardian\apiguardian-api\1.1.2\apiguardian-api-1.1.2.jar;C:\Users\SonymonJoseph\.m2\repository\org\apache\tika\tika-core\1.9\tika-core-1.9.jar;C:\Users\SonymonJoseph\.m2\repository\org\apache\pdfbox\pdfbox\2.0.27\pdfbox-2.0.27.jar;C:\Users\SonymonJoseph\.m2\repository\org\apache\pdfbox\fontbox\2.0.27\fontbox-2.0.27.jar;C:\Users\SonymonJoseph\.m2\repository\commons-logging\commons-logging\1.2\commons-logging-1.2.jar;C:\Users\SonymonJoseph\.m2\repository\com\itextpdf\itextpdf\5.5.9\itextpdf-5.5.9.jar;C:\Users\SonymonJoseph\.m2\repository\org\projectlombok\lombok\1.18.22\lombok-1.18.22.jar;C:\Users\SonymonJoseph\.m2\repository\tech\grasshopper\extentreports-cucumber6-adapter\2.1.0\extentreports-cucumber6-adapter-2.1.0.jar;C:\Users\SonymonJoseph\.m2\repository\com\aventstack\klov-reporter\5.0.1\klov-reporter-5.0.1.jar;C:\Users\SonymonJoseph\.m2\repository\org\mongodb\bson\3.3.0\bson-3.3.0.jar;C:\Users\SonymonJoseph\.m2\repository\org\mongodb\mongodb-driver\3.3.0\mongodb-driver-3.3.0.jar;C:\Users\SonymonJoseph\.m2\repository\org\mongodb\mongodb-driver-core\3.3.0\mongodb-driver-core-3.3.0.jar;C:\Users\SonymonJoseph\.m2\repository\info\cukes\cucumber-java\1.0.2\cucumber-java-1.0.2.jar;C:\Users\SonymonJoseph\.m2\repository\info\cukes\cucumber-core\1.0.2\cucumber-core-1.0.2.jar;C:\Users\SonymonJoseph\.m2\repository\info
Launcher Type: SUN_STANDARD

[Global flags]
     intx CICompilerCount                          = 3                                         {product} {ergonomic}
     uint ConcGCThreads                            = 1                                         {product} {ergonomic}
     uint G1ConcRefinementThreads                  = 4                                         {product} {ergonomic}
   size_t G1HeapRegionSize                         = 1048576                                   {product} {ergonomic}
    uintx GCDrainStackTargetSize                   = 64                                        {product} {ergonomic}
   size_t InitialHeapSize                          = 100663296                                 {product} {ergonomic}
   size_t MarkStackSize                            = 4194304                                   {product} {ergonomic}
   size_t MaxHeapSize                              = 1581252608                                {product} {ergonomic}
   size_t MaxNewSize                               = 947912704                                 {product} {ergonomic}
   size_t MinHeapDeltaBytes                        = 1048576                                   {product} {ergonomic}
   size_t MinHeapSize                              = 8388608                                   {product} {ergonomic}
    uintx NonNMethodCodeHeapSize                   = 5832780                                {pd product} {ergonomic}
    uintx NonProfiledCodeHeapSize                  = 122912730                              {pd product} {ergonomic}
    uintx ProfiledCodeHeapSize                     = 122912730                              {pd product} {ergonomic}
    uintx ReservedCodeCacheSize                    = 251658240                              {pd product} {ergonomic}
     bool SegmentedCodeCache                       = true                                      {product} {ergonomic}
   size_t SoftMaxHeapSize                          = 1581252608                             {manageable} {ergonomic}
     bool UseCompressedClassPointers               = true                           {product lp64_product} {ergonomic}
     bool UseCompressedOops                        = true                           {product lp64_product} {ergonomic}
     bool UseG1GC                                  = true                                      {product} {ergonomic}
     bool UseLargePagesIndividualAllocation        = false                                  {pd product} {ergonomic}

Logging:
Log output configuration:
 #0: stdout all=warning uptime,level,tags
 #1: stderr all=off uptime,level,tags

Environment Variables:
JAVA_HOME=C:\Program Files\Java\jdk-17
PATH=C:\Program Files\Common Files\Oracle\Java\javapath;C:\WINDOWS\system32;C:\WINDOWS;C:\WINDOWS\System32\Wbem;C:\WINDOWS\System32\WindowsPowerShell\v1.0\;C:\WINDOWS\System32\OpenSSH\;C:\Program Files\Java\jdk-17\bin;%JAVA;C:\Program Files\Java\jdk-17\bin;C:\Users\SonymonJoseph\AppData\Local\Microsoft\WindowsApps;
USERNAME=SonymonJoseph
OS=Windows_NT
PROCESSOR_IDENTIFIER=AMD64 Family 23 Model 24 Stepping 1, AuthenticAMD



---------------  S Y S T E M  ---------------

OS:
 Windows 10 , 64 bit Build 19041 (10.0.19041.4957)
OS uptime: 2 days 2:07 hours

CPU: total 4 (initial active 4) (4 cores per cpu, 2 threads per core) family 23 model 24 stepping 1 microcode 0x0, cx8, cmov, fxsr, ht, mmx, 3dnowpref, sse, sse2, sse3, ssse3, sse4a, sse4.1, sse4.2, popcnt, lzcnt, tsc, tscinvbit, avx, avx2, aes, clmul, bmi1, bmi2, adx, sha, fma, vzeroupper, clflush, clflushopt

Memory: 4k page, system-wide physical 6030M (189M free)
TotalPageFile size 24462M (AvailPageFile size 0M)
current process WorkingSet (physical memory assigned to process): 24M, peak: 24M
current process commit charge ("private bytes"): 159M, peak: 159M

vm_info: Java HotSpot(TM) 64-Bit Server VM (17.0.12+8-LTS-286) for windows-amd64 JRE (17.0.12+8-LTS-286), built on Jun  5 2024 06:46:59 by "mach5one" with MS VC++ 17.6 (VS2022)

END.
