#
# There is insufficient memory for the Java Runtime Environment to continue.
# Native memory allocation (mmap) failed to map 100663296 bytes for G1 virtual space
# Possible reasons:
#   The system is out of physical RAM or swap space
#   The process is running with CompressedOops enabled, and the Java Heap may be blocking the growth of the native heap
# Possible solutions:
#   Reduce memory load on the system
#   Increase physical memory or swap space
#   Check if swap backing store is full
#   Decrease Java heap size (-Xmx/-Xms)
#   Decrease number of Java threads
#   Decrease Java thread stack sizes (-Xss)
#   Set larger code cache with -XX:ReservedCodeCacheSize=
#   JVM is running with Unscaled Compressed Oops mode in which the Java heap is
#     placed in the first 4GB address space. The Java Heap base address is the
#     maximum limit for the native heap growth. Please use -XX:HeapBaseMinAddress
#     to set the Java Heap base and to place the Java Heap above 4GB virtual address.
# This output file may be truncated or incomplete.
#
#  Out of Memory Error (os_windows.cpp:3548), pid=24212, tid=54360
#
# JRE version:  (17.0.12+8) (build )
# Java VM: Java HotSpot(TM) 64-Bit Server VM (17.0.12+8-LTS-286, mixed mode, sharing, tiered, compressed oops, compressed class ptrs, g1 gc, windows-amd64)
# No core dump will be written. Minidumps are not enabled by default on client versions of Windows
#

---------------  S U M M A R Y ------------

Command Line: -Dmaven.home=EMBEDDED -Dclassworlds.conf=C:\Users\SonymonJoseph\eclipse-workspace\.metadata\.plugins\org.eclipse.m2e.launching\launches\m2conf3347616846367335741.tmp -Dmaven.multiModuleProjectDirectory=D:\frameium\Frameium_allure -Dm2e.build.project.data.socket.port=50776 -Dfile.encoding=UTF-8 -Dstdout.encoding=UTF-8 -Dstderr.encoding=UTF-8 -XX:+ShowCodeDetailsInExceptionMessages org.codehaus.plexus.classworlds.launcher.Launcher -B -Dstyle.color=always

Host: AMD Ryzen 3 3250U with Radeon Graphics         , 4 cores, 5G,  Windows 10 , 64 bit Build 19041 (10.0.19041.4957)
Time: Thu Nov  7 11:16:49 2024 India Standard Time elapsed time: 0.186250 seconds (0d 0h 0m 0s)

---------------  T H R E A D  ---------------

Current thread (0x0000017207b740e0):  JavaThread "Unknown thread" [_thread_in_vm, id=54360, stack(0x00000034bf500000,0x00000034bf600000)]

Stack: [0x00000034bf500000,0x00000034bf600000]
Native frames: (J=compiled Java code, j=interpreted, Vv=VM code, C=native code)
V  [jvm.dll+0x67a04a]
V  [jvm.dll+0x7da4ed]
V  [jvm.dll+0x7dbe33]
V  [jvm.dll+0x7dc4a3]
V  [jvm.dll+0x24508f]
V  [jvm.dll+0x677089]
V  [jvm.dll+0x66bd32]
V  [jvm.dll+0x301fa6]
V  [jvm.dll+0x309546]
V  [jvm.dll+0x359d2e]
V  [jvm.dll+0x359f5f]
V  [jvm.dll+0x2d9078]
V  [jvm.dll+0x2d9fe4]
V  [jvm.dll+0x7aca21]
V  [jvm.dll+0x367591]
V  [jvm.dll+0x78b999]
V  [jvm.dll+0x3ec83f]
V  [jvm.dll+0x3ee471]
C  [jli.dll+0x5297]
C  [ucrtbase.dll+0x21bb2]
C  [KERNEL32.DLL+0x17374]
C  [ntdll.dll+0x4cc91]


---------------  P R O C E S S  ---------------

Threads class SMR info:
_java_thread_list=0x00007ffdcafe7a18, length=0, elements={
}

Java Threads: ( => current thread )

Other Threads:
  0x0000017207bc1e10 GCTaskThread "GC Thread#0" [stack: 0x00000034bf600000,0x00000034bf700000] [id=58620]
  0x0000017207bcf090 ConcurrentGCThread "G1 Main Marker" [stack: 0x00000034bf700000,0x00000034bf800000] [id=59376]
  0x0000017207bcf9b0 ConcurrentGCThread "G1 Conc#0" [stack: 0x00000034bf800000,0x00000034bf900000] [id=42860]

[error occurred during error reporting (printing all threads), id 0xc0000005, EXCEPTION_ACCESS_VIOLATION (0xc0000005) at pc=0x00007ffdca819b67]

VM state: not at safepoint (not fully initialized)

VM Mutex/Monitor currently owned by a thread:  ([mutex/lock_event])
[0x0000017207b703c0] Heap_lock - owner thread: 0x0000017207b740e0

Heap address: 0x00000000a1c00000, size: 1508 MB, Compressed Oops mode: 32-bit

CDS archive(s) mapped at: [0x0000000000000000-0x0000000000000000-0x0000000000000000), size 0, SharedBaseAddress: 0x0000000800000000, ArchiveRelocationMode: 1.
Narrow klass base: 0x0000000000000000, Narrow klass shift: 0, Narrow klass range: 0x0

GC Precious Log:
<Empty>

Heap:
 garbage-first heap   total 0K, used 0K [0x00000000a1c00000, 0x0000000100000000)
  region size 1024K, 0 young (0K), 0 survivors (0K)

[error occurred during error reporting (printing heap information), id 0xc0000005, EXCEPTION_ACCESS_VIOLATION (0xc0000005) at pc=0x00007ffdcac03859]

GC Heap History (0 events):
No events

Deoptimization events (0 events):
No events

Classes unloaded (0 events):
No events

Classes redefined (0 events):
No events

Internal exceptions (0 events):
No events

VM Operations (0 events):
No events

Events (1 events):
Event: 0.087 Loaded shared library C:\Program Files\Java\jdk-17\bin\java.dll


Dynamic libraries:
0x00007ff631670000 - 0x00007ff631680000 	C:\Program Files\Java\jdk-17\bin\javaw.exe
0x00007ffe0bf70000 - 0x00007ffe0c168000 	C:\WINDOWS\SYSTEM32\ntdll.dll
0x00007ffe0a240000 - 0x00007ffe0a302000 	C:\WINDOWS\System32\KERNEL32.DLL
0x00007ffe09770000 - 0x00007ffe09a6e000 	C:\WINDOWS\System32\KERNELBASE.dll
0x00007ffe09670000 - 0x00007ffe09770000 	C:\WINDOWS\System32\ucrtbase.dll
0x00007ffdf9f30000 - 0x00007ffdf9f49000 	C:\Program Files\Java\jdk-17\bin\jli.dll
0x00007ffdf9f00000 - 0x00007ffdf9f1b000 	C:\Program Files\Java\jdk-17\bin\VCRUNTIME140.dll
0x00007ffe0a0d0000 - 0x00007ffe0a182000 	C:\WINDOWS\System32\ADVAPI32.dll
0x00007ffe0a690000 - 0x00007ffe0a72e000 	C:\WINDOWS\System32\msvcrt.dll
0x00007ffe0bcd0000 - 0x00007ffe0bd70000 	C:\WINDOWS\System32\sechost.dll
0x00007ffe0af80000 - 0x00007ffe0b0a3000 	C:\WINDOWS\System32\RPCRT4.dll
0x00007ffe09640000 - 0x00007ffe09667000 	C:\WINDOWS\System32\bcrypt.dll
0x00007ffe0b6c0000 - 0x00007ffe0b85d000 	C:\WINDOWS\System32\USER32.dll
0x00007ffe09610000 - 0x00007ffe09632000 	C:\WINDOWS\System32\win32u.dll
0x00007ffdf9960000 - 0x00007ffdf9bfa000 	C:\WINDOWS\WinSxS\amd64_microsoft.windows.common-controls_6595b64144ccf1df_6.0.19041.4355_none_60b8b9eb71f62e16\COMCTL32.dll
0x00007ffe0a7b0000 - 0x00007ffe0a7db000 	C:\WINDOWS\System32\GDI32.dll
0x00007ffe09d90000 - 0x00007ffe09ea7000 	C:\WINDOWS\System32\gdi32full.dll
0x00007ffe09cf0000 - 0x00007ffe09d8d000 	C:\WINDOWS\System32\msvcp_win.dll
0x00007ffe01620000 - 0x00007ffe0162a000 	C:\WINDOWS\SYSTEM32\VERSION.dll
0x00007ffe0af50000 - 0x00007ffe0af7f000 	C:\WINDOWS\System32\IMM32.DLL
0x00007ffe00640000 - 0x00007ffe0064c000 	C:\Program Files\Java\jdk-17\bin\vcruntime140_1.dll
0x00007ffdd8a70000 - 0x00007ffdd8afe000 	C:\Program Files\Java\jdk-17\bin\msvcp140.dll
0x00007ffdca530000 - 0x00007ffdcb110000 	C:\Program Files\Java\jdk-17\bin\server\jvm.dll
0x00007ffdfebb0000 - 0x00007ffdfebd7000 	C:\WINDOWS\SYSTEM32\WINMM.dll
0x00007ffe09fa0000 - 0x00007ffe09fa8000 	C:\WINDOWS\System32\PSAPI.DLL
0x00007ffe05260000 - 0x00007ffe05269000 	C:\WINDOWS\SYSTEM32\WSOCK32.dll
0x00007ffe0be60000 - 0x00007ffe0becb000 	C:\WINDOWS\System32\WS2_32.dll
0x00007ffe071a0000 - 0x00007ffe071b2000 	C:\WINDOWS\SYSTEM32\kernel.appcore.dll
0x00007ffdff050000 - 0x00007ffdff05a000 	C:\Program Files\Java\jdk-17\bin\jimage.dll
0x00007ffe01430000 - 0x00007ffe01614000 	C:\WINDOWS\SYSTEM32\DBGHELP.DLL
0x00007ffdf5480000 - 0x00007ffdf54b4000 	C:\WINDOWS\SYSTEM32\dbgcore.DLL
0x00007ffe09f00000 - 0x00007ffe09f82000 	C:\WINDOWS\System32\bcryptPrimitives.dll
0x00007ffdf8540000 - 0x00007ffdf8565000 	C:\Program Files\Java\jdk-17\bin\java.dll

dbghelp: loaded successfully - version: 4.0.5 - missing functions: none
symbol engine: initialized successfully - sym options: 0x614 - pdb path: .;C:\Program Files\Java\jdk-17\bin;C:\WINDOWS\SYSTEM32;C:\WINDOWS\WinSxS\amd64_microsoft.windows.common-controls_6595b64144ccf1df_6.0.19041.4355_none_60b8b9eb71f62e16;C:\Program Files\Java\jdk-17\bin\server

VM Arguments:
jvm_args: -Dmaven.home=EMBEDDED -Dclassworlds.conf=C:\Users\SonymonJoseph\eclipse-workspace\.metadata\.plugins\org.eclipse.m2e.launching\launches\m2conf3347616846367335741.tmp -Dmaven.multiModuleProjectDirectory=D:\frameium\Frameium_allure -Dm2e.build.project.data.socket.port=50776 -Dfile.encoding=UTF-8 -Dstdout.encoding=UTF-8 -Dstderr.encoding=UTF-8 -XX:+ShowCodeDetailsInExceptionMessages 
java_command: org.codehaus.plexus.classworlds.launcher.Launcher -B -Dstyle.color=always
java_class_path (initial): C:\Users\SonymonJoseph\.p2\pool\plugins\org.eclipse.m2e.maven.runtime_3.9.900.20240824-1409\jars\plexus-classworlds-2.8.0.jar
Launcher Type: SUN_STANDARD

[Global flags]
     intx CICompilerCount                          = 3                                         {product} {ergonomic}
     uint ConcGCThreads                            = 1                                         {product} {ergonomic}
     uint G1ConcRefinementThreads                  = 4                                         {product} {ergonomic}
   size_t G1HeapRegionSize                         = 1048576                                   {product} {ergonomic}
    uintx GCDrainStackTargetSize                   = 64                                        {product} {ergonomic}
   size_t InitialHeapSize                          = 100663296                                 {product} {ergonomic}
   size_t MarkStackSize                            = 4194304                                   {product} {ergonomic}
   size_t MaxHeapSize                              = 1581252608                                {product} {ergonomic}
   size_t MinHeapDeltaBytes                        = 1048576                                   {product} {ergonomic}
   size_t MinHeapSize                              = 8388608                                   {product} {ergonomic}
    uintx NonNMethodCodeHeapSize                   = 5832780                                {pd product} {ergonomic}
    uintx NonProfiledCodeHeapSize                  = 122912730                              {pd product} {ergonomic}
    uintx ProfiledCodeHeapSize                     = 122912730                              {pd product} {ergonomic}
    uintx ReservedCodeCacheSize                    = 251658240                              {pd product} {ergonomic}
     bool SegmentedCodeCache                       = true                                      {product} {ergonomic}
     bool ShowCodeDetailsInExceptionMessages       = true                                   {manageable} {command line}
   size_t SoftMaxHeapSize                          = 1581252608                             {manageable} {ergonomic}
     bool UseCompressedClassPointers               = true                           {product lp64_product} {ergonomic}
     bool UseCompressedOops                        = true                           {product lp64_product} {ergonomic}
     bool UseG1GC                                  = true                                      {product} {ergonomic}
     bool UseLargePagesIndividualAllocation        = false                                  {pd product} {ergonomic}

Logging:
Log output configuration:
 #0: stdout all=warning uptime,level,tags
 #1: stderr all=off uptime,level,tags

Environment Variables:
JAVA_HOME=C:\Program Files\Java\jdk-17
PATH=C:/Users/SonymonJoseph/.p2/pool/plugins/org.eclipse.justj.openjdk.hotspot.jre.full.win32.x86_64_23.0.1.v20241024-1700/jre/bin/server;C:/Users/SonymonJoseph/.p2/pool/plugins/org.eclipse.justj.openjdk.hotspot.jre.full.win32.x86_64_23.0.1.v20241024-1700/jre/bin;C:\Program Files\Common Files\Oracle\Java\javapath;C:\WINDOWS\system32;C:\WINDOWS;C:\WINDOWS\System32\Wbem;C:\WINDOWS\System32\WindowsPowerShell\v1.0\;C:\WINDOWS\System32\OpenSSH\;C:\Program Files\Java\jdk-17\bin;%JAVA;C:\Program Files\Java\jdk-17\bin;C:\Users\SonymonJoseph\AppData\Local\Microsoft\WindowsApps;;C:\Users\SonymonJoseph\OneDrive - Testhouse Limited\Desktop;
USERNAME=SonymonJoseph
OS=Windows_NT
PROCESSOR_IDENTIFIER=AMD64 Family 23 Model 24 Stepping 1, AuthenticAMD



---------------  S Y S T E M  ---------------

OS:
 Windows 10 , 64 bit Build 19041 (10.0.19041.4957)
OS uptime: 2 days 21:33 hours

CPU: total 4 (initial active 4) (4 cores per cpu, 2 threads per core) family 23 model 24 stepping 1 microcode 0x0, cx8, cmov, fxsr, ht, mmx, 3dnowpref, sse, sse2, sse3, ssse3, sse4a, sse4.1, sse4.2, popcnt, lzcnt, tsc, tscinvbit, avx, avx2, aes, clmul, bmi1, bmi2, adx, sha, fma, vzeroupper, clflush, clflushopt

Memory: 4k page, system-wide physical 6030M (191M free)
TotalPageFile size 24462M (AvailPageFile size 66M)
current process WorkingSet (physical memory assigned to process): 11M, peak: 11M
current process commit charge ("private bytes"): 51M, peak: 147M

vm_info: Java HotSpot(TM) 64-Bit Server VM (17.0.12+8-LTS-286) for windows-amd64 JRE (17.0.12+8-LTS-286), built on Jun  5 2024 06:46:59 by "mach5one" with MS VC++ 17.6 (VS2022)

END.
