#
# There is insufficient memory for the Java Runtime Environment to continue.
# Native memory allocation (malloc) failed to allocate 1814256 bytes for Chunk::new
# Possible reasons:
#   The system is out of physical RAM or swap space
#   The process is running with CompressedOops enabled, and the Java Heap may be blocking the growth of the native heap
# Possible solutions:
#   Reduce memory load on the system
#   Increase physical memory or swap space
#   Check if swap backing store is full
#   Decrease Java heap size (-Xmx/-Xms)
#   Decrease number of Java threads
#   Decrease Java thread stack sizes (-Xss)
#   Set larger code cache with -XX:ReservedCodeCacheSize=
#   JVM is running with Unscaled Compressed Oops mode in which the Java heap is
#     placed in the first 4GB address space. The Java Heap base address is the
#     maximum limit for the native heap growth. Please use -XX:HeapBaseMinAddress
#     to set the Java Heap base and to place the Java Heap above 4GB virtual address.
# This output file may be truncated or incomplete.
#
#  Out of Memory Error (./open/src/hotspot/share/memory/arena.cpp:197), pid=77612, tid=80116
#
# JRE version: Java(TM) SE Runtime Environment 18.9 (11.0.15+8) (build 11.0.15+8-LTS-149)
# Java VM: Java HotSpot(TM) 64-Bit Server VM 18.9 (11.0.15+8-LTS-149, mixed mode, tiered, compressed oops, g1 gc, windows-amd64)
# No core dump will be written. Minidumps are not enabled by default on client versions of Windows
#

---------------  S U M M A R Y ------------

Command Line: io.qameta.allure.CommandLine generate D:\frameium\Frameium_allure\allure-results --clean -o D:\frameium\Frameium_allure\allure-report-generate

Host: AMD Ryzen 3 3250U with Radeon Graphics         , 4 cores, 5G,  Windows 10 , 64 bit Build 19041 (10.0.19041.4842)
Time: Wed Oct  9 11:32:09 2024 India Standard Time elapsed time: 6.142151 seconds (0d 0h 0m 6s)

---------------  T H R E A D  ---------------

Current thread (0x000001f55c93b800):  JavaThread "C2 CompilerThread0" daemon [_thread_in_native, id=80116, stack(0x0000001888f00000,0x0000001889000000)]


Current CompileTask:
C2:   6142 1686   !   4       com.sun.org.apache.xerces.internal.impl.XMLDocumentFragmentScannerImpl$FragmentContentDriver::next (2329 bytes)

Stack: [0x0000001888f00000,0x0000001889000000]
Native frames: (J=compiled Java code, j=interpreted, Vv=VM code, C=native code)
V  [jvm.dll+0x629d8a]
V  [jvm.dll+0x7638ff]
V  [jvm.dll+0x764fa9]
V  [jvm.dll+0x765633]
V  [jvm.dll+0x23d9c8]
V  [jvm.dll+0xb2a1c]
V  [jvm.dll+0xb2fdc]
V  [jvm.dll+0x341047]
V  [jvm.dll+0x30e9b3]
V  [jvm.dll+0x30dcfa]
V  [jvm.dll+0x1f8565]
V  [jvm.dll+0x1f774d]
V  [jvm.dll+0x177c51]
V  [jvm.dll+0x207026]
V  [jvm.dll+0x2051bb]
V  [jvm.dll+0x729820]
V  [jvm.dll+0x7223f4]
V  [jvm.dll+0x628c26]
C  [ucrtbase.dll+0x21bb2]
C  [KERNEL32.DLL+0x17374]
C  [ntdll.dll+0x4cc91]


---------------  P R O C E S S  ---------------

Threads class SMR info:
_java_thread_list=0x000001f55d3da0f0, length=10, elements={
0x000001f53e618800, 0x000001f55c90c000, 0x000001f55c917000, 0x000001f55c928800,
0x000001f55c92b000, 0x000001f55c92c000, 0x000001f55c93b800, 0x000001f55c947800,
0x000001f55c948800, 0x000001f55d3ea000
}

Java Threads: ( => current thread )
  0x000001f53e618800 JavaThread "main" [_thread_in_vm_trans, id=31700, stack(0x0000001888300000,0x0000001888400000)]
  0x000001f55c90c000 JavaThread "Reference Handler" daemon [_thread_blocked, id=89584, stack(0x0000001888a00000,0x0000001888b00000)]
  0x000001f55c917000 JavaThread "Finalizer" daemon [_thread_blocked, id=87128, stack(0x0000001888b00000,0x0000001888c00000)]
  0x000001f55c928800 JavaThread "Signal Dispatcher" daemon [_thread_blocked, id=43024, stack(0x0000001888c00000,0x0000001888d00000)]
  0x000001f55c92b000 JavaThread "Attach Listener" daemon [_thread_blocked, id=37008, stack(0x0000001888d00000,0x0000001888e00000)]
  0x000001f55c92c000 JavaThread "Service Thread" daemon [_thread_blocked, id=84636, stack(0x0000001888e00000,0x0000001888f00000)]
=>0x000001f55c93b800 JavaThread "C2 CompilerThread0" daemon [_thread_in_native, id=80116, stack(0x0000001888f00000,0x0000001889000000)]
  0x000001f55c947800 JavaThread "C1 CompilerThread0" daemon [_thread_in_native, id=78788, stack(0x0000001889000000,0x0000001889100000)]
  0x000001f55c948800 JavaThread "Sweeper thread" daemon [_thread_blocked, id=89916, stack(0x0000001889100000,0x0000001889200000)]
  0x000001f55d3ea000 JavaThread "Common-Cleaner" daemon [_thread_blocked, id=83168, stack(0x0000001889300000,0x0000001889400000)]

Other Threads:
  0x000001f55c8ce800 VMThread "VM Thread" [stack: 0x0000001888900000,0x0000001888a00000] [id=56104]
  0x000001f55d3f2000 WatcherThread [stack: 0x0000001889200000,0x0000001889300000] [id=80504]
  0x000001f53e630000 GCTaskThread "GC Thread#0" [stack: 0x0000001888400000,0x0000001888500000] [id=87668]
  0x000001f55da8c000 GCTaskThread "GC Thread#1" [stack: 0x0000001889400000,0x0000001889500000] [id=31368]
  0x000001f53e655800 ConcurrentGCThread "G1 Main Marker" [stack: 0x0000001888500000,0x0000001888600000] [id=88796]
  0x000001f53e658000 ConcurrentGCThread "G1 Conc#0" [stack: 0x0000001888600000,0x0000001888700000] [id=79348]
  0x000001f53e6cd800 ConcurrentGCThread "G1 Refine#0" [stack: 0x0000001888700000,0x0000001888800000] [id=70248]
  0x000001f53e6ce800 ConcurrentGCThread "G1 Young RemSet Sampling" [stack: 0x0000001888800000,0x0000001888900000] [id=88572]

Threads with active compile tasks:
C2 CompilerThread0   6206 1686   !   4       com.sun.org.apache.xerces.internal.impl.XMLDocumentFragmentScannerImpl$FragmentContentDriver::next (2329 bytes)
C1 CompilerThread0   6206 1855       3       jdk.internal.org.objectweb.asm.MethodWriter::put (1602 bytes)

VM state:not at safepoint (normal execution)

VM Mutex/Monitor currently owned by a thread: None

Heap address: 0x00000000a1c00000, size: 1508 MB, Compressed Oops mode: 32-bit
Narrow klass base: 0x0000000000000000, Narrow klass shift: 3
Compressed class space size: 1073741824 Address: 0x0000000100000000

Heap:
 garbage-first heap   total 98304K, used 22359K [0x00000000a1c00000, 0x0000000100000000)
  region size 1024K, 20 young (20480K), 1 survivors (1024K)
 Metaspace       used 19744K, capacity 20448K, committed 20608K, reserved 1067008K
  class space    used 2016K, capacity 2149K, committed 2176K, reserved 1048576K
Heap Regions: E=young(eden), S=young(survivor), O=old, HS=humongous(starts), HC=humongous(continues), CS=collection set, F=free, A=archive, TAMS=top-at-mark-start (previous, next)
|   0|0x00000000a1c00000, 0x00000000a1d00000, 0x00000000a1d00000|100%| O|  |TAMS 0x00000000a1c00000, 0x00000000a1c00000| Untracked 
|   1|0x00000000a1d00000, 0x00000000a1e00000, 0x00000000a1e00000|100%| O|  |TAMS 0x00000000a1d00000, 0x00000000a1d00000| Untracked 
|   2|0x00000000a1e00000, 0x00000000a1f00000, 0x00000000a1f00000|100%| O|  |TAMS 0x00000000a1e00000, 0x00000000a1e00000| Untracked 
|   3|0x00000000a1f00000, 0x00000000a1f00000, 0x00000000a2000000|  0%| F|  |TAMS 0x00000000a1f00000, 0x00000000a1f00000| Untracked 
|   4|0x00000000a2000000, 0x00000000a2000000, 0x00000000a2100000|  0%| F|  |TAMS 0x00000000a2000000, 0x00000000a2000000| Untracked 
|   5|0x00000000a2100000, 0x00000000a2100000, 0x00000000a2200000|  0%| F|  |TAMS 0x00000000a2100000, 0x00000000a2100000| Untracked 
|   6|0x00000000a2200000, 0x00000000a2200000, 0x00000000a2300000|  0%| F|  |TAMS 0x00000000a2200000, 0x00000000a2200000| Untracked 
|   7|0x00000000a2300000, 0x00000000a2300000, 0x00000000a2400000|  0%| F|  |TAMS 0x00000000a2300000, 0x00000000a2300000| Untracked 
|   8|0x00000000a2400000, 0x00000000a2400000, 0x00000000a2500000|  0%| F|  |TAMS 0x00000000a2400000, 0x00000000a2400000| Untracked 
|   9|0x00000000a2500000, 0x00000000a2500000, 0x00000000a2600000|  0%| F|  |TAMS 0x00000000a2500000, 0x00000000a2500000| Untracked 
|  10|0x00000000a2600000, 0x00000000a2600000, 0x00000000a2700000|  0%| F|  |TAMS 0x00000000a2600000, 0x00000000a2600000| Untracked 
|  11|0x00000000a2700000, 0x00000000a2700000, 0x00000000a2800000|  0%| F|  |TAMS 0x00000000a2700000, 0x00000000a2700000| Untracked 
|  12|0x00000000a2800000, 0x00000000a2800000, 0x00000000a2900000|  0%| F|  |TAMS 0x00000000a2800000, 0x00000000a2800000| Untracked 
|  13|0x00000000a2900000, 0x00000000a2900000, 0x00000000a2a00000|  0%| F|  |TAMS 0x00000000a2900000, 0x00000000a2900000| Untracked 
|  14|0x00000000a2a00000, 0x00000000a2a00000, 0x00000000a2b00000|  0%| F|  |TAMS 0x00000000a2a00000, 0x00000000a2a00000| Untracked 
|  15|0x00000000a2b00000, 0x00000000a2b00000, 0x00000000a2c00000|  0%| F|  |TAMS 0x00000000a2b00000, 0x00000000a2b00000| Untracked 
|  16|0x00000000a2c00000, 0x00000000a2c00000, 0x00000000a2d00000|  0%| F|  |TAMS 0x00000000a2c00000, 0x00000000a2c00000| Untracked 
|  17|0x00000000a2d00000, 0x00000000a2d00000, 0x00000000a2e00000|  0%| F|  |TAMS 0x00000000a2d00000, 0x00000000a2d00000| Untracked 
|  18|0x00000000a2e00000, 0x00000000a2e00000, 0x00000000a2f00000|  0%| F|  |TAMS 0x00000000a2e00000, 0x00000000a2e00000| Untracked 
|  19|0x00000000a2f00000, 0x00000000a2f00000, 0x00000000a3000000|  0%| F|  |TAMS 0x00000000a2f00000, 0x00000000a2f00000| Untracked 
|  20|0x00000000a3000000, 0x00000000a3000000, 0x00000000a3100000|  0%| F|  |TAMS 0x00000000a3000000, 0x00000000a3000000| Untracked 
|  21|0x00000000a3100000, 0x00000000a3100000, 0x00000000a3200000|  0%| F|  |TAMS 0x00000000a3100000, 0x00000000a3100000| Untracked 
|  22|0x00000000a3200000, 0x00000000a3200000, 0x00000000a3300000|  0%| F|  |TAMS 0x00000000a3200000, 0x00000000a3200000| Untracked 
|  23|0x00000000a3300000, 0x00000000a3300000, 0x00000000a3400000|  0%| F|  |TAMS 0x00000000a3300000, 0x00000000a3300000| Untracked 
|  24|0x00000000a3400000, 0x00000000a3400000, 0x00000000a3500000|  0%| F|  |TAMS 0x00000000a3400000, 0x00000000a3400000| Untracked 
|  25|0x00000000a3500000, 0x00000000a3500000, 0x00000000a3600000|  0%| F|  |TAMS 0x00000000a3500000, 0x00000000a3500000| Untracked 
|  26|0x00000000a3600000, 0x00000000a3600000, 0x00000000a3700000|  0%| F|  |TAMS 0x00000000a3600000, 0x00000000a3600000| Untracked 
|  27|0x00000000a3700000, 0x00000000a3700000, 0x00000000a3800000|  0%| F|  |TAMS 0x00000000a3700000, 0x00000000a3700000| Untracked 
|  28|0x00000000a3800000, 0x00000000a3800000, 0x00000000a3900000|  0%| F|  |TAMS 0x00000000a3800000, 0x00000000a3800000| Untracked 
|  29|0x00000000a3900000, 0x00000000a3900000, 0x00000000a3a00000|  0%| F|  |TAMS 0x00000000a3900000, 0x00000000a3900000| Untracked 
|  30|0x00000000a3a00000, 0x00000000a3a00000, 0x00000000a3b00000|  0%| F|  |TAMS 0x00000000a3a00000, 0x00000000a3a00000| Untracked 
|  31|0x00000000a3b00000, 0x00000000a3b00000, 0x00000000a3c00000|  0%| F|  |TAMS 0x00000000a3b00000, 0x00000000a3b00000| Untracked 
|  32|0x00000000a3c00000, 0x00000000a3c00000, 0x00000000a3d00000|  0%| F|  |TAMS 0x00000000a3c00000, 0x00000000a3c00000| Untracked 
|  33|0x00000000a3d00000, 0x00000000a3d00000, 0x00000000a3e00000|  0%| F|  |TAMS 0x00000000a3d00000, 0x00000000a3d00000| Untracked 
|  34|0x00000000a3e00000, 0x00000000a3e00000, 0x00000000a3f00000|  0%| F|  |TAMS 0x00000000a3e00000, 0x00000000a3e00000| Untracked 
|  35|0x00000000a3f00000, 0x00000000a3f00000, 0x00000000a4000000|  0%| F|  |TAMS 0x00000000a3f00000, 0x00000000a3f00000| Untracked 
|  36|0x00000000a4000000, 0x00000000a4000000, 0x00000000a4100000|  0%| F|  |TAMS 0x00000000a4000000, 0x00000000a4000000| Untracked 
|  37|0x00000000a4100000, 0x00000000a4100000, 0x00000000a4200000|  0%| F|  |TAMS 0x00000000a4100000, 0x00000000a4100000| Untracked 
|  38|0x00000000a4200000, 0x00000000a4200000, 0x00000000a4300000|  0%| F|  |TAMS 0x00000000a4200000, 0x00000000a4200000| Untracked 
|  39|0x00000000a4300000, 0x00000000a4300000, 0x00000000a4400000|  0%| F|  |TAMS 0x00000000a4300000, 0x00000000a4300000| Untracked 
|  40|0x00000000a4400000, 0x00000000a4400000, 0x00000000a4500000|  0%| F|  |TAMS 0x00000000a4400000, 0x00000000a4400000| Untracked 
|  41|0x00000000a4500000, 0x00000000a4500000, 0x00000000a4600000|  0%| F|  |TAMS 0x00000000a4500000, 0x00000000a4500000| Untracked 
|  42|0x00000000a4600000, 0x00000000a4600000, 0x00000000a4700000|  0%| F|  |TAMS 0x00000000a4600000, 0x00000000a4600000| Untracked 
|  43|0x00000000a4700000, 0x00000000a4700000, 0x00000000a4800000|  0%| F|  |TAMS 0x00000000a4700000, 0x00000000a4700000| Untracked 
|  44|0x00000000a4800000, 0x00000000a4800000, 0x00000000a4900000|  0%| F|  |TAMS 0x00000000a4800000, 0x00000000a4800000| Untracked 
|  45|0x00000000a4900000, 0x00000000a4900000, 0x00000000a4a00000|  0%| F|  |TAMS 0x00000000a4900000, 0x00000000a4900000| Untracked 
|  46|0x00000000a4a00000, 0x00000000a4a00000, 0x00000000a4b00000|  0%| F|  |TAMS 0x00000000a4a00000, 0x00000000a4a00000| Untracked 
|  47|0x00000000a4b00000, 0x00000000a4b00000, 0x00000000a4c00000|  0%| F|  |TAMS 0x00000000a4b00000, 0x00000000a4b00000| Untracked 
|  48|0x00000000a4c00000, 0x00000000a4c00000, 0x00000000a4d00000|  0%| F|  |TAMS 0x00000000a4c00000, 0x00000000a4c00000| Untracked 
|  49|0x00000000a4d00000, 0x00000000a4d00000, 0x00000000a4e00000|  0%| F|  |TAMS 0x00000000a4d00000, 0x00000000a4d00000| Untracked 
|  50|0x00000000a4e00000, 0x00000000a4e00000, 0x00000000a4f00000|  0%| F|  |TAMS 0x00000000a4e00000, 0x00000000a4e00000| Untracked 
|  51|0x00000000a4f00000, 0x00000000a4f00000, 0x00000000a5000000|  0%| F|  |TAMS 0x00000000a4f00000, 0x00000000a4f00000| Untracked 
|  52|0x00000000a5000000, 0x00000000a5000000, 0x00000000a5100000|  0%| F|  |TAMS 0x00000000a5000000, 0x00000000a5000000| Untracked 
|  53|0x00000000a5100000, 0x00000000a5100000, 0x00000000a5200000|  0%| F|  |TAMS 0x00000000a5100000, 0x00000000a5100000| Untracked 
|  54|0x00000000a5200000, 0x00000000a5200000, 0x00000000a5300000|  0%| F|  |TAMS 0x00000000a5200000, 0x00000000a5200000| Untracked 
|  55|0x00000000a5300000, 0x00000000a5300000, 0x00000000a5400000|  0%| F|  |TAMS 0x00000000a5300000, 0x00000000a5300000| Untracked 
|  56|0x00000000a5400000, 0x00000000a5400000, 0x00000000a5500000|  0%| F|  |TAMS 0x00000000a5400000, 0x00000000a5400000| Untracked 
|  57|0x00000000a5500000, 0x00000000a5500000, 0x00000000a5600000|  0%| F|  |TAMS 0x00000000a5500000, 0x00000000a5500000| Untracked 
|  58|0x00000000a5600000, 0x00000000a5600000, 0x00000000a5700000|  0%| F|  |TAMS 0x00000000a5600000, 0x00000000a5600000| Untracked 
|  59|0x00000000a5700000, 0x00000000a5700000, 0x00000000a5800000|  0%| F|  |TAMS 0x00000000a5700000, 0x00000000a5700000| Untracked 
|  60|0x00000000a5800000, 0x00000000a5800000, 0x00000000a5900000|  0%| F|  |TAMS 0x00000000a5800000, 0x00000000a5800000| Untracked 
|  61|0x00000000a5900000, 0x00000000a5900000, 0x00000000a5a00000|  0%| F|  |TAMS 0x00000000a5900000, 0x00000000a5900000| Untracked 
|  62|0x00000000a5a00000, 0x00000000a5a00000, 0x00000000a5b00000|  0%| F|  |TAMS 0x00000000a5a00000, 0x00000000a5a00000| Untracked 
|  63|0x00000000a5b00000, 0x00000000a5b00000, 0x00000000a5c00000|  0%| F|  |TAMS 0x00000000a5b00000, 0x00000000a5b00000| Untracked 
|  64|0x00000000a5c00000, 0x00000000a5c00000, 0x00000000a5d00000|  0%| F|  |TAMS 0x00000000a5c00000, 0x00000000a5c00000| Untracked 
|  65|0x00000000a5d00000, 0x00000000a5d00000, 0x00000000a5e00000|  0%| F|  |TAMS 0x00000000a5d00000, 0x00000000a5d00000| Untracked 
|  66|0x00000000a5e00000, 0x00000000a5e00000, 0x00000000a5f00000|  0%| F|  |TAMS 0x00000000a5e00000, 0x00000000a5e00000| Untracked 
|  67|0x00000000a5f00000, 0x00000000a5f00000, 0x00000000a6000000|  0%| F|  |TAMS 0x00000000a5f00000, 0x00000000a5f00000| Untracked 
|  68|0x00000000a6000000, 0x00000000a6000000, 0x00000000a6100000|  0%| F|  |TAMS 0x00000000a6000000, 0x00000000a6000000| Untracked 
|  69|0x00000000a6100000, 0x00000000a6100000, 0x00000000a6200000|  0%| F|  |TAMS 0x00000000a6100000, 0x00000000a6100000| Untracked 
|  70|0x00000000a6200000, 0x00000000a6200000, 0x00000000a6300000|  0%| F|  |TAMS 0x00000000a6200000, 0x00000000a6200000| Untracked 
|  71|0x00000000a6300000, 0x00000000a6300000, 0x00000000a6400000|  0%| F|  |TAMS 0x00000000a6300000, 0x00000000a6300000| Untracked 
|  72|0x00000000a6400000, 0x00000000a6400000, 0x00000000a6500000|  0%| F|  |TAMS 0x00000000a6400000, 0x00000000a6400000| Untracked 
|  73|0x00000000a6500000, 0x00000000a6500000, 0x00000000a6600000|  0%| F|  |TAMS 0x00000000a6500000, 0x00000000a6500000| Untracked 
|  74|0x00000000a6600000, 0x00000000a6600000, 0x00000000a6700000|  0%| F|  |TAMS 0x00000000a6600000, 0x00000000a6600000| Untracked 
|  75|0x00000000a6700000, 0x00000000a6700000, 0x00000000a6800000|  0%| F|  |TAMS 0x00000000a6700000, 0x00000000a6700000| Untracked 
|  76|0x00000000a6800000, 0x00000000a6900000, 0x00000000a6900000|100%| E|  |TAMS 0x00000000a6800000, 0x00000000a6800000| Complete 
|  77|0x00000000a6900000, 0x00000000a6a00000, 0x00000000a6a00000|100%| E|CS|TAMS 0x00000000a6900000, 0x00000000a6900000| Complete 
|  78|0x00000000a6a00000, 0x00000000a6b00000, 0x00000000a6b00000|100%| E|CS|TAMS 0x00000000a6a00000, 0x00000000a6a00000| Complete 
|  79|0x00000000a6b00000, 0x00000000a6c00000, 0x00000000a6c00000|100%| E|CS|TAMS 0x00000000a6b00000, 0x00000000a6b00000| Complete 
|  80|0x00000000a6c00000, 0x00000000a6d00000, 0x00000000a6d00000|100%| E|CS|TAMS 0x00000000a6c00000, 0x00000000a6c00000| Complete 
|  81|0x00000000a6d00000, 0x00000000a6e00000, 0x00000000a6e00000|100%| E|CS|TAMS 0x00000000a6d00000, 0x00000000a6d00000| Complete 
|  82|0x00000000a6e00000, 0x00000000a6f00000, 0x00000000a6f00000|100%| E|CS|TAMS 0x00000000a6e00000, 0x00000000a6e00000| Complete 
|  83|0x00000000a6f00000, 0x00000000a6fd5d78, 0x00000000a7000000| 83%| S|CS|TAMS 0x00000000a6f00000, 0x00000000a6f00000| Complete 
|  84|0x00000000a7000000, 0x00000000a7100000, 0x00000000a7100000|100%| E|CS|TAMS 0x00000000a7000000, 0x00000000a7000000| Complete 
|  85|0x00000000a7100000, 0x00000000a7200000, 0x00000000a7200000|100%| E|CS|TAMS 0x00000000a7100000, 0x00000000a7100000| Complete 
|  86|0x00000000a7200000, 0x00000000a7300000, 0x00000000a7300000|100%| E|CS|TAMS 0x00000000a7200000, 0x00000000a7200000| Complete 
|  87|0x00000000a7300000, 0x00000000a7400000, 0x00000000a7400000|100%| E|CS|TAMS 0x00000000a7300000, 0x00000000a7300000| Complete 
|  88|0x00000000a7400000, 0x00000000a7500000, 0x00000000a7500000|100%| E|CS|TAMS 0x00000000a7400000, 0x00000000a7400000| Complete 
|  89|0x00000000a7500000, 0x00000000a7600000, 0x00000000a7600000|100%| E|CS|TAMS 0x00000000a7500000, 0x00000000a7500000| Complete 
|  90|0x00000000a7600000, 0x00000000a7700000, 0x00000000a7700000|100%| E|CS|TAMS 0x00000000a7600000, 0x00000000a7600000| Complete 
|  91|0x00000000a7700000, 0x00000000a7800000, 0x00000000a7800000|100%| E|CS|TAMS 0x00000000a7700000, 0x00000000a7700000| Complete 
|  92|0x00000000a7800000, 0x00000000a7900000, 0x00000000a7900000|100%| E|CS|TAMS 0x00000000a7800000, 0x00000000a7800000| Complete 
|  93|0x00000000a7900000, 0x00000000a7a00000, 0x00000000a7a00000|100%| E|CS|TAMS 0x00000000a7900000, 0x00000000a7900000| Complete 
|  94|0x00000000a7a00000, 0x00000000a7b00000, 0x00000000a7b00000|100%| E|CS|TAMS 0x00000000a7a00000, 0x00000000a7a00000| Complete 
|  95|0x00000000a7b00000, 0x00000000a7c00000, 0x00000000a7c00000|100%| E|CS|TAMS 0x00000000a7b00000, 0x00000000a7b00000| Complete 

Card table byte_map: [0x000001f556e10000,0x000001f557110000] _byte_map_base: 0x000001f556902000

Marking Bits (Prev, Next): (CMBitMap*) 0x000001f53e64ef78, (CMBitMap*) 0x000001f53e64efb0
 Prev Bits: [0x000001f557410000, 0x000001f558ba0000)
 Next Bits: [0x000001f558ba0000, 0x000001f55a330000)

Polling page: 0x000001f53e400000

Metaspace:

Usage:
  Non-class:     17.99 MB capacity,    17.41 MB ( 97%) used,   549.13 KB (  3%) free+waste,    43.00 KB ( <1%) overhead. 
      Class:      2.16 MB capacity,     2.00 MB ( 92%) used,   145.88 KB (  7%) free+waste,    20.13 KB ( <1%) overhead. 
       Both:     20.15 MB capacity,    19.41 MB ( 96%) used,   695.02 KB (  3%) free+waste,    63.13 KB ( <1%) overhead. 

Virtual space:
  Non-class space:       18.00 MB reserved,      18.00 MB (100%) committed 
      Class space:        1.00 GB reserved,       2.25 MB ( <1%) committed 
             Both:        1.02 GB reserved,      20.25 MB (  2%) committed 

Chunk freelists:
   Non-Class:  1.75 KB
       Class:  0 bytes
        Both:  1.75 KB

CodeHeap 'non-profiled nmethods': size=120064Kb used=629Kb max_used=629Kb free=119434Kb
 bounds [0x000001f54efb0000, 0x000001f54f220000, 0x000001f5564f0000]
CodeHeap 'profiled nmethods': size=120000Kb used=3901Kb max_used=3901Kb free=116098Kb
 bounds [0x000001f547a80000, 0x000001f547e50000, 0x000001f54efb0000]
CodeHeap 'non-nmethods': size=5696Kb used=1126Kb max_used=1143Kb free=4569Kb
 bounds [0x000001f5474f0000, 0x000001f547760000, 0x000001f547a80000]
 total_blobs=2323 nmethods=1873 adapters=361
 compilation: enabled
              stopped_count=0, restarted_count=0
 full_count=0

Compilation events (10 events):
Event: 6.080 Thread 0x000001f55c947800 nmethod 1794 0x000001f547e1a190 code [0x000001f547e1a340, 0x000001f547e1a5a8]
Event: 6.094 Thread 0x000001f55c947800 1796       1       java.util.stream.Collectors$CollectorImpl::characteristics (5 bytes)
Event: 6.094 Thread 0x000001f55c947800 nmethod 1796 0x000001f54f048e90 code [0x000001f54f049020, 0x000001f54f0490d8]
Event: 6.104 Thread 0x000001f55c947800 1797       3       java.util.stream.Sink$ChainedReference::end (10 bytes)
Event: 6.104 Thread 0x000001f55c947800 nmethod 1797 0x000001f547e1a690 code [0x000001f547e1a840, 0x000001f547e1aa08]
Event: 6.123 Thread 0x000001f55c947800 1798       3       java.util.regex.Pattern::range (292 bytes)
Event: 6.125 Thread 0x000001f55c947800 nmethod 1798 0x000001f547e1ab10 code [0x000001f547e1afc0, 0x000001f547e1d1a8]
Event: 6.125 Thread 0x000001f55c947800 1799       3       java.util.regex.Pattern::x (118 bytes)
Event: 6.127 Thread 0x000001f55c947800 nmethod 1799 0x000001f547e1dd90 code [0x000001f547e1e100, 0x000001f547e1f868]
Event: 6.127 Thread 0x000001f55c947800 1800       3       java.util.regex.Pattern::sequence (645 bytes)

GC Heap History (4 events):
Event: 2.650 GC heap before
{Heap before GC invocations=0 (full 0):
 garbage-first heap   total 98304K, used 13312K [0x00000000a1c00000, 0x0000000100000000)
  region size 1024K, 14 young (14336K), 0 survivors (0K)
 Metaspace       used 11058K, capacity 11180K, committed 11392K, reserved 1058816K
  class space    used 1012K, capacity 1065K, committed 1152K, reserved 1048576K
}
Event: 2.660 GC heap after
{Heap after GC invocations=1 (full 0):
 garbage-first heap   total 98304K, used 3112K [0x00000000a1c00000, 0x0000000100000000)
  region size 1024K, 2 young (2048K), 2 survivors (2048K)
 Metaspace       used 11058K, capacity 11180K, committed 11392K, reserved 1058816K
  class space    used 1012K, capacity 1065K, committed 1152K, reserved 1048576K
}
Event: 3.829 GC heap before
{Heap before GC invocations=1 (full 0):
 garbage-first heap   total 98304K, used 15400K [0x00000000a1c00000, 0x0000000100000000)
  region size 1024K, 14 young (14336K), 2 survivors (2048K)
 Metaspace       used 14976K, capacity 15634K, committed 15744K, reserved 1062912K
  class space    used 1475K, capacity 1561K, committed 1664K, reserved 1048576K
}
Event: 3.836 GC heap after
{Heap after GC invocations=2 (full 0):
 garbage-first heap   total 98304K, used 3927K [0x00000000a1c00000, 0x0000000100000000)
  region size 1024K, 1 young (1024K), 1 survivors (1024K)
 Metaspace       used 14976K, capacity 15634K, committed 15744K, reserved 1062912K
  class space    used 1475K, capacity 1561K, committed 1664K, reserved 1048576K
}

Deoptimization events (10 events):
Event: 5.156 Thread 0x000001f53e618800 Uncommon trap: reason=unstable_if action=reinterpret pc=0x000001f54eff9c9c method=java.util.concurrent.ConcurrentHashMap.putVal(Ljava/lang/Object;Ljava/lang/Object;Z)Ljava/lang/Object; @ 148 c2
Event: 5.289 Thread 0x000001f53e618800 Uncommon trap: reason=unstable_if action=reinterpret pc=0x000001f54efc4ee0 method=java.lang.StringCoding.hasNegatives([BII)Z @ 12 c2
Event: 5.615 Thread 0x000001f53e618800 Uncommon trap: reason=unstable_if action=reinterpret pc=0x000001f54f0369f8 method=com.sun.org.apache.xerces.internal.impl.XMLEntityScanner.checkBeforeLoad(Lcom/sun/xml/internal/stream/Entity$ScannedEntity;II)I @ 18 c2
Event: 5.735 Thread 0x000001f53e618800 Uncommon trap: reason=unstable_if action=reinterpret pc=0x000001f54f03b4d0 method=com.sun.org.apache.xerces.internal.impl.XMLEntityScanner.scanLiteral(ILcom/sun/org/apache/xerces/internal/xni/XMLString;Z)I @ 134 c2
Event: 5.799 Thread 0x000001f53e618800 Uncommon trap: reason=unstable_if action=reinterpret pc=0x000001f54f038434 method=com.sun.org.apache.xerces.internal.impl.XMLEntityScanner.peekChar()I @ 14 c2
Event: 5.805 Thread 0x000001f53e618800 Uncommon trap: reason=unstable_if action=reinterpret pc=0x000001f54f03cd94 method=com.sun.org.apache.xerces.internal.util.SymbolTable.addSymbol([CII)Ljava/lang/String; @ 64 c2
Event: 5.805 Thread 0x000001f53e618800 Uncommon trap: reason=unstable_if action=reinterpret pc=0x000001f54f039438 method=com.sun.org.apache.xerces.internal.impl.XMLEntityScanner.skipSpaces()Z @ 14 c2
Event: 5.821 Thread 0x000001f53e618800 Uncommon trap: reason=unstable_if action=reinterpret pc=0x000001f54f03aa94 method=com.sun.org.apache.xerces.internal.util.SymbolTable.addSymbol([CII)Ljava/lang/String; @ 64 c2
Event: 5.827 Thread 0x000001f53e618800 Uncommon trap: reason=unstable_if action=reinterpret pc=0x000001f54f041e8c method=org.apache.tika.mime.MediaType.isSimpleName(Ljava/lang/String;)Z @ 37 c2
Event: 5.930 Thread 0x000001f53e618800 Uncommon trap: reason=unstable_if action=reinterpret pc=0x000001f54efb99c4 method=java.lang.CharacterData.of(I)Ljava/lang/CharacterData; @ 4 c2

Classes redefined (0 events):
No events

Internal exceptions (10 events):
Event: 5.001 Thread 0x000001f53e618800 Exception <a 'sun/nio/fs/WindowsException'{0x00000000a74525d0}> (0x00000000a74525d0) thrown at [./open/src/hotspot/share/prims/jni.cpp, line 611]
Event: 5.001 Thread 0x000001f53e618800 Exception <a 'sun/nio/fs/WindowsException'{0x00000000a7452f70}> (0x00000000a7452f70) thrown at [./open/src/hotspot/share/prims/jni.cpp, line 611]
Event: 5.002 Thread 0x000001f53e618800 Exception <a 'sun/nio/fs/WindowsException'{0x00000000a7453210}> (0x00000000a7453210) thrown at [./open/src/hotspot/share/prims/jni.cpp, line 611]
Event: 5.009 Thread 0x000001f53e618800 Exception <a 'sun/nio/fs/WindowsException'{0x00000000a745de50}> (0x00000000a745de50) thrown at [./open/src/hotspot/share/prims/jni.cpp, line 611]
Event: 5.009 Thread 0x000001f53e618800 Exception <a 'sun/nio/fs/WindowsException'{0x00000000a745e0e0}> (0x00000000a745e0e0) thrown at [./open/src/hotspot/share/prims/jni.cpp, line 611]
Event: 5.058 Thread 0x000001f53e618800 Exception <a 'java/lang/NoSuchMethodError'{0x00000000a74a6838}: java.lang.invoke.Invokers$Holder.linkToTargetMethod(Ljava/lang/Object;Ljava/lang/Object;Ljava/lang/Object;Ljava/lang/Object;Ljava/lang/Object;Ljava/lang/Object;Ljava/lang/Object;)Ljava/lang/O
Event: 5.061 Thread 0x000001f53e618800 Exception <a 'java/lang/NoClassDefFoundError'{0x00000000a74c4bf8}: javax/activation/DataHandler> (0x00000000a74c4bf8) thrown at [./open/src/hotspot/share/oops/constantPool.cpp, line 770]
Event: 5.062 Thread 0x000001f53e618800 Exception <a 'java/lang/reflect/InvocationTargetException'{0x00000000a74c4ec8}> (0x00000000a74c4ec8) thrown at [./open/src/hotspot/share/runtime/reflection.cpp, line 1242]
Event: 5.062 Thread 0x000001f53e618800 Exception <a 'java/lang/NoClassDefFoundError'{0x00000000a74c4bf8}> (0x00000000a74c4bf8) thrown at [./open/src/hotspot/share/prims/jni.cpp, line 611]
Event: 5.239 Thread 0x000001f53e618800 Exception <a 'java/lang/NoSuchMethodError'{0x00000000a7120a70}: java.lang.invoke.Invokers$Holder.linkToTargetMethod(Ljava/lang/Object;Ljava/lang/Object;Ljava/lang/Object;Ljava/lang/Object;Ljava/lang/Object;Ljava/lang/Object;)Ljava/lang/Object;> (0x0000000

Events (10 events):
Event: 5.930 Thread 0x000001f53e618800 DEOPT PACKING pc=0x000001f54efb99c4 sp=0x00000018883fd0a0
Event: 5.930 Thread 0x000001f53e618800 DEOPT UNPACKING pc=0x000001f54751662f sp=0x00000018883fd038 mode 2
Event: 5.930 loading class java/lang/CharacterDataUndefined
Event: 5.930 loading class java/lang/CharacterDataUndefined done
Event: 5.930 Executing VM operation: Deoptimize
Event: 5.931 Executing VM operation: Deoptimize done
Event: 5.934 loading class java/util/regex/Pattern$End
Event: 5.935 loading class java/util/regex/Pattern$End done
Event: 5.935 loading class org/apache/commons/io/FilenameUtils
Event: 5.935 loading class org/apache/commons/io/FilenameUtils done


Dynamic libraries:
0x00007ff751e40000 - 0x00007ff751e4f000 	C:\Program Files\Java\jdk-11.0.15\bin\java.exe
0x00007ffb2fa90000 - 0x00007ffb2fc88000 	C:\WINDOWS\SYSTEM32\ntdll.dll
0x00007ffb2f620000 - 0x00007ffb2f6e1000 	C:\WINDOWS\System32\KERNEL32.DLL
0x00007ffb2d170000 - 0x00007ffb2d46d000 	C:\WINDOWS\System32\KERNELBASE.dll
0x00007ffb2d470000 - 0x00007ffb2d570000 	C:\WINDOWS\System32\ucrtbase.dll
0x00007ffb12e50000 - 0x00007ffb12e65000 	C:\Program Files\Java\jdk-11.0.15\bin\VCRUNTIME140.dll
0x00007ffb12e30000 - 0x00007ffb12e48000 	C:\Program Files\Java\jdk-11.0.15\bin\jli.dll
0x00007ffb2f3f0000 - 0x00007ffb2f4a0000 	C:\WINDOWS\System32\ADVAPI32.dll
0x00007ffb2ecc0000 - 0x00007ffb2ed5e000 	C:\WINDOWS\System32\msvcrt.dll
0x00007ffb2f580000 - 0x00007ffb2f620000 	C:\WINDOWS\System32\sechost.dll
0x00007ffb2db60000 - 0x00007ffb2dc83000 	C:\WINDOWS\System32\RPCRT4.dll
0x00007ffb2da40000 - 0x00007ffb2da67000 	C:\WINDOWS\System32\bcrypt.dll
0x00007ffb2ea90000 - 0x00007ffb2ec2d000 	C:\WINDOWS\System32\USER32.dll
0x00007ffb1a4d0000 - 0x00007ffb1a76a000 	C:\WINDOWS\WinSxS\amd64_microsoft.windows.common-controls_6595b64144ccf1df_6.0.19041.4355_none_60b8b9eb71f62e16\COMCTL32.dll
0x00007ffb2d140000 - 0x00007ffb2d162000 	C:\WINDOWS\System32\win32u.dll
0x00007ffb2db30000 - 0x00007ffb2db5b000 	C:\WINDOWS\System32\GDI32.dll
0x00007ffb2d570000 - 0x00007ffb2d687000 	C:\WINDOWS\System32\gdi32full.dll
0x00007ffb2d690000 - 0x00007ffb2d72d000 	C:\WINDOWS\System32\msvcp_win.dll
0x00007ffb231c0000 - 0x00007ffb231ca000 	C:\WINDOWS\SYSTEM32\VERSION.dll
0x00007ffb2dcb0000 - 0x00007ffb2dcdf000 	C:\WINDOWS\System32\IMM32.DLL
0x00007ffaf3900000 - 0x00007ffaf399b000 	C:\Program Files\Java\jdk-11.0.15\bin\msvcp140.dll
0x00007ffaa78e0000 - 0x00007ffaa83f6000 	C:\Program Files\Java\jdk-11.0.15\bin\server\jvm.dll
0x00007ffb2db20000 - 0x00007ffb2db28000 	C:\WINDOWS\System32\PSAPI.DLL
0x00007ffb22ec0000 - 0x00007ffb22ee7000 	C:\WINDOWS\SYSTEM32\WINMM.dll
0x00007ffafca40000 - 0x00007ffafca49000 	C:\WINDOWS\SYSTEM32\WSOCK32.dll
0x00007ffb2ee30000 - 0x00007ffb2ee9b000 	C:\WINDOWS\System32\WS2_32.dll
0x00007ffb2ade0000 - 0x00007ffb2adf2000 	C:\WINDOWS\SYSTEM32\kernel.appcore.dll
0x00007ffb131c0000 - 0x00007ffb131d0000 	C:\Program Files\Java\jdk-11.0.15\bin\verify.dll
0x00007ffb24a00000 - 0x00007ffb24be4000 	C:\WINDOWS\SYSTEM32\DBGHELP.DLL
0x00007ffb1b420000 - 0x00007ffb1b454000 	C:\WINDOWS\SYSTEM32\dbgcore.DLL
0x00007ffb2d850000 - 0x00007ffb2d8d2000 	C:\WINDOWS\System32\bcryptPrimitives.dll
0x00007ffb11110000 - 0x00007ffb11138000 	C:\Program Files\Java\jdk-11.0.15\bin\java.dll
0x00007ffb13080000 - 0x00007ffb1308a000 	C:\Program Files\Java\jdk-11.0.15\bin\jimage.dll
0x00007ffb11850000 - 0x00007ffb11866000 	C:\Program Files\Java\jdk-11.0.15\bin\zip.dll
0x00007ffb2dd40000 - 0x00007ffb2e4af000 	C:\WINDOWS\System32\SHELL32.dll
0x00007ffb2afe0000 - 0x00007ffb2b783000 	C:\WINDOWS\SYSTEM32\windows.storage.dll
0x00007ffb2eeb0000 - 0x00007ffb2f203000 	C:\WINDOWS\System32\combase.dll
0x00007ffb2caa0000 - 0x00007ffb2cace000 	C:\WINDOWS\SYSTEM32\Wldp.dll
0x00007ffb2ed60000 - 0x00007ffb2ee2d000 	C:\WINDOWS\System32\OLEAUT32.dll
0x00007ffb2f210000 - 0x00007ffb2f2bd000 	C:\WINDOWS\System32\SHCORE.dll
0x00007ffb2e980000 - 0x00007ffb2e9d5000 	C:\WINDOWS\System32\shlwapi.dll
0x00007ffb2d070000 - 0x00007ffb2d094000 	C:\WINDOWS\SYSTEM32\profapi.dll
0x00007ffb10bc0000 - 0x00007ffb10bd9000 	C:\Program Files\Java\jdk-11.0.15\bin\net.dll
0x00007ffb25df0000 - 0x00007ffb25efd000 	C:\WINDOWS\SYSTEM32\WINHTTP.dll
0x00007ffb2c800000 - 0x00007ffb2c86a000 	C:\WINDOWS\system32\mswsock.dll
0x00007ffb103c0000 - 0x00007ffb103d2000 	C:\Program Files\Java\jdk-11.0.15\bin\nio.dll

dbghelp: loaded successfully - version: 4.0.5 - missing functions: none
symbol engine: initialized successfully - sym options: 0x614 - pdb path: .;C:\Program Files\Java\jdk-11.0.15\bin;C:\WINDOWS\SYSTEM32;C:\WINDOWS\WinSxS\amd64_microsoft.windows.common-controls_6595b64144ccf1df_6.0.19041.4355_none_60b8b9eb71f62e16;C:\Program Files\Java\jdk-11.0.15\bin\server

VM Arguments:
java_command: io.qameta.allure.CommandLine generate D:\frameium\Frameium_allure\allure-results --clean -o D:\frameium\Frameium_allure\allure-report-generate
java_class_path (initial): D:\frameium\Frameium_allure\.allure\allure-2.8.1\bin\..\lib\allure-commandline-2.8.1.jar;D:\frameium\Frameium_allure\.allure\allure-2.8.1\bin\..\lib\allure-generator-2.8.1.jar;D:\frameium\Frameium_allure\.allure\allure-2.8.1\bin\..\lib\jcommander-1.72.jar;D:\frameium\Frameium_allure\.allure\allure-2.8.1\bin\..\lib\jetty-server-9.4.11.v20180605.jar;D:\frameium\Frameium_allure\.allure\allure-2.8.1\bin\..\lib\slf4j-log4j12-1.7.25.jar;D:\frameium\Frameium_allure\.allure\allure-2.8.1\bin\..\lib\jackson-dataformat-xml-2.9.6.jar;D:\frameium\Frameium_allure\.allure\allure-2.8.1\bin\..\lib\allure-plugin-api-2.8.1.jar;D:\frameium\Frameium_allure\.allure\allure-2.8.1\bin\..\lib\jackson-dataformat-yaml-2.9.6.jar;D:\frameium\Frameium_allure\.allure\allure-2.8.1\bin\..\lib\commons-io-2.6.jar;D:\frameium\Frameium_allure\.allure\allure-2.8.1\bin\..\lib\allure2-model-api-1.0.0.jar;D:\frameium\Frameium_allure\.allure\allure-2.8.1\bin\..\lib\allure1-model-1.0.jar;D:\frameium\Frameium_allure\.allure\allure-2.8.1\bin\..\lib\httpclient-4.5.6.jar;D:\frameium\Frameium_allure\.allure\allure-2.8.1\bin\..\lib\allure2-model-jackson-1.0.0.jar;D:\frameium\Frameium_allure\.allure\allure-2.8.1\bin\..\lib\allure2-model-pojo-1.0.0.jar;D:\frameium\Frameium_allure\.allure\allure-2.8.1\bin\..\lib\tika-core-1.18.jar;D:\frameium\Frameium_allure\.allure\allure-2.8.1\bin\..\lib\javax.servlet-api-3.1.0.jar;D:\frameium\Frameium_allure\.allure\allure-2.8.1\bin\..\lib\jetty-http-9.4.11.v20180605.jar;D:\frameium\Frameium_allure\.allure\allure-2.8.1\bin\..\lib\jetty-io-9.4.11.v20180605.jar;D:\frameium\Frameium_allure\.allure\allure-2.8.1\bin\..\lib\slf4j-api-1.7.25.jar;D:\frameium\Frameium_allure\.allure\allure-2.8.1\bin\..\lib\log4j-1.2.17.jar;D:\frameium\Frameium_allure\.allure\allure-2.8.1\bin\..\lib\jackson-module-jaxb-annotations-2.9.6.jar;D:\frameium\Frameium_allure\.allure\allure-2.8.1\bin\..\lib\jackson-databind-2.9.6.jar;D:\frameium\Frameium_allure\.allure\allure-2.8.1\bin\.
Launcher Type: SUN_STANDARD

[Global flags]
     intx CICompilerCount                          = 3                                         {product} {ergonomic}
     uint ConcGCThreads                            = 1                                         {product} {ergonomic}
     uint G1ConcRefinementThreads                  = 4                                         {product} {ergonomic}
   size_t G1HeapRegionSize                         = 1048576                                   {product} {ergonomic}
    uintx GCDrainStackTargetSize                   = 64                                        {product} {ergonomic}
   size_t InitialHeapSize                          = 100663296                                 {product} {ergonomic}
   size_t MarkStackSize                            = 4194304                                   {product} {ergonomic}
   size_t MaxHeapSize                              = 1581252608                                {product} {ergonomic}
   size_t MaxNewSize                               = 947912704                                 {product} {ergonomic}
   size_t MinHeapDeltaBytes                        = 1048576                                   {product} {ergonomic}
    uintx NonNMethodCodeHeapSize                   = 5830732                                {pd product} {ergonomic}
    uintx NonProfiledCodeHeapSize                  = 122913754                              {pd product} {ergonomic}
    uintx ProfiledCodeHeapSize                     = 122913754                              {pd product} {ergonomic}
    uintx ReservedCodeCacheSize                    = 251658240                              {pd product} {ergonomic}
     bool SegmentedCodeCache                       = true                                      {product} {ergonomic}
     bool UseCompressedClassPointers               = true                                 {lp64_product} {ergonomic}
     bool UseCompressedOops                        = true                                 {lp64_product} {ergonomic}
     bool UseG1GC                                  = true                                      {product} {ergonomic}
     bool UseLargePagesIndividualAllocation        = false                                  {pd product} {ergonomic}

Logging:
Log output configuration:
 #0: stdout all=warning uptime,level,tags
 #1: stderr all=off uptime,level,tags

Environment Variables:
JAVA_HOME=C:\Program Files\Java\jdk-11.0.15
CLASSPATH=D:\frameium\Frameium_allure\.allure\allure-2.8.1\bin\..\lib\allure-commandline-2.8.1.jar;D:\frameium\Frameium_allure\.allure\allure-2.8.1\bin\..\lib\allure-generator-2.8.1.jar;D:\frameium\Frameium_allure\.allure\allure-2.8.1\bin\..\lib\jcommander-1.72.jar;D:\frameium\Frameium_allure\.allure\allure-2.8.1\bin\..\lib\jetty-server-9.4.11.v20180605.jar;D:\frameium\Frameium_allure\.allure\allure-2.8.1\bin\..\lib\slf4j-log4j12-1.7.25.jar;D:\frameium\Frameium_allure\.allure\allure-2.8.1\bin\..\lib\jackson-dataformat-xml-2.9.6.jar;D:\frameium\Frameium_allure\.allure\allure-2.8.1\bin\..\lib\allure-plugin-api-2.8.1.jar;D:\frameium\Frameium_allure\.allure\allure-2.8.1\bin\..\lib\jackson-dataformat-yaml-2.9.6.jar;D:\frameium\Frameium_allure\.allure\allure-2.8.1\bin\..\lib\commons-io-2.6.jar;D:\frameium\Frameium_allure\.allure\allure-2.8.1\bin\..\lib\allure2-model-api-1.0.0.jar;D:\frameium\Frameium_allure\.allure\allure-2.8.1\bin\..\lib\allure1-model-1.0.jar;D:\frameium\Frameium_allure\.allure\allure-2.8.1\bin\..\lib\httpclient-4.5.6.jar;D:\frameium\Frameium_allure\.allure\allure-2.8.1\bin\..\lib\allure2-model-jackson-1.0.0.jar;D:\frameium\Frameium_allure\.allure\allure-2.8.1\bin\..\lib\allure2-model-pojo-1.0.0.jar;D:\frameium\Frameium_allure\.allure\allure-2.8.1\bin\..\lib\tika-core-1.18.jar;D:\frameium\Frameium_allure\.allure\allure-2.8.1\bin\..\lib\javax.servlet-api-3.1.0.jar;D:\frameium\Frameium_allure\.allure\allure-2.8.1\bin\..\lib\jetty-http-9.4.11.v20180605.jar;D:\frameium\Frameium_allure\.allure\allure-2.8.1\bin\..\lib\jetty-io-9.4.11.v20180605.jar;D:\frameium\Frameium_allure\.allure\allure-2.8.1\bin\..\lib\slf4j-api-1.7.25.jar;D:\frameium\Frameium_allure\.allure\allure-2.8.1\bin\..\lib\log4j-1.2.17.jar;D:\frameium\Frameium_allure\.allure\allure-2.8.1\bin\..\lib\jackson-module-jaxb-annotations-2.9.6.jar;D:\frameium\Frameium_allure\.allure\allure-2.8.1\bin\..\lib\jackson-databind-2.9.6.jar;D:\frameium\Frameium_allure\.allure\allure-2.8.1\bin\..\lib\jackson-core-2.9.6.ja
PATH=C:\Program Files\Common Files\Oracle\Java\javapath;C:\WINDOWS\system32;C:\WINDOWS;C:\WINDOWS\System32\Wbem;C:\WINDOWS\System32\WindowsPowerShell\v1.0\;C:\WINDOWS\System32\OpenSSH\;C:\Program Files\Java\jdk-11.0.15\bin;%JAVA;C:\Program Files\Java\jdk-11.0.15\bin;C:\Users\THI2201883\AppData\Local\Microsoft\WindowsApps;C:\Users\THI2201883\AppData\Local\Programs\Git\cmd;
USERNAME=THI2201883
OS=Windows_NT
PROCESSOR_IDENTIFIER=AMD64 Family 23 Model 24 Stepping 1, AuthenticAMD



---------------  S Y S T E M  ---------------

OS: Windows 10 , 64 bit Build 19041 (10.0.19041.4842)

CPU:total 4 (initial active 4) (4 cores per cpu, 2 threads per core) family 23 model 24 stepping 1 microcode 0x0, cmov, cx8, fxsr, mmx, sse, sse2, sse3, ssse3, sse4.1, sse4.2, popcnt, avx, avx2, aes, clmul, mmxext, 3dnowpref, lzcnt, sse4a, ht, tsc, tscinvbit, tscinv, bmi1, bmi2, adx, s

Memory: 4k page, system-wide physical 6030M (116M free)
TotalPageFile size 24462M (AvailPageFile size 6M)
current process WorkingSet (physical memory assigned to process): 95M, peak: 95M
current process commit charge ("private bytes"): 204M, peak: 205M

vm_info: Java HotSpot(TM) 64-Bit Server VM (11.0.15+8-LTS-149) for windows-amd64 JRE (11.0.15+8-LTS-149), built on Mar  9 2022 22:42:32 by "mach5one" with MS VC++ 15.9 (VS2017)

END.
