#
# There is insufficient memory for the Java Runtime Environment to continue.
# Native memory allocation (mmap) failed to map 65536 bytes for Failed to commit metaspace.
# Possible reasons:
#   The system is out of physical RAM or swap space
#   The process is running with CompressedOops enabled, and the Java Heap may be blocking the growth of the native heap
# Possible solutions:
#   Reduce memory load on the system
#   Increase physical memory or swap space
#   Check if swap backing store is full
#   Decrease Java heap size (-Xmx/-Xms)
#   Decrease number of Java threads
#   Decrease Java thread stack sizes (-Xss)
#   Set larger code cache with -XX:ReservedCodeCacheSize=
#     placed in the first 4GB address space. The Java Heap base address is the
#     maximum limit for the native heap growth. Please use -XX:HeapBaseMinAddress
#     to set the Java Heap base and to place the Java Heap above 4GB virtual address.
# This output file may be truncated or incomplete.
#
#  Out of Memory Error (virtualSpaceNode.cpp:110), pid=82936, tid=76076
#
# JRE version: Java(TM) SE Runtime Environment (17.0.12+8) (build 17.0.12+8-LTS-286)
# Java VM: Java HotSpot(TM) 64-Bit Server VM (17.0.12+8-LTS-286, mixed mode, sharing, tiered, compressed oops, compressed class ptrs, g1 gc, windows-amd64)
# No core dump will be written. Minidumps are not enabled by default on client versions of Windows
#

---------------  S U M M A R Y ------------

Command Line: io.qameta.allure.CommandLine generate D:\frameium\Frameium_allure\allure-results --clean -o D:\frameium\Frameium_allure\allure-report-generate

Host: AMD Ryzen 3 3250U with Radeon Graphics         , 4 cores, 5G,  Windows 10 , 64 bit Build 19041 (10.0.19041.4957)
Time: Wed Nov  6 15:31:26 2024 India Standard Time elapsed time: 1.431962 seconds (0d 0h 0m 1s)

---------------  T H R E A D  ---------------

Current thread (0x0000023c1dcef7f0):  JavaThread "main" [_thread_in_vm, id=76076, stack(0x0000007c21500000,0x0000007c21600000)]

Stack: [0x0000007c21500000,0x0000007c21600000]
Native frames: (J=compiled Java code, j=interpreted, Vv=VM code, C=native code)
V  [jvm.dll+0x67a04a]
V  [jvm.dll+0x7da4ed]
V  [jvm.dll+0x7dbe33]
V  [jvm.dll+0x7dc4a3]
V  [jvm.dll+0x24508f]
V  [jvm.dll+0x7d60bb]
V  [jvm.dll+0x6206c6]
V  [jvm.dll+0x1bed07]
V  [jvm.dll+0x623022]
V  [jvm.dll+0x621086]
V  [jvm.dll+0x23936f]
V  [jvm.dll+0x62af35]
V  [jvm.dll+0x1e84b2]
V  [jvm.dll+0x1e89d5]
V  [jvm.dll+0x1e931b]
V  [jvm.dll+0x1dea41]
V  [jvm.dll+0x53f78c]
V  [jvm.dll+0x7553b8]
V  [jvm.dll+0x7554a4]
V  [jvm.dll+0x40d1af]
V  [jvm.dll+0x413c39]
C  [java.dll+0x17ec]

Java frames: (J=compiled Java code, j=interpreted, Vv=VM code)
j  java.lang.ClassLoader.defineClass1(Ljava/lang/ClassLoader;Ljava/lang/String;[BIILjava/security/ProtectionDomain;Ljava/lang/String;)Ljava/lang/Class;+0 java.base@17.0.12
j  java.lang.ClassLoader.defineClass(Ljava/lang/String;[BIILjava/security/ProtectionDomain;)Ljava/lang/Class;+27 java.base@17.0.12
j  java.security.SecureClassLoader.defineClass(Ljava/lang/String;[BIILjava/security/CodeSource;)Ljava/lang/Class;+12 java.base@17.0.12
j  jdk.internal.loader.BuiltinClassLoader.defineClass(Ljava/lang/String;Ljdk/internal/loader/Resource;)Ljava/lang/Class;+117 java.base@17.0.12
j  jdk.internal.loader.BuiltinClassLoader.findClassOnClassPathOrNull(Ljava/lang/String;)Ljava/lang/Class;+37 java.base@17.0.12
J 358 c1 jdk.internal.loader.BuiltinClassLoader.loadClassOrNull(Ljava/lang/String;Z)Ljava/lang/Class; java.base@17.0.12 (143 bytes) @ 0x0000023c2562b24c [0x0000023c2562a340+0x0000000000000f0c]
J 444 c1 jdk.internal.loader.ClassLoaders$AppClassLoader.loadClass(Ljava/lang/String;Z)Ljava/lang/Class; java.base@17.0.12 (40 bytes) @ 0x0000023c2564edfc [0x0000023c2564e7e0+0x000000000000061c]
J 443 c1 java.lang.ClassLoader.loadClass(Ljava/lang/String;)Ljava/lang/Class; java.base@17.0.12 (7 bytes) @ 0x0000023c2564e44c [0x0000023c2564e340+0x000000000000010c]
v  ~StubRoutines::call_stub
j  io.qameta.allure.config.ConfigLoader.load()Lio/qameta/allure/CommandlineConfig;+36
j  io.qameta.allure.Commands$$Lambda$17+0x0000023c3c018668.apply(Ljava/lang/Object;)Ljava/lang/Object;+4
j  java.util.Optional.map(Ljava/util/function/Function;)Ljava/util/Optional;+21 java.base@17.0.12
j  io.qameta.allure.Commands.getConfig(Lio/qameta/allure/option/ConfigOptions;)Lio/qameta/allure/CommandlineConfig;+18
j  io.qameta.allure.Commands.createReportConfiguration(Lio/qameta/allure/option/ConfigOptions;)Lio/qameta/allure/core/Configuration;+10
j  io.qameta.allure.Commands.generate(Ljava/nio/file/Path;Ljava/util/List;ZLio/qameta/allure/option/ConfigOptions;)Lio/qameta/allure/ExitCode;+82
j  io.qameta.allure.CommandLine.run()Lio/qameta/allure/ExitCode;+307
j  io.qameta.allure.CommandLine$$Lambda$15+0x0000023c3c0161f0.get()Ljava/lang/Object;+4
j  java.util.Optional.orElseGet(Ljava/util/function/Supplier;)Ljava/lang/Object;+15 java.base@17.0.12
j  io.qameta.allure.CommandLine.main([Ljava/lang/String;)V+70
v  ~StubRoutines::call_stub

---------------  P R O C E S S  ---------------

Threads class SMR info:
_java_thread_list=0x0000023c3a4994a0, length=12, elements={
0x0000023c1dcef7f0, 0x0000023c3a237ee0, 0x0000023c3a239410, 0x0000023c3a24de80,
0x0000023c3a251770, 0x0000023c3a2527e0, 0x0000023c3a2530b0, 0x0000023c3a254500,
0x0000023c3a269ac0, 0x0000023c3a28fb60, 0x0000023c3a493950, 0x0000023c3a4996e0
}

Java Threads: ( => current thread )
=>0x0000023c1dcef7f0 JavaThread "main" [_thread_in_vm, id=76076, stack(0x0000007c21500000,0x0000007c21600000)]
  0x0000023c3a237ee0 JavaThread "Reference Handler" daemon [_thread_blocked, id=81240, stack(0x0000007c21c00000,0x0000007c21d00000)]
  0x0000023c3a239410 JavaThread "Finalizer" daemon [_thread_blocked, id=77812, stack(0x0000007c21d00000,0x0000007c21e00000)]
  0x0000023c3a24de80 JavaThread "Signal Dispatcher" daemon [_thread_blocked, id=65696, stack(0x0000007c21f00000,0x0000007c22000000)]
  0x0000023c3a251770 JavaThread "Attach Listener" daemon [_thread_blocked, id=65936, stack(0x0000007c22000000,0x0000007c22100000)]
  0x0000023c3a2527e0 JavaThread "Service Thread" daemon [_thread_blocked, id=78732, stack(0x0000007c22100000,0x0000007c22200000)]
  0x0000023c3a2530b0 JavaThread "Monitor Deflation Thread" daemon [_thread_blocked, id=71260, stack(0x0000007c22200000,0x0000007c22300000)]
  0x0000023c3a254500 JavaThread "C2 CompilerThread0" daemon [_thread_blocked, id=64636, stack(0x0000007c22300000,0x0000007c22400000)]
  0x0000023c3a269ac0 JavaThread "C1 CompilerThread0" daemon [_thread_blocked, id=73680, stack(0x0000007c22400000,0x0000007c22500000)]
  0x0000023c3a28fb60 JavaThread "Sweeper thread" daemon [_thread_blocked, id=83816, stack(0x0000007c22500000,0x0000007c22600000)]
  0x0000023c3a493950 JavaThread "Notification Thread" daemon [_thread_blocked, id=88272, stack(0x0000007c22600000,0x0000007c22700000)]
  0x0000023c3a4996e0 JavaThread "Common-Cleaner" daemon [_thread_blocked, id=85564, stack(0x0000007c22800000,0x0000007c22900000)]

Other Threads:
  0x0000023c3a230450 VMThread "VM Thread" [stack: 0x0000007c21b00000,0x0000007c21c00000] [id=63724]
  0x0000023c3a496a70 WatcherThread [stack: 0x0000007c22700000,0x0000007c22800000] [id=86880]
  0x0000023c1dd3d340 GCTaskThread "GC Thread#0" [stack: 0x0000007c21600000,0x0000007c21700000] [id=45920]
  0x0000023c1dd4ae30 ConcurrentGCThread "G1 Main Marker" [stack: 0x0000007c21700000,0x0000007c21800000] [id=73100]
  0x0000023c1dd4c760 ConcurrentGCThread "G1 Conc#0" [stack: 0x0000007c21800000,0x0000007c21900000] [id=79048]
  0x0000023c1ddaf7f0 ConcurrentGCThread "G1 Refine#0" [stack: 0x0000007c21900000,0x0000007c21a00000] [id=77532]
  0x0000023c1ddb0130 ConcurrentGCThread "G1 Service" [stack: 0x0000007c21a00000,0x0000007c21b00000] [id=75452]

Threads with active compile tasks:

VM state: not at safepoint (normal execution)

VM Mutex/Monitor currently owned by a thread:  ([mutex/lock_event])
[0x0000023c1dce9ca0] Metaspace_lock - owner thread: 0x0000023c1dcef7f0

Heap address: 0x00000000a1c00000, size: 1508 MB, Compressed Oops mode: 32-bit

CDS archive(s) mapped at: [0x0000023c3b000000-0x0000023c3bbd0000-0x0000023c3bbd0000), size 12386304, SharedBaseAddress: 0x0000023c3b000000, ArchiveRelocationMode: 1.
Compressed class space mapped at: 0x0000023c3c000000-0x0000023c7c000000, reserved size: 1073741824
Narrow klass base: 0x0000023c3b000000, Narrow klass shift: 0, Narrow klass range: 0x100000000

GC Precious Log:
 CPUs: 4 total, 4 available
 Memory: 6030M
 Large Page Support: Disabled
 NUMA Support: Disabled
 Compressed Oops: Enabled (32-bit)
 Heap Region Size: 1M
 Heap Min Capacity: 8M
 Heap Initial Capacity: 96M
 Heap Max Capacity: 1508M
 Pre-touch: Disabled
 Parallel Workers: 4
 Concurrent Workers: 1
 Concurrent Refinement Workers: 4
 Periodic GC: Disabled

Heap:
 garbage-first heap   total 98304K, used 5120K [0x00000000a1c00000, 0x0000000100000000)
  region size 1024K, 7 young (7168K), 0 survivors (0K)
 Metaspace       used 2595K, committed 2688K, reserved 1114112K
  class space    used 274K, committed 320K, reserved 1048576K

Heap Regions: E=young(eden), S=young(survivor), O=old, HS=humongous(starts), HC=humongous(continues), CS=collection set, F=free, OA=open archive, CA=closed archive, TAMS=top-at-mark-start (previous, next)
|   0|0x00000000a1c00000, 0x00000000a1c00000, 0x00000000a1d00000|  0%| F|  |TAMS 0x00000000a1c00000, 0x00000000a1c00000| Untracked 
|   1|0x00000000a1d00000, 0x00000000a1d00000, 0x00000000a1e00000|  0%| F|  |TAMS 0x00000000a1d00000, 0x00000000a1d00000| Untracked 
|   2|0x00000000a1e00000, 0x00000000a1e00000, 0x00000000a1f00000|  0%| F|  |TAMS 0x00000000a1e00000, 0x00000000a1e00000| Untracked 
|   3|0x00000000a1f00000, 0x00000000a1f00000, 0x00000000a2000000|  0%| F|  |TAMS 0x00000000a1f00000, 0x00000000a1f00000| Untracked 
|   4|0x00000000a2000000, 0x00000000a2000000, 0x00000000a2100000|  0%| F|  |TAMS 0x00000000a2000000, 0x00000000a2000000| Untracked 
|   5|0x00000000a2100000, 0x00000000a2100000, 0x00000000a2200000|  0%| F|  |TAMS 0x00000000a2100000, 0x00000000a2100000| Untracked 
|   6|0x00000000a2200000, 0x00000000a2200000, 0x00000000a2300000|  0%| F|  |TAMS 0x00000000a2200000, 0x00000000a2200000| Untracked 
|   7|0x00000000a2300000, 0x00000000a2300000, 0x00000000a2400000|  0%| F|  |TAMS 0x00000000a2300000, 0x00000000a2300000| Untracked 
|   8|0x00000000a2400000, 0x00000000a2400000, 0x00000000a2500000|  0%| F|  |TAMS 0x00000000a2400000, 0x00000000a2400000| Untracked 
|   9|0x00000000a2500000, 0x00000000a2500000, 0x00000000a2600000|  0%| F|  |TAMS 0x00000000a2500000, 0x00000000a2500000| Untracked 
|  10|0x00000000a2600000, 0x00000000a2600000, 0x00000000a2700000|  0%| F|  |TAMS 0x00000000a2600000, 0x00000000a2600000| Untracked 
|  11|0x00000000a2700000, 0x00000000a2700000, 0x00000000a2800000|  0%| F|  |TAMS 0x00000000a2700000, 0x00000000a2700000| Untracked 
|  12|0x00000000a2800000, 0x00000000a2800000, 0x00000000a2900000|  0%| F|  |TAMS 0x00000000a2800000, 0x00000000a2800000| Untracked 
|  13|0x00000000a2900000, 0x00000000a2900000, 0x00000000a2a00000|  0%| F|  |TAMS 0x00000000a2900000, 0x00000000a2900000| Untracked 
|  14|0x00000000a2a00000, 0x00000000a2a00000, 0x00000000a2b00000|  0%| F|  |TAMS 0x00000000a2a00000, 0x00000000a2a00000| Untracked 
|  15|0x00000000a2b00000, 0x00000000a2b00000, 0x00000000a2c00000|  0%| F|  |TAMS 0x00000000a2b00000, 0x00000000a2b00000| Untracked 
|  16|0x00000000a2c00000, 0x00000000a2c00000, 0x00000000a2d00000|  0%| F|  |TAMS 0x00000000a2c00000, 0x00000000a2c00000| Untracked 
|  17|0x00000000a2d00000, 0x00000000a2d00000, 0x00000000a2e00000|  0%| F|  |TAMS 0x00000000a2d00000, 0x00000000a2d00000| Untracked 
|  18|0x00000000a2e00000, 0x00000000a2e00000, 0x00000000a2f00000|  0%| F|  |TAMS 0x00000000a2e00000, 0x00000000a2e00000| Untracked 
|  19|0x00000000a2f00000, 0x00000000a2f00000, 0x00000000a3000000|  0%| F|  |TAMS 0x00000000a2f00000, 0x00000000a2f00000| Untracked 
|  20|0x00000000a3000000, 0x00000000a3000000, 0x00000000a3100000|  0%| F|  |TAMS 0x00000000a3000000, 0x00000000a3000000| Untracked 
|  21|0x00000000a3100000, 0x00000000a3100000, 0x00000000a3200000|  0%| F|  |TAMS 0x00000000a3100000, 0x00000000a3100000| Untracked 
|  22|0x00000000a3200000, 0x00000000a3200000, 0x00000000a3300000|  0%| F|  |TAMS 0x00000000a3200000, 0x00000000a3200000| Untracked 
|  23|0x00000000a3300000, 0x00000000a3300000, 0x00000000a3400000|  0%| F|  |TAMS 0x00000000a3300000, 0x00000000a3300000| Untracked 
|  24|0x00000000a3400000, 0x00000000a3400000, 0x00000000a3500000|  0%| F|  |TAMS 0x00000000a3400000, 0x00000000a3400000| Untracked 
|  25|0x00000000a3500000, 0x00000000a3500000, 0x00000000a3600000|  0%| F|  |TAMS 0x00000000a3500000, 0x00000000a3500000| Untracked 
|  26|0x00000000a3600000, 0x00000000a3600000, 0x00000000a3700000|  0%| F|  |TAMS 0x00000000a3600000, 0x00000000a3600000| Untracked 
|  27|0x00000000a3700000, 0x00000000a3700000, 0x00000000a3800000|  0%| F|  |TAMS 0x00000000a3700000, 0x00000000a3700000| Untracked 
|  28|0x00000000a3800000, 0x00000000a3800000, 0x00000000a3900000|  0%| F|  |TAMS 0x00000000a3800000, 0x00000000a3800000| Untracked 
|  29|0x00000000a3900000, 0x00000000a3900000, 0x00000000a3a00000|  0%| F|  |TAMS 0x00000000a3900000, 0x00000000a3900000| Untracked 
|  30|0x00000000a3a00000, 0x00000000a3a00000, 0x00000000a3b00000|  0%| F|  |TAMS 0x00000000a3a00000, 0x00000000a3a00000| Untracked 
|  31|0x00000000a3b00000, 0x00000000a3b00000, 0x00000000a3c00000|  0%| F|  |TAMS 0x00000000a3b00000, 0x00000000a3b00000| Untracked 
|  32|0x00000000a3c00000, 0x00000000a3c00000, 0x00000000a3d00000|  0%| F|  |TAMS 0x00000000a3c00000, 0x00000000a3c00000| Untracked 
|  33|0x00000000a3d00000, 0x00000000a3d00000, 0x00000000a3e00000|  0%| F|  |TAMS 0x00000000a3d00000, 0x00000000a3d00000| Untracked 
|  34|0x00000000a3e00000, 0x00000000a3e00000, 0x00000000a3f00000|  0%| F|  |TAMS 0x00000000a3e00000, 0x00000000a3e00000| Untracked 
|  35|0x00000000a3f00000, 0x00000000a3f00000, 0x00000000a4000000|  0%| F|  |TAMS 0x00000000a3f00000, 0x00000000a3f00000| Untracked 
|  36|0x00000000a4000000, 0x00000000a4000000, 0x00000000a4100000|  0%| F|  |TAMS 0x00000000a4000000, 0x00000000a4000000| Untracked 
|  37|0x00000000a4100000, 0x00000000a4100000, 0x00000000a4200000|  0%| F|  |TAMS 0x00000000a4100000, 0x00000000a4100000| Untracked 
|  38|0x00000000a4200000, 0x00000000a4200000, 0x00000000a4300000|  0%| F|  |TAMS 0x00000000a4200000, 0x00000000a4200000| Untracked 
|  39|0x00000000a4300000, 0x00000000a4300000, 0x00000000a4400000|  0%| F|  |TAMS 0x00000000a4300000, 0x00000000a4300000| Untracked 
|  40|0x00000000a4400000, 0x00000000a4400000, 0x00000000a4500000|  0%| F|  |TAMS 0x00000000a4400000, 0x00000000a4400000| Untracked 
|  41|0x00000000a4500000, 0x00000000a4500000, 0x00000000a4600000|  0%| F|  |TAMS 0x00000000a4500000, 0x00000000a4500000| Untracked 
|  42|0x00000000a4600000, 0x00000000a4600000, 0x00000000a4700000|  0%| F|  |TAMS 0x00000000a4600000, 0x00000000a4600000| Untracked 
|  43|0x00000000a4700000, 0x00000000a4700000, 0x00000000a4800000|  0%| F|  |TAMS 0x00000000a4700000, 0x00000000a4700000| Untracked 
|  44|0x00000000a4800000, 0x00000000a4800000, 0x00000000a4900000|  0%| F|  |TAMS 0x00000000a4800000, 0x00000000a4800000| Untracked 
|  45|0x00000000a4900000, 0x00000000a4900000, 0x00000000a4a00000|  0%| F|  |TAMS 0x00000000a4900000, 0x00000000a4900000| Untracked 
|  46|0x00000000a4a00000, 0x00000000a4a00000, 0x00000000a4b00000|  0%| F|  |TAMS 0x00000000a4a00000, 0x00000000a4a00000| Untracked 
|  47|0x00000000a4b00000, 0x00000000a4b00000, 0x00000000a4c00000|  0%| F|  |TAMS 0x00000000a4b00000, 0x00000000a4b00000| Untracked 
|  48|0x00000000a4c00000, 0x00000000a4c00000, 0x00000000a4d00000|  0%| F|  |TAMS 0x00000000a4c00000, 0x00000000a4c00000| Untracked 
|  49|0x00000000a4d00000, 0x00000000a4d00000, 0x00000000a4e00000|  0%| F|  |TAMS 0x00000000a4d00000, 0x00000000a4d00000| Untracked 
|  50|0x00000000a4e00000, 0x00000000a4e00000, 0x00000000a4f00000|  0%| F|  |TAMS 0x00000000a4e00000, 0x00000000a4e00000| Untracked 
|  51|0x00000000a4f00000, 0x00000000a4f00000, 0x00000000a5000000|  0%| F|  |TAMS 0x00000000a4f00000, 0x00000000a4f00000| Untracked 
|  52|0x00000000a5000000, 0x00000000a5000000, 0x00000000a5100000|  0%| F|  |TAMS 0x00000000a5000000, 0x00000000a5000000| Untracked 
|  53|0x00000000a5100000, 0x00000000a5100000, 0x00000000a5200000|  0%| F|  |TAMS 0x00000000a5100000, 0x00000000a5100000| Untracked 
|  54|0x00000000a5200000, 0x00000000a5200000, 0x00000000a5300000|  0%| F|  |TAMS 0x00000000a5200000, 0x00000000a5200000| Untracked 
|  55|0x00000000a5300000, 0x00000000a5300000, 0x00000000a5400000|  0%| F|  |TAMS 0x00000000a5300000, 0x00000000a5300000| Untracked 
|  56|0x00000000a5400000, 0x00000000a5400000, 0x00000000a5500000|  0%| F|  |TAMS 0x00000000a5400000, 0x00000000a5400000| Untracked 
|  57|0x00000000a5500000, 0x00000000a5500000, 0x00000000a5600000|  0%| F|  |TAMS 0x00000000a5500000, 0x00000000a5500000| Untracked 
|  58|0x00000000a5600000, 0x00000000a5600000, 0x00000000a5700000|  0%| F|  |TAMS 0x00000000a5600000, 0x00000000a5600000| Untracked 
|  59|0x00000000a5700000, 0x00000000a5700000, 0x00000000a5800000|  0%| F|  |TAMS 0x00000000a5700000, 0x00000000a5700000| Untracked 
|  60|0x00000000a5800000, 0x00000000a5800000, 0x00000000a5900000|  0%| F|  |TAMS 0x00000000a5800000, 0x00000000a5800000| Untracked 
|  61|0x00000000a5900000, 0x00000000a5900000, 0x00000000a5a00000|  0%| F|  |TAMS 0x00000000a5900000, 0x00000000a5900000| Untracked 
|  62|0x00000000a5a00000, 0x00000000a5a00000, 0x00000000a5b00000|  0%| F|  |TAMS 0x00000000a5a00000, 0x00000000a5a00000| Untracked 
|  63|0x00000000a5b00000, 0x00000000a5b00000, 0x00000000a5c00000|  0%| F|  |TAMS 0x00000000a5b00000, 0x00000000a5b00000| Untracked 
|  64|0x00000000a5c00000, 0x00000000a5c00000, 0x00000000a5d00000|  0%| F|  |TAMS 0x00000000a5c00000, 0x00000000a5c00000| Untracked 
|  65|0x00000000a5d00000, 0x00000000a5d00000, 0x00000000a5e00000|  0%| F|  |TAMS 0x00000000a5d00000, 0x00000000a5d00000| Untracked 
|  66|0x00000000a5e00000, 0x00000000a5e00000, 0x00000000a5f00000|  0%| F|  |TAMS 0x00000000a5e00000, 0x00000000a5e00000| Untracked 
|  67|0x00000000a5f00000, 0x00000000a5f00000, 0x00000000a6000000|  0%| F|  |TAMS 0x00000000a5f00000, 0x00000000a5f00000| Untracked 
|  68|0x00000000a6000000, 0x00000000a6000000, 0x00000000a6100000|  0%| F|  |TAMS 0x00000000a6000000, 0x00000000a6000000| Untracked 
|  69|0x00000000a6100000, 0x00000000a6100000, 0x00000000a6200000|  0%| F|  |TAMS 0x00000000a6100000, 0x00000000a6100000| Untracked 
|  70|0x00000000a6200000, 0x00000000a6200000, 0x00000000a6300000|  0%| F|  |TAMS 0x00000000a6200000, 0x00000000a6200000| Untracked 
|  71|0x00000000a6300000, 0x00000000a6300000, 0x00000000a6400000|  0%| F|  |TAMS 0x00000000a6300000, 0x00000000a6300000| Untracked 
|  72|0x00000000a6400000, 0x00000000a6400000, 0x00000000a6500000|  0%| F|  |TAMS 0x00000000a6400000, 0x00000000a6400000| Untracked 
|  73|0x00000000a6500000, 0x00000000a6500000, 0x00000000a6600000|  0%| F|  |TAMS 0x00000000a6500000, 0x00000000a6500000| Untracked 
|  74|0x00000000a6600000, 0x00000000a6600000, 0x00000000a6700000|  0%| F|  |TAMS 0x00000000a6600000, 0x00000000a6600000| Untracked 
|  75|0x00000000a6700000, 0x00000000a6700000, 0x00000000a6800000|  0%| F|  |TAMS 0x00000000a6700000, 0x00000000a6700000| Untracked 
|  76|0x00000000a6800000, 0x00000000a6800000, 0x00000000a6900000|  0%| F|  |TAMS 0x00000000a6800000, 0x00000000a6800000| Untracked 
|  77|0x00000000a6900000, 0x00000000a6900000, 0x00000000a6a00000|  0%| F|  |TAMS 0x00000000a6900000, 0x00000000a6900000| Untracked 
|  78|0x00000000a6a00000, 0x00000000a6a00000, 0x00000000a6b00000|  0%| F|  |TAMS 0x00000000a6a00000, 0x00000000a6a00000| Untracked 
|  79|0x00000000a6b00000, 0x00000000a6b00000, 0x00000000a6c00000|  0%| F|  |TAMS 0x00000000a6b00000, 0x00000000a6b00000| Untracked 
|  80|0x00000000a6c00000, 0x00000000a6c00000, 0x00000000a6d00000|  0%| F|  |TAMS 0x00000000a6c00000, 0x00000000a6c00000| Untracked 
|  81|0x00000000a6d00000, 0x00000000a6d00000, 0x00000000a6e00000|  0%| F|  |TAMS 0x00000000a6d00000, 0x00000000a6d00000| Untracked 
|  82|0x00000000a6e00000, 0x00000000a6e00000, 0x00000000a6f00000|  0%| F|  |TAMS 0x00000000a6e00000, 0x00000000a6e00000| Untracked 
|  83|0x00000000a6f00000, 0x00000000a6f00000, 0x00000000a7000000|  0%| F|  |TAMS 0x00000000a6f00000, 0x00000000a6f00000| Untracked 
|  84|0x00000000a7000000, 0x00000000a7000000, 0x00000000a7100000|  0%| F|  |TAMS 0x00000000a7000000, 0x00000000a7000000| Untracked 
|  85|0x00000000a7100000, 0x00000000a7100000, 0x00000000a7200000|  0%| F|  |TAMS 0x00000000a7100000, 0x00000000a7100000| Untracked 
|  86|0x00000000a7200000, 0x00000000a7200000, 0x00000000a7300000|  0%| F|  |TAMS 0x00000000a7200000, 0x00000000a7200000| Untracked 
|  87|0x00000000a7300000, 0x00000000a7300000, 0x00000000a7400000|  0%| F|  |TAMS 0x00000000a7300000, 0x00000000a7300000| Untracked 
|  88|0x00000000a7400000, 0x00000000a7400000, 0x00000000a7500000|  0%| F|  |TAMS 0x00000000a7400000, 0x00000000a7400000| Untracked 
|  89|0x00000000a7500000, 0x00000000a7600000, 0x00000000a7600000|100%| E|  |TAMS 0x00000000a7500000, 0x00000000a7500000| Complete 
|  90|0x00000000a7600000, 0x00000000a7700000, 0x00000000a7700000|100%| E|CS|TAMS 0x00000000a7600000, 0x00000000a7600000| Complete 
|  91|0x00000000a7700000, 0x00000000a7800000, 0x00000000a7800000|100%| E|CS|TAMS 0x00000000a7700000, 0x00000000a7700000| Complete 
|  92|0x00000000a7800000, 0x00000000a7900000, 0x00000000a7900000|100%| E|CS|TAMS 0x00000000a7800000, 0x00000000a7800000| Complete 
|  93|0x00000000a7900000, 0x00000000a7a00000, 0x00000000a7a00000|100%| E|CS|TAMS 0x00000000a7900000, 0x00000000a7900000| Complete 
|  94|0x00000000a7a00000, 0x00000000a7b00000, 0x00000000a7b00000|100%| E|  |TAMS 0x00000000a7a00000, 0x00000000a7a00000| Complete 
|  95|0x00000000a7b00000, 0x00000000a7c00000, 0x00000000a7c00000|100%| E|CS|TAMS 0x00000000a7b00000, 0x00000000a7b00000| Complete 

Card table byte_map: [0x0000023c348b0000,0x0000023c34bb0000] _byte_map_base: 0x0000023c343a2000

Marking Bits (Prev, Next): (CMBitMap*) 0x0000023c1dd3e880, (CMBitMap*) 0x0000023c1dd3e8c0
 Prev Bits: [0x0000023c34eb0000, 0x0000023c36640000)
 Next Bits: [0x0000023c36640000, 0x0000023c37dd0000)

Polling page: 0x0000023c1d4c0000

Metaspace:

Usage:
  Non-class:      2.27 MB used.
      Class:    274.71 KB used.
       Both:      2.54 MB used.

Virtual space:
  Non-class space:       64.00 MB reserved,       2.31 MB (  4%) committed,  1 nodes.
      Class space:        1.00 GB reserved,     320.00 KB ( <1%) committed,  1 nodes.
             Both:        1.06 GB reserved,       2.62 MB ( <1%) committed. 

Chunk freelists:
   Non-Class:  11.05 MB
       Class:  15.62 MB
        Both:  26.67 MB

MaxMetaspaceSize: unlimited
CompressedClassSpaceSize: 1.00 GB
Initial GC threshold: 21.00 MB
Current GC threshold: 21.00 MB
CDS: on
MetaspaceReclaimPolicy: balanced
 - commit_granule_bytes: 65536.
 - commit_granule_words: 8192.
 - virtual_space_node_default_size: 8388608.
 - enlarge_chunks_in_place: 1.
 - new_chunks_are_fully_committed: 0.
 - uncommit_free_chunks: 1.
 - use_allocation_guard: 0.
 - handle_deallocations: 1.


Internal statistics:

num_allocs_failed_limit: 0.
num_arena_births: 10.
num_arena_deaths: 0.
num_vsnodes_births: 2.
num_vsnodes_deaths: 0.
num_space_committed: 42.
num_space_uncommitted: 0.
num_chunks_returned_to_freelist: 0.
num_chunks_taken_from_freelist: 58.
num_chunk_merges: 0.
num_chunk_splits: 40.
num_chunks_enlarged: 33.
num_inconsistent_stats: 0.

CodeHeap 'non-profiled nmethods': size=120000Kb used=133Kb max_used=133Kb free=119866Kb
 bounds [0x0000023c2d080000, 0x0000023c2d2f0000, 0x0000023c345b0000]
CodeHeap 'profiled nmethods': size=120000Kb used=758Kb max_used=758Kb free=119241Kb
 bounds [0x0000023c255b0000, 0x0000023c25820000, 0x0000023c2cae0000]
CodeHeap 'non-nmethods': size=5760Kb used=1111Kb max_used=1120Kb free=4648Kb
 bounds [0x0000023c2cae0000, 0x0000023c2cd50000, 0x0000023c2d080000]
 total_blobs=889 nmethods=501 adapters=301
 compilation: enabled
              stopped_count=0, restarted_count=0
 full_count=0

Compilation events (20 events):
Event: 1.391 Thread 0x0000023c3a269ac0  491       3       java.lang.String::indexOf (113 bytes)
Event: 1.392 Thread 0x0000023c3a269ac0 nmethod 491 0x0000023c25664c10 code [0x0000023c25664e40, 0x0000023c25665468]
Event: 1.393 Thread 0x0000023c3a269ac0  492       3       java.util.zip.ZipCoder$UTF8ZipCoder::toString (12 bytes)
Event: 1.394 Thread 0x0000023c3a269ac0 nmethod 492 0x0000023c25665610 code [0x0000023c256657c0, 0x0000023c25665968]
Event: 1.394 Thread 0x0000023c3a269ac0  493       3       java.util.ArrayDeque::add (7 bytes)
Event: 1.395 Thread 0x0000023c3a269ac0 nmethod 493 0x0000023c25665a90 code [0x0000023c25665c40, 0x0000023c25665d88]
Event: 1.395 Thread 0x0000023c3a269ac0  494       3       java.util.ArrayDeque::addLast (51 bytes)
Event: 1.395 Thread 0x0000023c3a269ac0 nmethod 494 0x0000023c25665e10 code [0x0000023c25665fe0, 0x0000023c256664b8]
Event: 1.395 Thread 0x0000023c3a269ac0  495       3       java.lang.Class::getPackageName (81 bytes)
Event: 1.396 Thread 0x0000023c3a269ac0 nmethod 495 0x0000023c25666690 code [0x0000023c25666920, 0x0000023c256673c8]
Event: 1.396 Thread 0x0000023c3a269ac0  497       3       java.util.zip.ZipUtils::LOCSIG (6 bytes)
Event: 1.396 Thread 0x0000023c3a269ac0 nmethod 497 0x0000023c25667790 code [0x0000023c25667940, 0x0000023c25667c18]
Event: 1.400 Thread 0x0000023c3a269ac0  498       3       java.lang.String::newStringUTF8NoRepl (274 bytes)
Event: 1.401 Thread 0x0000023c3a269ac0 nmethod 498 0x0000023c25667d90 code [0x0000023c25668060, 0x0000023c25669078]
Event: 1.407 Thread 0x0000023c3a269ac0  499       3       java.lang.ref.WeakReference::<init> (7 bytes)
Event: 1.407 Thread 0x0000023c3a269ac0 nmethod 499 0x0000023c25669610 code [0x0000023c256697c0, 0x0000023c25669a98]
Event: 1.421 Thread 0x0000023c3a269ac0  500       3       jdk.internal.loader.URLClassPath::getResource (74 bytes)
Event: 1.421 Thread 0x0000023c3a269ac0 nmethod 500 0x0000023c25669b90 code [0x0000023c25669d60, 0x0000023c2566a0b8]
Event: 1.422 Thread 0x0000023c3a269ac0  501   !   3       java.util.concurrent.ConcurrentHashMap::computeIfAbsent (576 bytes)
Event: 1.425 Thread 0x0000023c3a269ac0 nmethod 501 0x0000023c2566a210 code [0x0000023c2566a620, 0x0000023c2566c9f8]

GC Heap History (0 events):
No events

Deoptimization events (4 events):
Event: 1.141 Thread 0x0000023c1dcef7f0 DEOPT PACKING pc=0x0000023c255c5de7 sp=0x0000007c215fcfc0
Event: 1.141 Thread 0x0000023c1dcef7f0 DEOPT UNPACKING pc=0x0000023c2cb32b43 sp=0x0000007c215fc3e0 mode 0
Event: 1.188 Thread 0x0000023c1dcef7f0 DEOPT PACKING pc=0x0000023c255b7c51 sp=0x0000007c215fc7f0
Event: 1.188 Thread 0x0000023c1dcef7f0 DEOPT UNPACKING pc=0x0000023c2cb32b43 sp=0x0000007c215fbc68 mode 0

Classes unloaded (0 events):
No events

Classes redefined (0 events):
No events

Internal exceptions (15 events):
Event: 1.224 Thread 0x0000023c1dcef7f0 Exception <a 'java/lang/ClassNotFoundException'{0x00000000a78e4528}: org/apache/log4j/PatternLayoutBeanInfo> (0x00000000a78e4528) 
thrown [s\open\src\hotspot\share\classfile\systemDictionary.cpp, line 256]
Event: 1.225 Thread 0x0000023c1dcef7f0 Exception <a 'java/lang/ClassNotFoundException'{0x00000000a78e6648}: org/apache/log4j/LayoutBeanInfo> (0x00000000a78e6648) 
thrown [s\open\src\hotspot\share\classfile\systemDictionary.cpp, line 256]
Event: 1.225 Thread 0x0000023c1dcef7f0 Exception <a 'java/lang/ClassNotFoundException'{0x00000000a78e7348}: java/lang/ObjectBeanInfo> (0x00000000a78e7348) 
thrown [s\open\src\hotspot\share\classfile\systemDictionary.cpp, line 256]
Event: 1.227 Thread 0x0000023c1dcef7f0 Exception <a 'java/lang/ClassNotFoundException'{0x00000000a78ec920}: java/lang/ObjectCustomizer> (0x00000000a78ec920) 
thrown [s\open\src\hotspot\share\classfile\systemDictionary.cpp, line 256]
Event: 1.235 Thread 0x0000023c1dcef7f0 Exception <a 'java/lang/NoSuchMethodError'{0x00000000a78f4fb0}: 'java.lang.Object java.lang.invoke.DirectMethodHandle$Holder.invokeInterface(java.lang.Object, java.lang.Object)'> (0x00000000a78f4fb0) 
thrown [s\open\src\hotspot\share\interpreter\linkResolver.cpp, line 759]
Event: 1.235 Thread 0x0000023c1dcef7f0 Exception <a 'java/lang/IncompatibleClassChangeError'{0x00000000a78f8918}: Found class java.lang.Object, but interface was expected> (0x00000000a78f8918) 
thrown [s\open\src\hotspot\share\interpreter\linkResolver.cpp, line 826]
Event: 1.246 Thread 0x0000023c1dcef7f0 Exception <a 'java/lang/ClassNotFoundException'{0x00000000a7712be8}: org/apache/log4j/LayoutCustomizer> (0x00000000a7712be8) 
thrown [s\open\src\hotspot\share\classfile\systemDictionary.cpp, line 256]
Event: 1.249 Thread 0x0000023c1dcef7f0 Exception <a 'java/lang/ClassNotFoundException'{0x00000000a7721ab8}: org/apache/log4j/PatternLayoutCustomizer> (0x00000000a7721ab8) 
thrown [s\open\src\hotspot\share\classfile\systemDictionary.cpp, line 256]
Event: 1.251 Thread 0x0000023c1dcef7f0 Exception <a 'java/lang/ClassNotFoundException'{0x00000000a7729000}: org/apache/log4j/ConsoleAppenderBeanInfo> (0x00000000a7729000) 
thrown [s\open\src\hotspot\share\classfile\systemDictionary.cpp, line 256]
Event: 1.251 Thread 0x0000023c1dcef7f0 Exception <a 'java/lang/ClassNotFoundException'{0x00000000a772b190}: org/apache/log4j/WriterAppenderBeanInfo> (0x00000000a772b190) 
thrown [s\open\src\hotspot\share\classfile\systemDictionary.cpp, line 256]
Event: 1.252 Thread 0x0000023c1dcef7f0 Exception <a 'java/lang/ClassNotFoundException'{0x00000000a772d608}: org/apache/log4j/AppenderSkeletonBeanInfo> (0x00000000a772d608) 
thrown [s\open\src\hotspot\share\classfile\systemDictionary.cpp, line 256]
Event: 1.252 Thread 0x0000023c1dcef7f0 Exception <a 'java/lang/ClassNotFoundException'{0x00000000a772fa80}: org/apache/log4j/AppenderSkeletonCustomizer> (0x00000000a772fa80) 
thrown [s\open\src\hotspot\share\classfile\systemDictionary.cpp, line 256]
Event: 1.255 Thread 0x0000023c1dcef7f0 Exception <a 'java/lang/ClassNotFoundException'{0x00000000a773f298}: org/apache/log4j/WriterAppenderCustomizer> (0x00000000a773f298) 
thrown [s\open\src\hotspot\share\classfile\systemDictionary.cpp, line 256]
Event: 1.257 Thread 0x0000023c1dcef7f0 Exception <a 'java/lang/ClassNotFoundException'{0x00000000a774b3c8}: org/apache/log4j/ConsoleAppenderCustomizer> (0x00000000a774b3c8) 
thrown [s\open\src\hotspot\share\classfile\systemDictionary.cpp, line 256]
Event: 1.330 Thread 0x0000023c1dcef7f0 Exception <a 'sun/nio/fs/WindowsException'{0x00000000a7652db8}> (0x00000000a7652db8) 
thrown [s\open\src\hotspot\share\prims\jni.cpp, line 516]

VM Operations (10 events):
Event: 0.301 Executing VM operation: HandshakeAllThreads
Event: 0.301 Executing VM operation: HandshakeAllThreads done
Event: 1.143 Executing VM operation: HandshakeAllThreads
Event: 1.143 Executing VM operation: HandshakeAllThreads done
Event: 1.143 Executing VM operation: Cleanup
Event: 1.143 Executing VM operation: Cleanup done
Event: 1.202 Executing VM operation: HandshakeAllThreads
Event: 1.202 Executing VM operation: HandshakeAllThreads done
Event: 1.264 Executing VM operation: HandshakeAllThreads
Event: 1.264 Executing VM operation: HandshakeAllThreads done

Events (20 events):
Event: 1.381 loading class java/nio/channels/spi/AbstractInterruptibleChannel
Event: 1.381 loading class java/nio/channels/InterruptibleChannel
Event: 1.381 loading class java/nio/channels/InterruptibleChannel done
Event: 1.381 loading class java/nio/channels/spi/AbstractInterruptibleChannel done
Event: 1.381 loading class java/nio/channels/FileChannel done
Event: 1.381 loading class sun/nio/ch/FileChannelImpl done
Event: 1.381 loading class java/nio/file/attribute/FileAttribute
Event: 1.381 loading class java/nio/file/attribute/FileAttribute done
Event: 1.381 loading class sun/nio/ch/IOUtil
Event: 1.382 loading class sun/nio/ch/IOUtil done
Event: 1.385 loading class sun/nio/ch/NativeThreadSet
Event: 1.385 loading class sun/nio/ch/NativeThreadSet done
Event: 1.385 loading class sun/nio/ch/FileDispatcherImpl
Event: 1.385 loading class sun/nio/ch/FileDispatcher
Event: 1.385 loading class sun/nio/ch/NativeDispatcher
Event: 1.386 loading class sun/nio/ch/NativeDispatcher done
Event: 1.386 loading class sun/nio/ch/FileDispatcher done
Event: 1.386 loading class sun/nio/ch/FileDispatcherImpl done
Event: 1.386 loading class sun/nio/ch/FileChannelImpl$Closer
Event: 1.386 loading class sun/nio/ch/FileChannelImpl$Closer done


Dynamic libraries:
0x00007ff6b23c0000 - 0x00007ff6b23d0000 	C:\Program Files\Java\jdk-17\bin\java.exe
0x00007ffe0bf70000 - 0x00007ffe0c168000 	C:\WINDOWS\SYSTEM32\ntdll.dll
0x00007ffe0a240000 - 0x00007ffe0a302000 	C:\WINDOWS\System32\KERNEL32.DLL
0x00007ffe09770000 - 0x00007ffe09a6e000 	C:\WINDOWS\System32\KERNELBASE.dll
0x00007ffe09670000 - 0x00007ffe09770000 	C:\WINDOWS\System32\ucrtbase.dll
0x00007ffe027a0000 - 0x00007ffe027b9000 	C:\Program Files\Java\jdk-17\bin\jli.dll
0x00007ffe0a0d0000 - 0x00007ffe0a182000 	C:\WINDOWS\System32\ADVAPI32.dll
0x00007ffe0a690000 - 0x00007ffe0a72e000 	C:\WINDOWS\System32\msvcrt.dll
0x00007ffe0bcd0000 - 0x00007ffe0bd70000 	C:\WINDOWS\System32\sechost.dll
0x00007ffe0af80000 - 0x00007ffe0b0a3000 	C:\WINDOWS\System32\RPCRT4.dll
0x00007ffe09640000 - 0x00007ffe09667000 	C:\WINDOWS\System32\bcrypt.dll
0x00007ffe0b6c0000 - 0x00007ffe0b85d000 	C:\WINDOWS\System32\USER32.dll
0x00007ffe09610000 - 0x00007ffe09632000 	C:\WINDOWS\System32\win32u.dll
0x00007ffe0a7b0000 - 0x00007ffe0a7db000 	C:\WINDOWS\System32\GDI32.dll
0x00007ffe09d90000 - 0x00007ffe09ea7000 	C:\WINDOWS\System32\gdi32full.dll
0x00007ffe09cf0000 - 0x00007ffe09d8d000 	C:\WINDOWS\System32\msvcp_win.dll
0x00007ffe05270000 - 0x00007ffe0528b000 	C:\Program Files\Java\jdk-17\bin\VCRUNTIME140.dll
0x00007ffdf9960000 - 0x00007ffdf9bfa000 	C:\WINDOWS\WinSxS\amd64_microsoft.windows.common-controls_6595b64144ccf1df_6.0.19041.4355_none_60b8b9eb71f62e16\COMCTL32.dll
0x00007ffe01620000 - 0x00007ffe0162a000 	C:\WINDOWS\SYSTEM32\VERSION.dll
0x00007ffe0af50000 - 0x00007ffe0af7f000 	C:\WINDOWS\System32\IMM32.DLL
0x00007ffe067a0000 - 0x00007ffe067ac000 	C:\Program Files\Java\jdk-17\bin\vcruntime140_1.dll
0x00007ffdee2d0000 - 0x00007ffdee35e000 	C:\Program Files\Java\jdk-17\bin\msvcp140.dll
0x00007ffd5da70000 - 0x00007ffd5e650000 	C:\Program Files\Java\jdk-17\bin\server\jvm.dll
0x00007ffe09fa0000 - 0x00007ffe09fa8000 	C:\WINDOWS\System32\PSAPI.DLL
0x00007ffe05260000 - 0x00007ffe05269000 	C:\WINDOWS\SYSTEM32\WSOCK32.dll
0x00007ffe0be60000 - 0x00007ffe0becb000 	C:\WINDOWS\System32\WS2_32.dll
0x00007ffdfebb0000 - 0x00007ffdfebd7000 	C:\WINDOWS\SYSTEM32\WINMM.dll
0x00007ffe071a0000 - 0x00007ffe071b2000 	C:\WINDOWS\SYSTEM32\kernel.appcore.dll
0x00007ffe06770000 - 0x00007ffe0677a000 	C:\Program Files\Java\jdk-17\bin\jimage.dll
0x00007ffe01430000 - 0x00007ffe01614000 	C:\WINDOWS\SYSTEM32\DBGHELP.DLL
0x00007ffdf5480000 - 0x00007ffdf54b4000 	C:\WINDOWS\SYSTEM32\dbgcore.DLL
0x00007ffe09f00000 - 0x00007ffe09f82000 	C:\WINDOWS\System32\bcryptPrimitives.dll
0x00007ffdf8570000 - 0x00007ffdf8595000 	C:\Program Files\Java\jdk-17\bin\java.dll
0x00007ffdd84f0000 - 0x00007ffdd85c7000 	C:\Program Files\Java\jdk-17\bin\jsvml.dll
0x00007ffe0a7e0000 - 0x00007ffe0af4f000 	C:\WINDOWS\System32\SHELL32.dll
0x00007ffe073a0000 - 0x00007ffe07b44000 	C:\WINDOWS\SYSTEM32\windows.storage.dll
0x00007ffe0a330000 - 0x00007ffe0a683000 	C:\WINDOWS\System32\combase.dll
0x00007ffe08f70000 - 0x00007ffe08f9e000 	C:\WINDOWS\SYSTEM32\Wldp.dll
0x00007ffe0b1e0000 - 0x00007ffe0b2ad000 	C:\WINDOWS\System32\OLEAUT32.dll
0x00007ffe0a190000 - 0x00007ffe0a23d000 	C:\WINDOWS\System32\SHCORE.dll
0x00007ffe0bed0000 - 0x00007ffe0bf25000 	C:\WINDOWS\System32\shlwapi.dll
0x00007ffe09540000 - 0x00007ffe09564000 	C:\WINDOWS\SYSTEM32\profapi.dll
0x00007ffdfeb90000 - 0x00007ffdfeba9000 	C:\Program Files\Java\jdk-17\bin\net.dll
0x00007ffe08570000 - 0x00007ffe0867d000 	C:\WINDOWS\SYSTEM32\WINHTTP.dll
0x00007ffe08cd0000 - 0x00007ffe08d3a000 	C:\WINDOWS\system32\mswsock.dll
0x00007ffdf8e70000 - 0x00007ffdf8e86000 	C:\Program Files\Java\jdk-17\bin\nio.dll
0x00007ffdf8e30000 - 0x00007ffdf8e48000 	C:\Program Files\Java\jdk-17\bin\zip.dll
0x00007ffdf8660000 - 0x00007ffdf8670000 	C:\Program Files\Java\jdk-17\bin\verify.dll

dbghelp: loaded successfully - version: 4.0.5 - missing functions: none
symbol engine: initialized successfully - sym options: 0x614 - pdb path: .;C:\Program Files\Java\jdk-17\bin;C:\WINDOWS\SYSTEM32;C:\WINDOWS\WinSxS\amd64_microsoft.windows.common-controls_6595b64144ccf1df_6.0.19041.4355_none_60b8b9eb71f62e16;C:\Program Files\Java\jdk-17\bin\server

VM Arguments:
java_command: io.qameta.allure.CommandLine generate D:\frameium\Frameium_allure\allure-results --clean -o D:\frameium\Frameium_allure\allure-report-generate
java_class_path (initial): D:\frameium\Frameium_allure\.allure\allure-2.8.1\bin\..\lib\allure-commandline-2.8.1.jar;D:\frameium\Frameium_allure\.allure\allure-2.8.1\bin\..\lib\allure-generator-2.8.1.jar;D:\frameium\Frameium_allure\.allure\allure-2.8.1\bin\..\lib\jcommander-1.72.jar;D:\frameium\Frameium_allure\.allure\allure-2.8.1\bin\..\lib\jetty-server-9.4.11.v20180605.jar;D:\frameium\Frameium_allure\.allure\allure-2.8.1\bin\..\lib\slf4j-log4j12-1.7.25.jar;D:\frameium\Frameium_allure\.allure\allure-2.8.1\bin\..\lib\jackson-dataformat-xml-2.9.6.jar;D:\frameium\Frameium_allure\.allure\allure-2.8.1\bin\..\lib\allure-plugin-api-2.8.1.jar;D:\frameium\Frameium_allure\.allure\allure-2.8.1\bin\..\lib\jackson-dataformat-yaml-2.9.6.jar;D:\frameium\Frameium_allure\.allure\allure-2.8.1\bin\..\lib\commons-io-2.6.jar;D:\frameium\Frameium_allure\.allure\allure-2.8.1\bin\..\lib\allure2-model-api-1.0.0.jar;D:\frameium\Frameium_allure\.allure\allure-2.8.1\bin\..\lib\allure1-model-1.0.jar;D:\frameium\Frameium_allure\.allure\allure-2.8.1\bin\..\lib\httpclient-4.5.6.jar;D:\frameium\Frameium_allure\.allure\allure-2.8.1\bin\..\lib\allure2-model-jackson-1.0.0.jar;D:\frameium\Frameium_allure\.allure\allure-2.8.1\bin\..\lib\allure2-model-pojo-1.0.0.jar;D:\frameium\Frameium_allure\.allure\allure-2.8.1\bin\..\lib\tika-core-1.18.jar;D:\frameium\Frameium_allure\.allure\allure-2.8.1\bin\..\lib\javax.servlet-api-3.1.0.jar;D:\frameium\Frameium_allure\.allure\allure-2.8.1\bin\..\lib\jetty-http-9.4.11.v20180605.jar;D:\frameium\Frameium_allure\.allure\allure-2.8.1\bin\..\lib\jetty-io-9.4.11.v20180605.jar;D:\frameium\Frameium_allure\.allure\allure-2.8.1\bin\..\lib\slf4j-api-1.7.25.jar;D:\frameium\Frameium_allure\.allure\allure-2.8.1\bin\..\lib\log4j-1.2.17.jar;D:\frameium\Frameium_allure\.allure\allure-2.8.1\bin\..\lib\jackson-module-jaxb-annotations-2.9.6.jar;D:\frameium\Frameium_allure\.allure\allure-2.8.1\bin\..\lib\jackson-databind-2.9.6.jar;D:\frameium\Frameium_allure\.allure\allure-2.8.1\bin\.
Launcher Type: SUN_STANDARD

[Global flags]
     intx CICompilerCount                          = 3                                         {product} {ergonomic}
     uint ConcGCThreads                            = 1                                         {product} {ergonomic}
     uint G1ConcRefinementThreads                  = 4                                         {product} {ergonomic}
   size_t G1HeapRegionSize                         = 1048576                                   {product} {ergonomic}
    uintx GCDrainStackTargetSize                   = 64                                        {product} {ergonomic}
   size_t InitialHeapSize                          = 100663296                                 {product} {ergonomic}
   size_t MarkStackSize                            = 4194304                                   {product} {ergonomic}
   size_t MaxHeapSize                              = 1581252608                                {product} {ergonomic}
   size_t MaxNewSize                               = 947912704                                 {product} {ergonomic}
   size_t MinHeapDeltaBytes                        = 1048576                                   {product} {ergonomic}
   size_t MinHeapSize                              = 8388608                                   {product} {ergonomic}
    uintx NonNMethodCodeHeapSize                   = 5832780                                {pd product} {ergonomic}
    uintx NonProfiledCodeHeapSize                  = 122912730                              {pd product} {ergonomic}
    uintx ProfiledCodeHeapSize                     = 122912730                              {pd product} {ergonomic}
    uintx ReservedCodeCacheSize                    = 251658240                              {pd product} {ergonomic}
     bool SegmentedCodeCache                       = true                                      {product} {ergonomic}
   size_t SoftMaxHeapSize                          = 1581252608                             {manageable} {ergonomic}
     bool UseCompressedClassPointers               = true                           {product lp64_product} {ergonomic}
     bool UseCompressedOops                        = true                           {product lp64_product} {ergonomic}
     bool UseG1GC                                  = true                                      {product} {ergonomic}
     bool UseLargePagesIndividualAllocation        = false                                  {pd product} {ergonomic}

Logging:
Log output configuration:
 #0: stdout all=warning uptime,level,tags
 #1: stderr all=off uptime,level,tags

Environment Variables:
JAVA_HOME=C:\Program Files\Java\jdk-17
CLASSPATH=D:\frameium\Frameium_allure\.allure\allure-2.8.1\bin\..\lib\allure-commandline-2.8.1.jar;D:\frameium\Frameium_allure\.allure\allure-2.8.1\bin\..\lib\allure-generator-2.8.1.jar;D:\frameium\Frameium_allure\.allure\allure-2.8.1\bin\..\lib\jcommander-1.72.jar;D:\frameium\Frameium_allure\.allure\allure-2.8.1\bin\..\lib\jetty-server-9.4.11.v20180605.jar;D:\frameium\Frameium_allure\.allure\allure-2.8.1\bin\..\lib\slf4j-log4j12-1.7.25.jar;D:\frameium\Frameium_allure\.allure\allure-2.8.1\bin\..\lib\jackson-dataformat-xml-2.9.6.jar;D:\frameium\Frameium_allure\.allure\allure-2.8.1\bin\..\lib\allure-plugin-api-2.8.1.jar;D:\frameium\Frameium_allure\.allure\allure-2.8.1\bin\..\lib\jackson-dataformat-yaml-2.9.6.jar;D:\frameium\Frameium_allure\.allure\allure-2.8.1\bin\..\lib\commons-io-2.6.jar;D:\frameium\Frameium_allure\.allure\allure-2.8.1\bin\..\lib\allure2-model-api-1.0.0.jar;D:\frameium\Frameium_allure\.allure\allure-2.8.1\bin\..\lib\allure1-model-1.0.jar;D:\frameium\Frameium_allure\.allure\allure-2.8.1\bin\..\lib\httpclient-4.5.6.jar;D:\frameium\Frameium_allure\.allure\allure-2.8.1\bin\..\lib\allure2-model-jackson-1.0.0.jar;D:\frameium\Frameium_allure\.allure\allure-2.8.1\bin\..\lib\allure2-model-pojo-1.0.0.jar;D:\frameium\Frameium_allure\.allure\allure-2.8.1\bin\..\lib\tika-core-1.18.jar;D:\frameium\Frameium_allure\.allure\allure-2.8.1\bin\..\lib\javax.servlet-api-3.1.0.jar;D:\frameium\Frameium_allure\.allure\allure-2.8.1\bin\..\lib\jetty-http-9.4.11.v20180605.jar;D:\frameium\Frameium_allure\.allure\allure-2.8.1\bin\..\lib\jetty-io-9.4.11.v20180605.jar;D:\frameium\Frameium_allure\.allure\allure-2.8.1\bin\..\lib\slf4j-api-1.7.25.jar;D:\frameium\Frameium_allure\.allure\allure-2.8.1\bin\..\lib\log4j-1.2.17.jar;D:\frameium\Frameium_allure\.allure\allure-2.8.1\bin\..\lib\jackson-module-jaxb-annotations-2.9.6.jar;D:\frameium\Frameium_allure\.allure\allure-2.8.1\bin\..\lib\jackson-databind-2.9.6.jar;D:\frameium\Frameium_allure\.allure\allure-2.8.1\bin\..\lib\jackson-core-2.9.6.ja
PATH=C:\Program Files\Common Files\Oracle\Java\javapath;C:\WINDOWS\system32;C:\WINDOWS;C:\WINDOWS\System32\Wbem;C:\WINDOWS\System32\WindowsPowerShell\v1.0\;C:\WINDOWS\System32\OpenSSH\;C:\Program Files\Java\jdk-17\bin;%JAVA;C:\Program Files\Java\jdk-17\bin;C:\Users\SonymonJoseph\AppData\Local\Microsoft\WindowsApps;
USERNAME=SonymonJoseph
OS=Windows_NT
PROCESSOR_IDENTIFIER=AMD64 Family 23 Model 24 Stepping 1, AuthenticAMD



---------------  S Y S T E M  ---------------

OS:
 Windows 10 , 64 bit Build 19041 (10.0.19041.4957)
OS uptime: 2 days 1:47 hours

CPU: total 4 (initial active 4) (4 cores per cpu, 2 threads per core) family 23 model 24 stepping 1 microcode 0x0, cx8, cmov, fxsr, ht, mmx, 3dnowpref, sse, sse2, sse3, ssse3, sse4a, sse4.1, sse4.2, popcnt, lzcnt, tsc, tscinvbit, avx, avx2, aes, clmul, bmi1, bmi2, adx, sha, fma, vzeroupper, clflush, clflushopt

Memory: 4k page, system-wide physical 6030M (324M free)
TotalPageFile size 24462M (AvailPageFile size 0M)
current process WorkingSet (physical memory assigned to process): 47M, peak: 47M
current process commit charge ("private bytes"): 174M, peak: 174M

vm_info: Java HotSpot(TM) 64-Bit Server VM (17.0.12+8-LTS-286) for windows-amd64 JRE (17.0.12+8-LTS-286), built on Jun  5 2024 06:46:59 by "mach5one" with MS VC++ 17.6 (VS2022)

END.
