#
# There is insufficient memory for the Java Runtime Environment to continue.
# Native memory allocation (malloc) failed to allocate 32744 bytes for ChunkPool::allocate
# Possible reasons:
#   The system is out of physical RAM or swap space
#   The process is running with CompressedOops enabled, and the Java Heap may be blocking the growth of the native heap
# Possible solutions:
#   Reduce memory load on the system
#   Increase physical memory or swap space
#   Check if swap backing store is full
#   Decrease Java heap size (-Xmx/-Xms)
#   Decrease number of Java threads
#   Decrease Java thread stack sizes (-Xss)
#   Set larger code cache with -XX:ReservedCodeCacheSize=
#   JVM is running with Unscaled Compressed Oops mode in which the Java heap is
#     placed in the first 4GB address space. The Java Heap base address is the
#     maximum limit for the native heap growth. Please use -XX:HeapBaseMinAddress
#     to set the Java Heap base and to place the Java Heap above 4GB virtual address.
# This output file may be truncated or incomplete.
#
#  Out of Memory Error (arena.cpp:78), pid=20744, tid=37680
#
# JRE version: Java(TM) SE Runtime Environment (17.0.12+8) (build 17.0.12+8-LTS-286)
# Java VM: Java HotSpot(TM) 64-Bit Server VM (17.0.12+8-LTS-286, mixed mode, tiered, compressed oops, compressed class ptrs, g1 gc, windows-amd64)
# No core dump will be written. Minidumps are not enabled by default on client versions of Windows
#

---------------  S U M M A R Y ------------

Command Line: io.qameta.allure.CommandLine generate D:\frameium\Frameium_allure\allure-results --clean -o D:\frameium\Frameium_allure\allure-report-generate

Host: AMD Ryzen 3 3250U with Radeon Graphics         , 4 cores, 5G,  Windows 11 , 64 bit Build 22621 (10.0.22621.4391)
Time: Thu Jan  9 07:13:45 2025 India Standard Time elapsed time: 0.171512 seconds (0d 0h 0m 0s)

---------------  T H R E A D  ---------------

Current thread (0x000001965d1205f0):  JavaThread "C1 CompilerThread0" daemon [_thread_in_native, id=37680, stack(0x0000007ddb500000,0x0000007ddb600000)]


Current CompileTask:
C1:    172   22       3       java.lang.String::length (11 bytes)

Stack: [0x0000007ddb500000,0x0000007ddb600000]
Native frames: (J=compiled Java code, j=interpreted, Vv=VM code, C=native code)
V  [jvm.dll+0x67a04a]
V  [jvm.dll+0x7da4ed]
V  [jvm.dll+0x7dbe33]
V  [jvm.dll+0x7dc4a3]
V  [jvm.dll+0x24508f]
V  [jvm.dll+0xab9a4]
V  [jvm.dll+0xabd3c]
V  [jvm.dll+0x2478f1]
V  [jvm.dll+0x247b1c]
V  [jvm.dll+0x2475a9]
V  [jvm.dll+0x14aaba]
V  [jvm.dll+0x14aa41]
V  [jvm.dll+0x1509f7]
V  [jvm.dll+0x133381]
V  [jvm.dll+0x151a72]
V  [jvm.dll+0x135453]
V  [jvm.dll+0x134f4a]
V  [jvm.dll+0x135148]
V  [jvm.dll+0x1345d1]
V  [jvm.dll+0x1362bd]
V  [jvm.dll+0x22610b]
V  [jvm.dll+0x2242ab]
V  [jvm.dll+0x79075c]
V  [jvm.dll+0x78abea]
V  [jvm.dll+0x678f35]
C  [ucrtbase.dll+0x29333]
C  [KERNEL32.DLL+0x1259d]
C  [ntdll.dll+0x5af38]


---------------  P R O C E S S  ---------------

Threads class SMR info:
_java_thread_list=0x000001965d112880, length=10, elements={
0x000001963aa1c0d0, 0x0000019658f76670, 0x0000019658f28360, 0x0000019658f98530,
0x0000019658f488c0, 0x0000019658f49190, 0x0000019658f4ba70, 0x0000019658f4c670,
0x000001965d1205f0, 0x0000019658f9b6c0
}

Java Threads: ( => current thread )
  0x000001963aa1c0d0 JavaThread "main" [_thread_in_native, id=20460, stack(0x0000007dda700000,0x0000007dda800000)]
  0x0000019658f76670 JavaThread "Reference Handler" daemon [_thread_blocked, id=73040, stack(0x0000007ddae00000,0x0000007ddaf00000)]
  0x0000019658f28360 JavaThread "Finalizer" daemon [_thread_blocked, id=63924, stack(0x0000007ddaf00000,0x0000007ddb000000)]
  0x0000019658f98530 JavaThread "Signal Dispatcher" daemon [_thread_blocked, id=45336, stack(0x0000007ddb000000,0x0000007ddb100000)]
  0x0000019658f488c0 JavaThread "Attach Listener" daemon [_thread_blocked, id=62360, stack(0x0000007ddb100000,0x0000007ddb200000)]
  0x0000019658f49190 JavaThread "Service Thread" daemon [_thread_blocked, id=14028, stack(0x0000007ddb200000,0x0000007ddb300000)]
  0x0000019658f4ba70 JavaThread "Monitor Deflation Thread" daemon [_thread_blocked, id=60188, stack(0x0000007ddb300000,0x0000007ddb400000)]
  0x0000019658f4c670 JavaThread "C2 CompilerThread0" daemon [_thread_blocked, id=42720, stack(0x0000007ddb400000,0x0000007ddb500000)]
=>0x000001965d1205f0 JavaThread "C1 CompilerThread0" daemon [_thread_in_native, id=37680, stack(0x0000007ddb500000,0x0000007ddb600000)]
  0x0000019658f9b6c0 JavaThread "Sweeper thread" daemon [_thread_blocked, id=20760, stack(0x0000007ddb600000,0x0000007ddb700000)]

Other Threads:
  0x0000019658f01b10 VMThread "VM Thread" [stack: 0x0000007ddad00000,0x0000007ddae00000] [id=56976]
  0x000001963aa67c00 GCTaskThread "GC Thread#0" [stack: 0x0000007dda800000,0x0000007dda900000] [id=33384]
  0x000001963aa746d0 ConcurrentGCThread "G1 Main Marker" [stack: 0x0000007dda900000,0x0000007ddaa00000] [id=9184]
  0x000001963aa75ff0 ConcurrentGCThread "G1 Conc#0" [stack: 0x0000007ddaa00000,0x0000007ddab00000] [id=48116]
  0x000001963aadbd80 ConcurrentGCThread "G1 Refine#0" [stack: 0x0000007ddab00000,0x0000007ddac00000] [id=73928]
  0x000001963aadd6c0 ConcurrentGCThread "G1 Service" [stack: 0x0000007ddac00000,0x0000007ddad00000] [id=66304]

Threads with active compile tasks:
C1 CompilerThread0      255   22       3       java.lang.String::length (11 bytes)

VM state: not at safepoint (normal execution)

VM Mutex/Monitor currently owned by a thread: None

Heap address: 0x00000000a1c00000, size: 1508 MB, Compressed Oops mode: 32-bit

CDS archive(s) not mapped
Compressed class space mapped at: 0x0000000100000000-0x0000000140000000, reserved size: 1073741824
Narrow klass base: 0x0000000000000000, Narrow klass shift: 3, Narrow klass range: 0x140000000

GC Precious Log:
 CPUs: 4 total, 4 available
 Memory: 6030M
 Large Page Support: Disabled
 NUMA Support: Disabled
 Compressed Oops: Enabled (32-bit)
 Heap Region Size: 1M
 Heap Min Capacity: 8M
 Heap Initial Capacity: 96M
 Heap Max Capacity: 1508M
 Pre-touch: Disabled
 Parallel Workers: 4
 Concurrent Workers: 1
 Concurrent Refinement Workers: 4
 Periodic GC: Disabled

Heap:
 garbage-first heap   total 98304K, used 0K [0x00000000a1c00000, 0x0000000100000000)
  region size 1024K, 1 young (1024K), 0 survivors (0K)
 Metaspace       used 3301K, committed 3392K, reserved 1114112K
  class space    used 257K, committed 320K, reserved 1048576K

Heap Regions: E=young(eden), S=young(survivor), O=old, HS=humongous(starts), HC=humongous(continues), CS=collection set, F=free, OA=open archive, CA=closed archive, TAMS=top-at-mark-start (previous, next)
|   0|0x00000000a1c00000, 0x00000000a1c00000, 0x00000000a1d00000|  0%| F|  |TAMS 0x00000000a1c00000, 0x00000000a1c00000| Untracked 
|   1|0x00000000a1d00000, 0x00000000a1d00000, 0x00000000a1e00000|  0%| F|  |TAMS 0x00000000a1d00000, 0x00000000a1d00000| Untracked 
|   2|0x00000000a1e00000, 0x00000000a1e00000, 0x00000000a1f00000|  0%| F|  |TAMS 0x00000000a1e00000, 0x00000000a1e00000| Untracked 
|   3|0x00000000a1f00000, 0x00000000a1f00000, 0x00000000a2000000|  0%| F|  |TAMS 0x00000000a1f00000, 0x00000000a1f00000| Untracked 
|   4|0x00000000a2000000, 0x00000000a2000000, 0x00000000a2100000|  0%| F|  |TAMS 0x00000000a2000000, 0x00000000a2000000| Untracked 
|   5|0x00000000a2100000, 0x00000000a2100000, 0x00000000a2200000|  0%| F|  |TAMS 0x00000000a2100000, 0x00000000a2100000| Untracked 
|   6|0x00000000a2200000, 0x00000000a2200000, 0x00000000a2300000|  0%| F|  |TAMS 0x00000000a2200000, 0x00000000a2200000| Untracked 
|   7|0x00000000a2300000, 0x00000000a2300000, 0x00000000a2400000|  0%| F|  |TAMS 0x00000000a2300000, 0x00000000a2300000| Untracked 
|   8|0x00000000a2400000, 0x00000000a2400000, 0x00000000a2500000|  0%| F|  |TAMS 0x00000000a2400000, 0x00000000a2400000| Untracked 
|   9|0x00000000a2500000, 0x00000000a2500000, 0x00000000a2600000|  0%| F|  |TAMS 0x00000000a2500000, 0x00000000a2500000| Untracked 
|  10|0x00000000a2600000, 0x00000000a2600000, 0x00000000a2700000|  0%| F|  |TAMS 0x00000000a2600000, 0x00000000a2600000| Untracked 
|  11|0x00000000a2700000, 0x00000000a2700000, 0x00000000a2800000|  0%| F|  |TAMS 0x00000000a2700000, 0x00000000a2700000| Untracked 
|  12|0x00000000a2800000, 0x00000000a2800000, 0x00000000a2900000|  0%| F|  |TAMS 0x00000000a2800000, 0x00000000a2800000| Untracked 
|  13|0x00000000a2900000, 0x00000000a2900000, 0x00000000a2a00000|  0%| F|  |TAMS 0x00000000a2900000, 0x00000000a2900000| Untracked 
|  14|0x00000000a2a00000, 0x00000000a2a00000, 0x00000000a2b00000|  0%| F|  |TAMS 0x00000000a2a00000, 0x00000000a2a00000| Untracked 
|  15|0x00000000a2b00000, 0x00000000a2b00000, 0x00000000a2c00000|  0%| F|  |TAMS 0x00000000a2b00000, 0x00000000a2b00000| Untracked 
|  16|0x00000000a2c00000, 0x00000000a2c00000, 0x00000000a2d00000|  0%| F|  |TAMS 0x00000000a2c00000, 0x00000000a2c00000| Untracked 
|  17|0x00000000a2d00000, 0x00000000a2d00000, 0x00000000a2e00000|  0%| F|  |TAMS 0x00000000a2d00000, 0x00000000a2d00000| Untracked 
|  18|0x00000000a2e00000, 0x00000000a2e00000, 0x00000000a2f00000|  0%| F|  |TAMS 0x00000000a2e00000, 0x00000000a2e00000| Untracked 
|  19|0x00000000a2f00000, 0x00000000a2f00000, 0x00000000a3000000|  0%| F|  |TAMS 0x00000000a2f00000, 0x00000000a2f00000| Untracked 
|  20|0x00000000a3000000, 0x00000000a3000000, 0x00000000a3100000|  0%| F|  |TAMS 0x00000000a3000000, 0x00000000a3000000| Untracked 
|  21|0x00000000a3100000, 0x00000000a3100000, 0x00000000a3200000|  0%| F|  |TAMS 0x00000000a3100000, 0x00000000a3100000| Untracked 
|  22|0x00000000a3200000, 0x00000000a3200000, 0x00000000a3300000|  0%| F|  |TAMS 0x00000000a3200000, 0x00000000a3200000| Untracked 
|  23|0x00000000a3300000, 0x00000000a3300000, 0x00000000a3400000|  0%| F|  |TAMS 0x00000000a3300000, 0x00000000a3300000| Untracked 
|  24|0x00000000a3400000, 0x00000000a3400000, 0x00000000a3500000|  0%| F|  |TAMS 0x00000000a3400000, 0x00000000a3400000| Untracked 
|  25|0x00000000a3500000, 0x00000000a3500000, 0x00000000a3600000|  0%| F|  |TAMS 0x00000000a3500000, 0x00000000a3500000| Untracked 
|  26|0x00000000a3600000, 0x00000000a3600000, 0x00000000a3700000|  0%| F|  |TAMS 0x00000000a3600000, 0x00000000a3600000| Untracked 
|  27|0x00000000a3700000, 0x00000000a3700000, 0x00000000a3800000|  0%| F|  |TAMS 0x00000000a3700000, 0x00000000a3700000| Untracked 
|  28|0x00000000a3800000, 0x00000000a3800000, 0x00000000a3900000|  0%| F|  |TAMS 0x00000000a3800000, 0x00000000a3800000| Untracked 
|  29|0x00000000a3900000, 0x00000000a3900000, 0x00000000a3a00000|  0%| F|  |TAMS 0x00000000a3900000, 0x00000000a3900000| Untracked 
|  30|0x00000000a3a00000, 0x00000000a3a00000, 0x00000000a3b00000|  0%| F|  |TAMS 0x00000000a3a00000, 0x00000000a3a00000| Untracked 
|  31|0x00000000a3b00000, 0x00000000a3b00000, 0x00000000a3c00000|  0%| F|  |TAMS 0x00000000a3b00000, 0x00000000a3b00000| Untracked 
|  32|0x00000000a3c00000, 0x00000000a3c00000, 0x00000000a3d00000|  0%| F|  |TAMS 0x00000000a3c00000, 0x00000000a3c00000| Untracked 
|  33|0x00000000a3d00000, 0x00000000a3d00000, 0x00000000a3e00000|  0%| F|  |TAMS 0x00000000a3d00000, 0x00000000a3d00000| Untracked 
|  34|0x00000000a3e00000, 0x00000000a3e00000, 0x00000000a3f00000|  0%| F|  |TAMS 0x00000000a3e00000, 0x00000000a3e00000| Untracked 
|  35|0x00000000a3f00000, 0x00000000a3f00000, 0x00000000a4000000|  0%| F|  |TAMS 0x00000000a3f00000, 0x00000000a3f00000| Untracked 
|  36|0x00000000a4000000, 0x00000000a4000000, 0x00000000a4100000|  0%| F|  |TAMS 0x00000000a4000000, 0x00000000a4000000| Untracked 
|  37|0x00000000a4100000, 0x00000000a4100000, 0x00000000a4200000|  0%| F|  |TAMS 0x00000000a4100000, 0x00000000a4100000| Untracked 
|  38|0x00000000a4200000, 0x00000000a4200000, 0x00000000a4300000|  0%| F|  |TAMS 0x00000000a4200000, 0x00000000a4200000| Untracked 
|  39|0x00000000a4300000, 0x00000000a4300000, 0x00000000a4400000|  0%| F|  |TAMS 0x00000000a4300000, 0x00000000a4300000| Untracked 
|  40|0x00000000a4400000, 0x00000000a4400000, 0x00000000a4500000|  0%| F|  |TAMS 0x00000000a4400000, 0x00000000a4400000| Untracked 
|  41|0x00000000a4500000, 0x00000000a4500000, 0x00000000a4600000|  0%| F|  |TAMS 0x00000000a4500000, 0x00000000a4500000| Untracked 
|  42|0x00000000a4600000, 0x00000000a4600000, 0x00000000a4700000|  0%| F|  |TAMS 0x00000000a4600000, 0x00000000a4600000| Untracked 
|  43|0x00000000a4700000, 0x00000000a4700000, 0x00000000a4800000|  0%| F|  |TAMS 0x00000000a4700000, 0x00000000a4700000| Untracked 
|  44|0x00000000a4800000, 0x00000000a4800000, 0x00000000a4900000|  0%| F|  |TAMS 0x00000000a4800000, 0x00000000a4800000| Untracked 
|  45|0x00000000a4900000, 0x00000000a4900000, 0x00000000a4a00000|  0%| F|  |TAMS 0x00000000a4900000, 0x00000000a4900000| Untracked 
|  46|0x00000000a4a00000, 0x00000000a4a00000, 0x00000000a4b00000|  0%| F|  |TAMS 0x00000000a4a00000, 0x00000000a4a00000| Untracked 
|  47|0x00000000a4b00000, 0x00000000a4b00000, 0x00000000a4c00000|  0%| F|  |TAMS 0x00000000a4b00000, 0x00000000a4b00000| Untracked 
|  48|0x00000000a4c00000, 0x00000000a4c00000, 0x00000000a4d00000|  0%| F|  |TAMS 0x00000000a4c00000, 0x00000000a4c00000| Untracked 
|  49|0x00000000a4d00000, 0x00000000a4d00000, 0x00000000a4e00000|  0%| F|  |TAMS 0x00000000a4d00000, 0x00000000a4d00000| Untracked 
|  50|0x00000000a4e00000, 0x00000000a4e00000, 0x00000000a4f00000|  0%| F|  |TAMS 0x00000000a4e00000, 0x00000000a4e00000| Untracked 
|  51|0x00000000a4f00000, 0x00000000a4f00000, 0x00000000a5000000|  0%| F|  |TAMS 0x00000000a4f00000, 0x00000000a4f00000| Untracked 
|  52|0x00000000a5000000, 0x00000000a5000000, 0x00000000a5100000|  0%| F|  |TAMS 0x00000000a5000000, 0x00000000a5000000| Untracked 
|  53|0x00000000a5100000, 0x00000000a5100000, 0x00000000a5200000|  0%| F|  |TAMS 0x00000000a5100000, 0x00000000a5100000| Untracked 
|  54|0x00000000a5200000, 0x00000000a5200000, 0x00000000a5300000|  0%| F|  |TAMS 0x00000000a5200000, 0x00000000a5200000| Untracked 
|  55|0x00000000a5300000, 0x00000000a5300000, 0x00000000a5400000|  0%| F|  |TAMS 0x00000000a5300000, 0x00000000a5300000| Untracked 
|  56|0x00000000a5400000, 0x00000000a5400000, 0x00000000a5500000|  0%| F|  |TAMS 0x00000000a5400000, 0x00000000a5400000| Untracked 
|  57|0x00000000a5500000, 0x00000000a5500000, 0x00000000a5600000|  0%| F|  |TAMS 0x00000000a5500000, 0x00000000a5500000| Untracked 
|  58|0x00000000a5600000, 0x00000000a5600000, 0x00000000a5700000|  0%| F|  |TAMS 0x00000000a5600000, 0x00000000a5600000| Untracked 
|  59|0x00000000a5700000, 0x00000000a5700000, 0x00000000a5800000|  0%| F|  |TAMS 0x00000000a5700000, 0x00000000a5700000| Untracked 
|  60|0x00000000a5800000, 0x00000000a5800000, 0x00000000a5900000|  0%| F|  |TAMS 0x00000000a5800000, 0x00000000a5800000| Untracked 
|  61|0x00000000a5900000, 0x00000000a5900000, 0x00000000a5a00000|  0%| F|  |TAMS 0x00000000a5900000, 0x00000000a5900000| Untracked 
|  62|0x00000000a5a00000, 0x00000000a5a00000, 0x00000000a5b00000|  0%| F|  |TAMS 0x00000000a5a00000, 0x00000000a5a00000| Untracked 
|  63|0x00000000a5b00000, 0x00000000a5b00000, 0x00000000a5c00000|  0%| F|  |TAMS 0x00000000a5b00000, 0x00000000a5b00000| Untracked 
|  64|0x00000000a5c00000, 0x00000000a5c00000, 0x00000000a5d00000|  0%| F|  |TAMS 0x00000000a5c00000, 0x00000000a5c00000| Untracked 
|  65|0x00000000a5d00000, 0x00000000a5d00000, 0x00000000a5e00000|  0%| F|  |TAMS 0x00000000a5d00000, 0x00000000a5d00000| Untracked 
|  66|0x00000000a5e00000, 0x00000000a5e00000, 0x00000000a5f00000|  0%| F|  |TAMS 0x00000000a5e00000, 0x00000000a5e00000| Untracked 
|  67|0x00000000a5f00000, 0x00000000a5f00000, 0x00000000a6000000|  0%| F|  |TAMS 0x00000000a5f00000, 0x00000000a5f00000| Untracked 
|  68|0x00000000a6000000, 0x00000000a6000000, 0x00000000a6100000|  0%| F|  |TAMS 0x00000000a6000000, 0x00000000a6000000| Untracked 
|  69|0x00000000a6100000, 0x00000000a6100000, 0x00000000a6200000|  0%| F|  |TAMS 0x00000000a6100000, 0x00000000a6100000| Untracked 
|  70|0x00000000a6200000, 0x00000000a6200000, 0x00000000a6300000|  0%| F|  |TAMS 0x00000000a6200000, 0x00000000a6200000| Untracked 
|  71|0x00000000a6300000, 0x00000000a6300000, 0x00000000a6400000|  0%| F|  |TAMS 0x00000000a6300000, 0x00000000a6300000| Untracked 
|  72|0x00000000a6400000, 0x00000000a6400000, 0x00000000a6500000|  0%| F|  |TAMS 0x00000000a6400000, 0x00000000a6400000| Untracked 
|  73|0x00000000a6500000, 0x00000000a6500000, 0x00000000a6600000|  0%| F|  |TAMS 0x00000000a6500000, 0x00000000a6500000| Untracked 
|  74|0x00000000a6600000, 0x00000000a6600000, 0x00000000a6700000|  0%| F|  |TAMS 0x00000000a6600000, 0x00000000a6600000| Untracked 
|  75|0x00000000a6700000, 0x00000000a6700000, 0x00000000a6800000|  0%| F|  |TAMS 0x00000000a6700000, 0x00000000a6700000| Untracked 
|  76|0x00000000a6800000, 0x00000000a6800000, 0x00000000a6900000|  0%| F|  |TAMS 0x00000000a6800000, 0x00000000a6800000| Untracked 
|  77|0x00000000a6900000, 0x00000000a6900000, 0x00000000a6a00000|  0%| F|  |TAMS 0x00000000a6900000, 0x00000000a6900000| Untracked 
|  78|0x00000000a6a00000, 0x00000000a6a00000, 0x00000000a6b00000|  0%| F|  |TAMS 0x00000000a6a00000, 0x00000000a6a00000| Untracked 
|  79|0x00000000a6b00000, 0x00000000a6b00000, 0x00000000a6c00000|  0%| F|  |TAMS 0x00000000a6b00000, 0x00000000a6b00000| Untracked 
|  80|0x00000000a6c00000, 0x00000000a6c00000, 0x00000000a6d00000|  0%| F|  |TAMS 0x00000000a6c00000, 0x00000000a6c00000| Untracked 
|  81|0x00000000a6d00000, 0x00000000a6d00000, 0x00000000a6e00000|  0%| F|  |TAMS 0x00000000a6d00000, 0x00000000a6d00000| Untracked 
|  82|0x00000000a6e00000, 0x00000000a6e00000, 0x00000000a6f00000|  0%| F|  |TAMS 0x00000000a6e00000, 0x00000000a6e00000| Untracked 
|  83|0x00000000a6f00000, 0x00000000a6f00000, 0x00000000a7000000|  0%| F|  |TAMS 0x00000000a6f00000, 0x00000000a6f00000| Untracked 
|  84|0x00000000a7000000, 0x00000000a7000000, 0x00000000a7100000|  0%| F|  |TAMS 0x00000000a7000000, 0x00000000a7000000| Untracked 
|  85|0x00000000a7100000, 0x00000000a7100000, 0x00000000a7200000|  0%| F|  |TAMS 0x00000000a7100000, 0x00000000a7100000| Untracked 
|  86|0x00000000a7200000, 0x00000000a7200000, 0x00000000a7300000|  0%| F|  |TAMS 0x00000000a7200000, 0x00000000a7200000| Untracked 
|  87|0x00000000a7300000, 0x00000000a7300000, 0x00000000a7400000|  0%| F|  |TAMS 0x00000000a7300000, 0x00000000a7300000| Untracked 
|  88|0x00000000a7400000, 0x00000000a7400000, 0x00000000a7500000|  0%| F|  |TAMS 0x00000000a7400000, 0x00000000a7400000| Untracked 
|  89|0x00000000a7500000, 0x00000000a7500000, 0x00000000a7600000|  0%| F|  |TAMS 0x00000000a7500000, 0x00000000a7500000| Untracked 
|  90|0x00000000a7600000, 0x00000000a7600000, 0x00000000a7700000|  0%| F|  |TAMS 0x00000000a7600000, 0x00000000a7600000| Untracked 
|  91|0x00000000a7700000, 0x00000000a7700000, 0x00000000a7800000|  0%| F|  |TAMS 0x00000000a7700000, 0x00000000a7700000| Untracked 
|  92|0x00000000a7800000, 0x00000000a7800000, 0x00000000a7900000|  0%| F|  |TAMS 0x00000000a7800000, 0x00000000a7800000| Untracked 
|  93|0x00000000a7900000, 0x00000000a7900000, 0x00000000a7a00000|  0%| F|  |TAMS 0x00000000a7900000, 0x00000000a7900000| Untracked 
|  94|0x00000000a7a00000, 0x00000000a7a00000, 0x00000000a7b00000|  0%| F|  |TAMS 0x00000000a7a00000, 0x00000000a7a00000| Untracked 
|  95|0x00000000a7b00000, 0x00000000a7bc8000, 0x00000000a7c00000| 78%| E|  |TAMS 0x00000000a7b00000, 0x00000000a7b00000| Complete 

Card table byte_map: [0x00000196533f0000,0x00000196536f0000] _byte_map_base: 0x0000019652ee2000

Marking Bits (Prev, Next): (CMBitMap*) 0x000001963aa68120, (CMBitMap*) 0x000001963aa68160
 Prev Bits: [0x00000196539f0000, 0x0000019655180000)
 Next Bits: [0x0000019655180000, 0x0000019656910000)

Polling page: 0x000001963aae0000

Metaspace:

Usage:
  Non-class:      2.97 MB used.
      Class:    257.10 KB used.
       Both:      3.22 MB used.

Virtual space:
  Non-class space:       64.00 MB reserved,       3.00 MB (  5%) committed,  1 nodes.
      Class space:        1.00 GB reserved,     320.00 KB ( <1%) committed,  1 nodes.
             Both:        1.06 GB reserved,       3.31 MB ( <1%) committed. 

Chunk freelists:
   Non-Class:  12.00 MB
       Class:  15.62 MB
        Both:  27.62 MB

MaxMetaspaceSize: unlimited
CompressedClassSpaceSize: 1.00 GB
Initial GC threshold: 21.00 MB
Current GC threshold: 21.00 MB
CDS: off
MetaspaceReclaimPolicy: balanced
 - commit_granule_bytes: 65536.
 - commit_granule_words: 8192.
 - virtual_space_node_default_size: 8388608.
 - enlarge_chunks_in_place: 1.
 - new_chunks_are_fully_committed: 0.
 - uncommit_free_chunks: 1.
 - use_allocation_guard: 0.
 - handle_deallocations: 1.


Internal statistics:

num_allocs_failed_limit: 0.
num_arena_births: 2.
num_arena_deaths: 0.
num_vsnodes_births: 2.
num_vsnodes_deaths: 0.
num_space_committed: 53.
num_space_uncommitted: 0.
num_chunks_returned_to_freelist: 0.
num_chunks_taken_from_freelist: 4.
num_chunk_merges: 0.
num_chunk_splits: 2.
num_chunks_enlarged: 0.
num_inconsistent_stats: 0.

CodeHeap 'non-profiled nmethods': size=120000Kb used=1Kb max_used=1Kb free=119999Kb
 bounds [0x000001964b5a0000, 0x000001964b810000, 0x0000019652ad0000]
CodeHeap 'profiled nmethods': size=120000Kb used=28Kb max_used=28Kb free=119972Kb
 bounds [0x0000019643ad0000, 0x0000019643d40000, 0x000001964b000000]
CodeHeap 'non-nmethods': size=5760Kb used=1028Kb max_used=1037Kb free=4731Kb
 bounds [0x000001964b000000, 0x000001964b270000, 0x000001964b5a0000]
 total_blobs=303 nmethods=21 adapters=195
 compilation: enabled
              stopped_count=0, restarted_count=0
 full_count=0

Compilation events (20 events):
Event: 0.160 Thread 0x000001965d1205f0 nmethod 12 0x0000019643ad3f90 code [0x0000019643ad4140, 0x0000019643ad43a8]
Event: 0.161 Thread 0x000001965d1205f0   13       3       java.util.Set::of (4 bytes)
Event: 0.161 Thread 0x000001965d1205f0 nmethod 13 0x0000019643ad4490 code [0x0000019643ad4620, 0x0000019643ad4718]
Event: 0.161 Thread 0x000001965d1205f0   14       3       java.lang.module.ModuleDescriptor$Exports::<init> (20 bytes)
Event: 0.161 Thread 0x0000019658f4c670   16       4       java.lang.StringLatin1::hashCode (42 bytes)
Event: 0.161 Thread 0x000001965d1205f0 nmethod 14 0x0000019643ad4790 code [0x0000019643ad4940, 0x0000019643ad4bb8]
Event: 0.161 Thread 0x000001965d1205f0   15       3       java.lang.module.ModuleDescriptor$Exports::hashCode (38 bytes)
Event: 0.161 Thread 0x000001965d1205f0 nmethod 15 0x0000019643ad4c90 code [0x0000019643ad4e60, 0x0000019643ad5168]
Event: 0.161 Thread 0x000001965d1205f0   17       3       java.util.Objects::requireNonNull (14 bytes)
Event: 0.161 Thread 0x000001965d1205f0 nmethod 17 0x0000019643ad5290 code [0x0000019643ad5440, 0x0000019643ad5628]
Event: 0.161 Thread 0x000001965d1205f0   18       3       java.util.AbstractCollection::<init> (5 bytes)
Event: 0.162 Thread 0x000001965d1205f0 nmethod 18 0x0000019643ad5710 code [0x0000019643ad58a0, 0x0000019643ad59f8]
Event: 0.162 Thread 0x000001965d1205f0   19       3       java.util.ImmutableCollections$AbstractImmutableSet::<init> (5 bytes)
Event: 0.162 Thread 0x000001965d1205f0 nmethod 19 0x0000019643ad5a90 code [0x0000019643ad5c40, 0x0000019643ad5e78]
Event: 0.162 Thread 0x000001965d1205f0   20       3       java.util.Set::of (68 bytes)
Event: 0.162 Thread 0x000001965d1205f0 nmethod 20 0x0000019643ad5f90 code [0x0000019643ad61c0, 0x0000019643ad69c8]
Event: 0.164 Thread 0x000001965d1205f0   21       3       java.lang.String::coder (15 bytes)
Event: 0.164 Thread 0x000001965d1205f0 nmethod 21 0x0000019643ad6c90 code [0x0000019643ad6e20, 0x0000019643ad6f58]
Event: 0.164 Thread 0x000001965d1205f0   22       3       java.lang.String::length (11 bytes)
Event: 0.165 Thread 0x0000019658f4c670 nmethod 16 0x000001964b5a0010 code [0x000001964b5a0180, 0x000001964b5a02f8]

GC Heap History (0 events):
No events

Deoptimization events (0 events):
No events

Classes unloaded (0 events):
No events

Classes redefined (0 events):
No events

Internal exceptions (0 events):
No events

VM Operations (0 events):
No events

Events (20 events):
Event: 0.163 loading class java/util/Collections$UnmodifiableMap
Event: 0.163 loading class java/util/Collections$UnmodifiableMap done
Event: 0.163 loading class jdk/internal/module/ModuleResolution
Event: 0.163 loading class jdk/internal/module/ModuleResolution done
Event: 0.163 loading class java/lang/module/ModuleReference
Event: 0.163 loading class java/lang/module/ModuleReference done
Event: 0.163 loading class jdk/internal/module/SystemModuleFinders$2
Event: 0.163 loading class java/util/function/Supplier
Event: 0.163 loading class java/util/function/Supplier done
Event: 0.163 loading class jdk/internal/module/SystemModuleFinders$2 done
Event: 0.163 loading class jdk/internal/module/ModuleReferenceImpl
Event: 0.163 loading class jdk/internal/module/ModuleReferenceImpl done
Event: 0.164 loading class jdk/internal/module/SystemModuleFinders$3
Event: 0.164 loading class jdk/internal/module/ModuleHashes$HashSupplier
Event: 0.164 loading class jdk/internal/module/ModuleHashes$HashSupplier done
Event: 0.164 loading class jdk/internal/module/SystemModuleFinders$3 done
Event: 0.165 loading class jdk/internal/module/SystemModuleFinders$SystemModuleFinder
Event: 0.165 loading class java/lang/module/ModuleFinder
Event: 0.165 loading class java/lang/module/ModuleFinder done
Event: 0.165 loading class jdk/internal/module/SystemModuleFinders$SystemModuleFinder done


Dynamic libraries:
0x00007ff748800000 - 0x00007ff748810000 	C:\Program Files\Java\jdk-17\bin\java.exe
0x00007ffbcae30000 - 0x00007ffbcb047000 	C:\WINDOWS\SYSTEM32\ntdll.dll
0x00007ffbc97c0000 - 0x00007ffbc9884000 	C:\WINDOWS\System32\KERNEL32.DLL
0x00007ffbc8650000 - 0x00007ffbc8a0a000 	C:\WINDOWS\System32\KERNELBASE.dll
0x00007ffbc8240000 - 0x00007ffbc8351000 	C:\WINDOWS\System32\ucrtbase.dll
0x00007ffbbd170000 - 0x00007ffbbd18b000 	C:\Program Files\Java\jdk-17\bin\VCRUNTIME140.dll
0x00007ffbbd1e0000 - 0x00007ffbbd1f9000 	C:\Program Files\Java\jdk-17\bin\jli.dll
0x00007ffbc8fb0000 - 0x00007ffbc9062000 	C:\WINDOWS\System32\ADVAPI32.dll
0x00007ffbc9ba0000 - 0x00007ffbc9c47000 	C:\WINDOWS\System32\msvcrt.dll
0x00007ffbcabf0000 - 0x00007ffbcac97000 	C:\WINDOWS\System32\sechost.dll
0x00007ffbc8480000 - 0x00007ffbc84a8000 	C:\WINDOWS\System32\bcrypt.dll
0x00007ffbcacd0000 - 0x00007ffbcade4000 	C:\WINDOWS\System32\RPCRT4.dll
0x00007ffbc9510000 - 0x00007ffbc96be000 	C:\WINDOWS\System32\USER32.dll
0x00007ffbc8620000 - 0x00007ffbc8646000 	C:\WINDOWS\System32\win32u.dll
0x00007ffbb4dd0000 - 0x00007ffbb5062000 	C:\WINDOWS\WinSxS\amd64_microsoft.windows.common-controls_6595b64144ccf1df_6.0.22621.4541_none_2710d1c57384c085\COMCTL32.dll
0x00007ffbcaca0000 - 0x00007ffbcacc9000 	C:\WINDOWS\System32\GDI32.dll
0x00007ffbc8360000 - 0x00007ffbc847b000 	C:\WINDOWS\System32\gdi32full.dll
0x00007ffbc8a90000 - 0x00007ffbc8b2a000 	C:\WINDOWS\System32\msvcp_win.dll
0x00007ffbc03c0000 - 0x00007ffbc03ca000 	C:\WINDOWS\SYSTEM32\VERSION.dll
0x00007ffbca620000 - 0x00007ffbca651000 	C:\WINDOWS\System32\IMM32.DLL
0x00007ffbbfb10000 - 0x00007ffbbfb1c000 	C:\Program Files\Java\jdk-17\bin\vcruntime140_1.dll
0x00007ffb8e120000 - 0x00007ffb8e1ae000 	C:\Program Files\Java\jdk-17\bin\msvcp140.dll
0x00007ffb77b90000 - 0x00007ffb78770000 	C:\Program Files\Java\jdk-17\bin\server\jvm.dll
0x00007ffbca730000 - 0x00007ffbca738000 	C:\WINDOWS\System32\PSAPI.DLL
0x00007ffbc23e0000 - 0x00007ffbc2414000 	C:\WINDOWS\SYSTEM32\WINMM.dll
0x00007ffbc0090000 - 0x00007ffbc0099000 	C:\WINDOWS\SYSTEM32\WSOCK32.dll
0x00007ffbc9b20000 - 0x00007ffbc9b91000 	C:\WINDOWS\System32\WS2_32.dll
0x00007ffbc7010000 - 0x00007ffbc7028000 	C:\WINDOWS\SYSTEM32\kernel.appcore.dll
0x00007ffbbcfb0000 - 0x00007ffbbcfba000 	C:\Program Files\Java\jdk-17\bin\jimage.dll
0x00007ffbc1330000 - 0x00007ffbc1562000 	C:\WINDOWS\SYSTEM32\DBGHELP.DLL
0x00007ffbc9180000 - 0x00007ffbc950f000 	C:\WINDOWS\System32\combase.dll
0x00007ffbcab10000 - 0x00007ffbcabe7000 	C:\WINDOWS\System32\OLEAUT32.dll
0x00007ffbc0560000 - 0x00007ffbc0592000 	C:\WINDOWS\SYSTEM32\dbgcore.DLL
0x00007ffbc81c0000 - 0x00007ffbc823b000 	C:\WINDOWS\System32\bcryptPrimitives.dll
0x00007ffb8f670000 - 0x00007ffb8f695000 	C:\Program Files\Java\jdk-17\bin\java.dll
0x00007ffb89c00000 - 0x00007ffb89cd7000 	C:\Program Files\Java\jdk-17\bin\jsvml.dll
0x00007ffbc9ce0000 - 0x00007ffbca558000 	C:\WINDOWS\System32\SHELL32.dll
0x00007ffbc5d20000 - 0x00007ffbc6628000 	C:\WINDOWS\SYSTEM32\windows.storage.dll
0x00007ffbc5be0000 - 0x00007ffbc5d1f000 	C:\WINDOWS\SYSTEM32\wintypes.dll
0x00007ffbc9080000 - 0x00007ffbc917a000 	C:\WINDOWS\System32\SHCORE.dll
0x00007ffbca660000 - 0x00007ffbca6be000 	C:\WINDOWS\System32\shlwapi.dll
0x00007ffbc8030000 - 0x00007ffbc805b000 	C:\WINDOWS\SYSTEM32\profapi.dll

dbghelp: loaded successfully - version: 4.0.5 - missing functions: none
symbol engine: initialized successfully - sym options: 0x614 - pdb path: .;C:\Program Files\Java\jdk-17\bin;C:\WINDOWS\SYSTEM32;C:\WINDOWS\WinSxS\amd64_microsoft.windows.common-controls_6595b64144ccf1df_6.0.22621.4541_none_2710d1c57384c085;C:\Program Files\Java\jdk-17\bin\server

VM Arguments:
java_command: io.qameta.allure.CommandLine generate D:\frameium\Frameium_allure\allure-results --clean -o D:\frameium\Frameium_allure\allure-report-generate
java_class_path (initial): D:\frameium\Frameium_allure\.allure\allure-2.8.1\bin\..\lib\allure-commandline-2.8.1.jar;D:\frameium\Frameium_allure\.allure\allure-2.8.1\bin\..\lib\allure-generator-2.8.1.jar;D:\frameium\Frameium_allure\.allure\allure-2.8.1\bin\..\lib\jcommander-1.72.jar;D:\frameium\Frameium_allure\.allure\allure-2.8.1\bin\..\lib\jetty-server-9.4.11.v20180605.jar;D:\frameium\Frameium_allure\.allure\allure-2.8.1\bin\..\lib\slf4j-log4j12-1.7.25.jar;D:\frameium\Frameium_allure\.allure\allure-2.8.1\bin\..\lib\jackson-dataformat-xml-2.9.6.jar;D:\frameium\Frameium_allure\.allure\allure-2.8.1\bin\..\lib\allure-plugin-api-2.8.1.jar;D:\frameium\Frameium_allure\.allure\allure-2.8.1\bin\..\lib\jackson-dataformat-yaml-2.9.6.jar;D:\frameium\Frameium_allure\.allure\allure-2.8.1\bin\..\lib\commons-io-2.6.jar;D:\frameium\Frameium_allure\.allure\allure-2.8.1\bin\..\lib\allure2-model-api-1.0.0.jar;D:\frameium\Frameium_allure\.allure\allure-2.8.1\bin\..\lib\allure1-model-1.0.jar;D:\frameium\Frameium_allure\.allure\allure-2.8.1\bin\..\lib\httpclient-4.5.6.jar;D:\frameium\Frameium_allure\.allure\allure-2.8.1\bin\..\lib\allure2-model-jackson-1.0.0.jar;D:\frameium\Frameium_allure\.allure\allure-2.8.1\bin\..\lib\allure2-model-pojo-1.0.0.jar;D:\frameium\Frameium_allure\.allure\allure-2.8.1\bin\..\lib\tika-core-1.18.jar;D:\frameium\Frameium_allure\.allure\allure-2.8.1\bin\..\lib\javax.servlet-api-3.1.0.jar;D:\frameium\Frameium_allure\.allure\allure-2.8.1\bin\..\lib\jetty-http-9.4.11.v20180605.jar;D:\frameium\Frameium_allure\.allure\allure-2.8.1\bin\..\lib\jetty-io-9.4.11.v20180605.jar;D:\frameium\Frameium_allure\.allure\allure-2.8.1\bin\..\lib\slf4j-api-1.7.25.jar;D:\frameium\Frameium_allure\.allure\allure-2.8.1\bin\..\lib\log4j-1.2.17.jar;D:\frameium\Frameium_allure\.allure\allure-2.8.1\bin\..\lib\jackson-module-jaxb-annotations-2.9.6.jar;D:\frameium\Frameium_allure\.allure\allure-2.8.1\bin\..\lib\jackson-databind-2.9.6.jar;D:\frameium\Frameium_allure\.allure\allure-2.8.1\bin\.
Launcher Type: SUN_STANDARD

[Global flags]
     intx CICompilerCount                          = 3                                         {product} {ergonomic}
     uint ConcGCThreads                            = 1                                         {product} {ergonomic}
     uint G1ConcRefinementThreads                  = 4                                         {product} {ergonomic}
   size_t G1HeapRegionSize                         = 1048576                                   {product} {ergonomic}
    uintx GCDrainStackTargetSize                   = 64                                        {product} {ergonomic}
   size_t InitialHeapSize                          = 100663296                                 {product} {ergonomic}
   size_t MarkStackSize                            = 4194304                                   {product} {ergonomic}
   size_t MaxHeapSize                              = 1581252608                                {product} {ergonomic}
   size_t MaxNewSize                               = 947912704                                 {product} {ergonomic}
   size_t MinHeapDeltaBytes                        = 1048576                                   {product} {ergonomic}
   size_t MinHeapSize                              = 8388608                                   {product} {ergonomic}
    uintx NonNMethodCodeHeapSize                   = 5832780                                {pd product} {ergonomic}
    uintx NonProfiledCodeHeapSize                  = 122912730                              {pd product} {ergonomic}
    uintx ProfiledCodeHeapSize                     = 122912730                              {pd product} {ergonomic}
    uintx ReservedCodeCacheSize                    = 251658240                              {pd product} {ergonomic}
     bool SegmentedCodeCache                       = true                                      {product} {ergonomic}
   size_t SoftMaxHeapSize                          = 1581252608                             {manageable} {ergonomic}
     bool UseCompressedClassPointers               = true                           {product lp64_product} {ergonomic}
     bool UseCompressedOops                        = true                           {product lp64_product} {ergonomic}
     bool UseG1GC                                  = true                                      {product} {ergonomic}
     bool UseLargePagesIndividualAllocation        = false                                  {pd product} {ergonomic}

Logging:
Log output configuration:
 #0: stdout all=warning uptime,level,tags
 #1: stderr all=off uptime,level,tags

Environment Variables:
JAVA_HOME=C:\Program Files\Java\jdk-17
CLASSPATH=D:\frameium\Frameium_allure\.allure\allure-2.8.1\bin\..\lib\allure-commandline-2.8.1.jar;D:\frameium\Frameium_allure\.allure\allure-2.8.1\bin\..\lib\allure-generator-2.8.1.jar;D:\frameium\Frameium_allure\.allure\allure-2.8.1\bin\..\lib\jcommander-1.72.jar;D:\frameium\Frameium_allure\.allure\allure-2.8.1\bin\..\lib\jetty-server-9.4.11.v20180605.jar;D:\frameium\Frameium_allure\.allure\allure-2.8.1\bin\..\lib\slf4j-log4j12-1.7.25.jar;D:\frameium\Frameium_allure\.allure\allure-2.8.1\bin\..\lib\jackson-dataformat-xml-2.9.6.jar;D:\frameium\Frameium_allure\.allure\allure-2.8.1\bin\..\lib\allure-plugin-api-2.8.1.jar;D:\frameium\Frameium_allure\.allure\allure-2.8.1\bin\..\lib\jackson-dataformat-yaml-2.9.6.jar;D:\frameium\Frameium_allure\.allure\allure-2.8.1\bin\..\lib\commons-io-2.6.jar;D:\frameium\Frameium_allure\.allure\allure-2.8.1\bin\..\lib\allure2-model-api-1.0.0.jar;D:\frameium\Frameium_allure\.allure\allure-2.8.1\bin\..\lib\allure1-model-1.0.jar;D:\frameium\Frameium_allure\.allure\allure-2.8.1\bin\..\lib\httpclient-4.5.6.jar;D:\frameium\Frameium_allure\.allure\allure-2.8.1\bin\..\lib\allure2-model-jackson-1.0.0.jar;D:\frameium\Frameium_allure\.allure\allure-2.8.1\bin\..\lib\allure2-model-pojo-1.0.0.jar;D:\frameium\Frameium_allure\.allure\allure-2.8.1\bin\..\lib\tika-core-1.18.jar;D:\frameium\Frameium_allure\.allure\allure-2.8.1\bin\..\lib\javax.servlet-api-3.1.0.jar;D:\frameium\Frameium_allure\.allure\allure-2.8.1\bin\..\lib\jetty-http-9.4.11.v20180605.jar;D:\frameium\Frameium_allure\.allure\allure-2.8.1\bin\..\lib\jetty-io-9.4.11.v20180605.jar;D:\frameium\Frameium_allure\.allure\allure-2.8.1\bin\..\lib\slf4j-api-1.7.25.jar;D:\frameium\Frameium_allure\.allure\allure-2.8.1\bin\..\lib\log4j-1.2.17.jar;D:\frameium\Frameium_allure\.allure\allure-2.8.1\bin\..\lib\jackson-module-jaxb-annotations-2.9.6.jar;D:\frameium\Frameium_allure\.allure\allure-2.8.1\bin\..\lib\jackson-databind-2.9.6.jar;D:\frameium\Frameium_allure\.allure\allure-2.8.1\bin\..\lib\jackson-core-2.9.6.ja
PATH=C:\Program Files\Common Files\Oracle\Java\javapath;C:\WINDOWS\system32;C:\WINDOWS;C:\WINDOWS\System32\Wbem;C:\WINDOWS\System32\WindowsPowerShell\v1.0\;C:\WINDOWS\System32\OpenSSH\;C:\Program Files\Java\jdk-17\bin;%JAVA;C:\Program Files\Java\jdk-17\bin;C:\Users\SonymonJoseph\AppData\Local\Microsoft\WindowsApps;
USERNAME=SonymonJoseph
OS=Windows_NT
PROCESSOR_IDENTIFIER=AMD64 Family 23 Model 24 Stepping 1, AuthenticAMD



---------------  S Y S T E M  ---------------

OS:
 Windows 11 , 64 bit Build 22621 (10.0.22621.4391)
OS uptime: 15 days 16:10 hours
Hyper-V role detected

CPU: total 4 (initial active 4) (4 cores per cpu, 2 threads per core) family 23 model 24 stepping 1 microcode 0x0, cx8, cmov, fxsr, ht, mmx, 3dnowpref, sse, sse2, sse3, ssse3, sse4a, sse4.1, sse4.2, popcnt, lzcnt, tsc, tscinvbit, avx, avx2, aes, clmul, bmi1, bmi2, adx, sha, fma, vzeroupper, clflush, clflushopt, hv

Memory: 4k page, system-wide physical 6030M (269M free)
TotalPageFile size 24462M (AvailPageFile size 4M)
current process WorkingSet (physical memory assigned to process): 25M, peak: 25M
current process commit charge ("private bytes"): 159M, peak: 159M

vm_info: Java HotSpot(TM) 64-Bit Server VM (17.0.12+8-LTS-286) for windows-amd64 JRE (17.0.12+8-LTS-286), built on Jun  5 2024 06:46:59 by "mach5one" with MS VC++ 17.6 (VS2022)

END.
