#
# There is insufficient memory for the Java Runtime Environment to continue.
# Native memory allocation (malloc) failed to allocate 824496 bytes for Chunk::new
# Possible reasons:
#   The system is out of physical RAM or swap space
#   The process is running with CompressedOops enabled, and the Java Heap may be blocking the growth of the native heap
# Possible solutions:
#   Reduce memory load on the system
#   Increase physical memory or swap space
#   Check if swap backing store is full
#   Decrease Java heap size (-Xmx/-Xms)
#   Decrease number of Java threads
#   Decrease Java thread stack sizes (-Xss)
#   Set larger code cache with -XX:ReservedCodeCacheSize=
#   JVM is running with Unscaled Compressed Oops mode in which the Java heap is
#     placed in the first 4GB address space. The Java Heap base address is the
#     maximum limit for the native heap growth. Please use -XX:HeapBaseMinAddress
#     to set the Java Heap base and to place the Java Heap above 4GB virtual address.
# This output file may be truncated or incomplete.
#
#  Out of Memory Error (arena.cpp:189), pid=72580, tid=66840
#
# JRE version: Java(TM) SE Runtime Environment (17.0.12+8) (build 17.0.12+8-LTS-286)
# Java VM: Java HotSpot(TM) 64-Bit Server VM (17.0.12+8-LTS-286, mixed mode, sharing, tiered, compressed oops, compressed class ptrs, g1 gc, windows-amd64)
# No core dump will be written. Minidumps are not enabled by default on client versions of Windows
#

---------------  S U M M A R Y ------------

Command Line: io.qameta.allure.CommandLine generate D:\frameium\Frameium_allure\allure-results --clean -o D:\frameium\Frameium_allure\allure-report-generate

Host: AMD Ryzen 3 3250U with Radeon Graphics         , 4 cores, 5G,  Windows 10 , 64 bit Build 19041 (10.0.19041.4957)
Time: Wed Nov  6 15:31:07 2024 India Standard Time elapsed time: 4.181786 seconds (0d 0h 0m 4s)

---------------  T H R E A D  ---------------

Current thread (0x00000164f11579e0):  JavaThread "C2 CompilerThread0" daemon [_thread_in_native, id=66840, stack(0x0000003b7f500000,0x0000003b7f600000)]


Current CompileTask:
C2:   4184 2097       4       jdk.internal.org.objectweb.asm.Frame::execute (2305 bytes)

Stack: [0x0000003b7f500000,0x0000003b7f600000]
Native frames: (J=compiled Java code, j=interpreted, Vv=VM code, C=native code)
V  [jvm.dll+0x67a04a]
V  [jvm.dll+0x7da4ed]
V  [jvm.dll+0x7dbe33]
V  [jvm.dll+0x7dc4a3]
V  [jvm.dll+0x24508f]
V  [jvm.dll+0xab773]
V  [jvm.dll+0xabd3c]
V  [jvm.dll+0x2aa52f]
V  [jvm.dll+0x581eb9]
V  [jvm.dll+0x21f422]
V  [jvm.dll+0x21f81f]
V  [jvm.dll+0x218aa0]
V  [jvm.dll+0x215b65]
V  [jvm.dll+0x1a2960]
V  [jvm.dll+0x22610b]
V  [jvm.dll+0x2242ab]
V  [jvm.dll+0x79075c]
V  [jvm.dll+0x78abea]
V  [jvm.dll+0x678f35]
C  [ucrtbase.dll+0x21bb2]
C  [KERNEL32.DLL+0x17374]
C  [ntdll.dll+0x4cc91]


---------------  P R O C E S S  ---------------

Threads class SMR info:
_java_thread_list=0x00000164f129a6a0, length=12, elements={
0x00000164939f02a0, 0x00000164f113ab50, 0x00000164f113c080, 0x00000164f114c910,
0x00000164f1150200, 0x00000164f1151270, 0x00000164f11522e0, 0x00000164f11579e0,
0x00000164f11587b0, 0x00000164f1165050, 0x00000164f128e790, 0x00000164f129a940
}

Java Threads: ( => current thread )
  0x00000164939f02a0 JavaThread "main" [_thread_blocked, id=73376, stack(0x0000003b7e800000,0x0000003b7e900000)]
  0x00000164f113ab50 JavaThread "Reference Handler" daemon [_thread_blocked, id=68772, stack(0x0000003b7ef00000,0x0000003b7f000000)]
  0x00000164f113c080 JavaThread "Finalizer" daemon [_thread_blocked, id=74988, stack(0x0000003b7f000000,0x0000003b7f100000)]
  0x00000164f114c910 JavaThread "Signal Dispatcher" daemon [_thread_blocked, id=69744, stack(0x0000003b7f100000,0x0000003b7f200000)]
  0x00000164f1150200 JavaThread "Attach Listener" daemon [_thread_blocked, id=82904, stack(0x0000003b7f200000,0x0000003b7f300000)]
  0x00000164f1151270 JavaThread "Service Thread" daemon [_thread_blocked, id=71904, stack(0x0000003b7f300000,0x0000003b7f400000)]
  0x00000164f11522e0 JavaThread "Monitor Deflation Thread" daemon [_thread_blocked, id=73312, stack(0x0000003b7f400000,0x0000003b7f500000)]
=>0x00000164f11579e0 JavaThread "C2 CompilerThread0" daemon [_thread_in_native, id=66840, stack(0x0000003b7f500000,0x0000003b7f600000)]
  0x00000164f11587b0 JavaThread "C1 CompilerThread0" daemon [_thread_blocked, id=63964, stack(0x0000003b7f600000,0x0000003b7f700000)]
  0x00000164f1165050 JavaThread "Sweeper thread" daemon [_thread_blocked, id=84088, stack(0x0000003b7f700000,0x0000003b7f800000)]
  0x00000164f128e790 JavaThread "Notification Thread" daemon [_thread_blocked, id=86332, stack(0x0000003b7f800000,0x0000003b7f900000)]
  0x00000164f129a940 JavaThread "Common-Cleaner" daemon [_thread_blocked, id=83540, stack(0x0000003b7fa00000,0x0000003b7fb00000)]

Other Threads:
  0x00000164f1132fc0 VMThread "VM Thread" [stack: 0x0000003b7ee00000,0x0000003b7ef00000] [id=75812]
  0x00000164f12970a0 WatcherThread [stack: 0x0000003b7f900000,0x0000003b7fa00000] [id=80596]
  0x0000016493a3d3e0 GCTaskThread "GC Thread#0" [stack: 0x0000003b7e900000,0x0000003b7ea00000] [id=61964]
  0x00000164f173e020 GCTaskThread "GC Thread#1" [stack: 0x0000003b7fb00000,0x0000003b7fc00000] [id=80072]
  0x00000164f1716200 GCTaskThread "GC Thread#2" [stack: 0x0000003b7fc00000,0x0000003b7fd00000] [id=86344]
  0x00000164f17164c0 GCTaskThread "GC Thread#3" [stack: 0x0000003b7fd00000,0x0000003b7fe00000] [id=62860]
  0x0000016493a49fb0 ConcurrentGCThread "G1 Main Marker" [stack: 0x0000003b7ea00000,0x0000003b7eb00000] [id=79200]
  0x0000016493a4a9c0 ConcurrentGCThread "G1 Conc#0" [stack: 0x0000003b7eb00000,0x0000003b7ec00000] [id=82744]
  0x0000016493aae8a0 ConcurrentGCThread "G1 Refine#0" [stack: 0x0000003b7ec00000,0x0000003b7ed00000] [id=62940]
  0x0000016493ab01f0 ConcurrentGCThread "G1 Service" [stack: 0x0000003b7ed00000,0x0000003b7ee00000] [id=79840]

Threads with active compile tasks:
C2 CompilerThread0     4240 2097       4       jdk.internal.org.objectweb.asm.Frame::execute (2305 bytes)

VM state: not at safepoint (normal execution)

VM Mutex/Monitor currently owned by a thread: None

Heap address: 0x00000000a1c00000, size: 1508 MB, Compressed Oops mode: 32-bit

CDS archive(s) mapped at: [0x00000164b0000000-0x00000164b0bd0000-0x00000164b0bd0000), size 12386304, SharedBaseAddress: 0x00000164b0000000, ArchiveRelocationMode: 1.
Compressed class space mapped at: 0x00000164b1000000-0x00000164f1000000, reserved size: 1073741824
Narrow klass base: 0x00000164b0000000, Narrow klass shift: 0, Narrow klass range: 0x100000000

GC Precious Log:
 CPUs: 4 total, 4 available
 Memory: 6030M
 Large Page Support: Disabled
 NUMA Support: Disabled
 Compressed Oops: Enabled (32-bit)
 Heap Region Size: 1M
 Heap Min Capacity: 8M
 Heap Initial Capacity: 96M
 Heap Max Capacity: 1508M
 Pre-touch: Disabled
 Parallel Workers: 4
 Concurrent Workers: 1
 Concurrent Refinement Workers: 4
 Periodic GC: Disabled

Heap:
 garbage-first heap   total 98304K, used 25844K [0x00000000a1c00000, 0x0000000100000000)
  region size 1024K, 24 young (24576K), 2 survivors (2048K)
 Metaspace       used 13653K, committed 13888K, reserved 1114112K
  class space    used 1548K, committed 1664K, reserved 1048576K

Heap Regions: E=young(eden), S=young(survivor), O=old, HS=humongous(starts), HC=humongous(continues), CS=collection set, F=free, OA=open archive, CA=closed archive, TAMS=top-at-mark-start (previous, next)
|   0|0x00000000a1c00000, 0x00000000a1d00000, 0x00000000a1d00000|100%| O|  |TAMS 0x00000000a1c00000, 0x00000000a1c00000| Untracked 
|   1|0x00000000a1d00000, 0x00000000a1e00000, 0x00000000a1e00000|100%| O|  |TAMS 0x00000000a1d00000, 0x00000000a1d00000| Untracked 
|   2|0x00000000a1e00000, 0x00000000a1f00000, 0x00000000a1f00000|100%| O|  |TAMS 0x00000000a1e00000, 0x00000000a1e00000| Untracked 
|   3|0x00000000a1f00000, 0x00000000a1f19e00, 0x00000000a2000000| 10%| O|  |TAMS 0x00000000a1f00000, 0x00000000a1f00000| Untracked 
|   4|0x00000000a2000000, 0x00000000a2000000, 0x00000000a2100000|  0%| F|  |TAMS 0x00000000a2000000, 0x00000000a2000000| Untracked 
|   5|0x00000000a2100000, 0x00000000a2100000, 0x00000000a2200000|  0%| F|  |TAMS 0x00000000a2100000, 0x00000000a2100000| Untracked 
|   6|0x00000000a2200000, 0x00000000a2200000, 0x00000000a2300000|  0%| F|  |TAMS 0x00000000a2200000, 0x00000000a2200000| Untracked 
|   7|0x00000000a2300000, 0x00000000a2300000, 0x00000000a2400000|  0%| F|  |TAMS 0x00000000a2300000, 0x00000000a2300000| Untracked 
|   8|0x00000000a2400000, 0x00000000a2400000, 0x00000000a2500000|  0%| F|  |TAMS 0x00000000a2400000, 0x00000000a2400000| Untracked 
|   9|0x00000000a2500000, 0x00000000a2500000, 0x00000000a2600000|  0%| F|  |TAMS 0x00000000a2500000, 0x00000000a2500000| Untracked 
|  10|0x00000000a2600000, 0x00000000a2600000, 0x00000000a2700000|  0%| F|  |TAMS 0x00000000a2600000, 0x00000000a2600000| Untracked 
|  11|0x00000000a2700000, 0x00000000a2700000, 0x00000000a2800000|  0%| F|  |TAMS 0x00000000a2700000, 0x00000000a2700000| Untracked 
|  12|0x00000000a2800000, 0x00000000a2800000, 0x00000000a2900000|  0%| F|  |TAMS 0x00000000a2800000, 0x00000000a2800000| Untracked 
|  13|0x00000000a2900000, 0x00000000a2900000, 0x00000000a2a00000|  0%| F|  |TAMS 0x00000000a2900000, 0x00000000a2900000| Untracked 
|  14|0x00000000a2a00000, 0x00000000a2a00000, 0x00000000a2b00000|  0%| F|  |TAMS 0x00000000a2a00000, 0x00000000a2a00000| Untracked 
|  15|0x00000000a2b00000, 0x00000000a2b00000, 0x00000000a2c00000|  0%| F|  |TAMS 0x00000000a2b00000, 0x00000000a2b00000| Untracked 
|  16|0x00000000a2c00000, 0x00000000a2c00000, 0x00000000a2d00000|  0%| F|  |TAMS 0x00000000a2c00000, 0x00000000a2c00000| Untracked 
|  17|0x00000000a2d00000, 0x00000000a2d00000, 0x00000000a2e00000|  0%| F|  |TAMS 0x00000000a2d00000, 0x00000000a2d00000| Untracked 
|  18|0x00000000a2e00000, 0x00000000a2e00000, 0x00000000a2f00000|  0%| F|  |TAMS 0x00000000a2e00000, 0x00000000a2e00000| Untracked 
|  19|0x00000000a2f00000, 0x00000000a2f00000, 0x00000000a3000000|  0%| F|  |TAMS 0x00000000a2f00000, 0x00000000a2f00000| Untracked 
|  20|0x00000000a3000000, 0x00000000a3000000, 0x00000000a3100000|  0%| F|  |TAMS 0x00000000a3000000, 0x00000000a3000000| Untracked 
|  21|0x00000000a3100000, 0x00000000a3100000, 0x00000000a3200000|  0%| F|  |TAMS 0x00000000a3100000, 0x00000000a3100000| Untracked 
|  22|0x00000000a3200000, 0x00000000a3200000, 0x00000000a3300000|  0%| F|  |TAMS 0x00000000a3200000, 0x00000000a3200000| Untracked 
|  23|0x00000000a3300000, 0x00000000a3300000, 0x00000000a3400000|  0%| F|  |TAMS 0x00000000a3300000, 0x00000000a3300000| Untracked 
|  24|0x00000000a3400000, 0x00000000a3400000, 0x00000000a3500000|  0%| F|  |TAMS 0x00000000a3400000, 0x00000000a3400000| Untracked 
|  25|0x00000000a3500000, 0x00000000a3500000, 0x00000000a3600000|  0%| F|  |TAMS 0x00000000a3500000, 0x00000000a3500000| Untracked 
|  26|0x00000000a3600000, 0x00000000a3600000, 0x00000000a3700000|  0%| F|  |TAMS 0x00000000a3600000, 0x00000000a3600000| Untracked 
|  27|0x00000000a3700000, 0x00000000a3700000, 0x00000000a3800000|  0%| F|  |TAMS 0x00000000a3700000, 0x00000000a3700000| Untracked 
|  28|0x00000000a3800000, 0x00000000a3800000, 0x00000000a3900000|  0%| F|  |TAMS 0x00000000a3800000, 0x00000000a3800000| Untracked 
|  29|0x00000000a3900000, 0x00000000a3900000, 0x00000000a3a00000|  0%| F|  |TAMS 0x00000000a3900000, 0x00000000a3900000| Untracked 
|  30|0x00000000a3a00000, 0x00000000a3a00000, 0x00000000a3b00000|  0%| F|  |TAMS 0x00000000a3a00000, 0x00000000a3a00000| Untracked 
|  31|0x00000000a3b00000, 0x00000000a3b00000, 0x00000000a3c00000|  0%| F|  |TAMS 0x00000000a3b00000, 0x00000000a3b00000| Untracked 
|  32|0x00000000a3c00000, 0x00000000a3c00000, 0x00000000a3d00000|  0%| F|  |TAMS 0x00000000a3c00000, 0x00000000a3c00000| Untracked 
|  33|0x00000000a3d00000, 0x00000000a3d00000, 0x00000000a3e00000|  0%| F|  |TAMS 0x00000000a3d00000, 0x00000000a3d00000| Untracked 
|  34|0x00000000a3e00000, 0x00000000a3e00000, 0x00000000a3f00000|  0%| F|  |TAMS 0x00000000a3e00000, 0x00000000a3e00000| Untracked 
|  35|0x00000000a3f00000, 0x00000000a3f00000, 0x00000000a4000000|  0%| F|  |TAMS 0x00000000a3f00000, 0x00000000a3f00000| Untracked 
|  36|0x00000000a4000000, 0x00000000a4000000, 0x00000000a4100000|  0%| F|  |TAMS 0x00000000a4000000, 0x00000000a4000000| Untracked 
|  37|0x00000000a4100000, 0x00000000a4100000, 0x00000000a4200000|  0%| F|  |TAMS 0x00000000a4100000, 0x00000000a4100000| Untracked 
|  38|0x00000000a4200000, 0x00000000a4200000, 0x00000000a4300000|  0%| F|  |TAMS 0x00000000a4200000, 0x00000000a4200000| Untracked 
|  39|0x00000000a4300000, 0x00000000a4300000, 0x00000000a4400000|  0%| F|  |TAMS 0x00000000a4300000, 0x00000000a4300000| Untracked 
|  40|0x00000000a4400000, 0x00000000a4400000, 0x00000000a4500000|  0%| F|  |TAMS 0x00000000a4400000, 0x00000000a4400000| Untracked 
|  41|0x00000000a4500000, 0x00000000a4500000, 0x00000000a4600000|  0%| F|  |TAMS 0x00000000a4500000, 0x00000000a4500000| Untracked 
|  42|0x00000000a4600000, 0x00000000a4600000, 0x00000000a4700000|  0%| F|  |TAMS 0x00000000a4600000, 0x00000000a4600000| Untracked 
|  43|0x00000000a4700000, 0x00000000a4700000, 0x00000000a4800000|  0%| F|  |TAMS 0x00000000a4700000, 0x00000000a4700000| Untracked 
|  44|0x00000000a4800000, 0x00000000a4800000, 0x00000000a4900000|  0%| F|  |TAMS 0x00000000a4800000, 0x00000000a4800000| Untracked 
|  45|0x00000000a4900000, 0x00000000a4900000, 0x00000000a4a00000|  0%| F|  |TAMS 0x00000000a4900000, 0x00000000a4900000| Untracked 
|  46|0x00000000a4a00000, 0x00000000a4a00000, 0x00000000a4b00000|  0%| F|  |TAMS 0x00000000a4a00000, 0x00000000a4a00000| Untracked 
|  47|0x00000000a4b00000, 0x00000000a4b00000, 0x00000000a4c00000|  0%| F|  |TAMS 0x00000000a4b00000, 0x00000000a4b00000| Untracked 
|  48|0x00000000a4c00000, 0x00000000a4c00000, 0x00000000a4d00000|  0%| F|  |TAMS 0x00000000a4c00000, 0x00000000a4c00000| Untracked 
|  49|0x00000000a4d00000, 0x00000000a4d00000, 0x00000000a4e00000|  0%| F|  |TAMS 0x00000000a4d00000, 0x00000000a4d00000| Untracked 
|  50|0x00000000a4e00000, 0x00000000a4e00000, 0x00000000a4f00000|  0%| F|  |TAMS 0x00000000a4e00000, 0x00000000a4e00000| Untracked 
|  51|0x00000000a4f00000, 0x00000000a4f00000, 0x00000000a5000000|  0%| F|  |TAMS 0x00000000a4f00000, 0x00000000a4f00000| Untracked 
|  52|0x00000000a5000000, 0x00000000a5000000, 0x00000000a5100000|  0%| F|  |TAMS 0x00000000a5000000, 0x00000000a5000000| Untracked 
|  53|0x00000000a5100000, 0x00000000a5100000, 0x00000000a5200000|  0%| F|  |TAMS 0x00000000a5100000, 0x00000000a5100000| Untracked 
|  54|0x00000000a5200000, 0x00000000a5200000, 0x00000000a5300000|  0%| F|  |TAMS 0x00000000a5200000, 0x00000000a5200000| Untracked 
|  55|0x00000000a5300000, 0x00000000a5300000, 0x00000000a5400000|  0%| F|  |TAMS 0x00000000a5300000, 0x00000000a5300000| Untracked 
|  56|0x00000000a5400000, 0x00000000a5400000, 0x00000000a5500000|  0%| F|  |TAMS 0x00000000a5400000, 0x00000000a5400000| Untracked 
|  57|0x00000000a5500000, 0x00000000a5500000, 0x00000000a5600000|  0%| F|  |TAMS 0x00000000a5500000, 0x00000000a5500000| Untracked 
|  58|0x00000000a5600000, 0x00000000a5600000, 0x00000000a5700000|  0%| F|  |TAMS 0x00000000a5600000, 0x00000000a5600000| Untracked 
|  59|0x00000000a5700000, 0x00000000a5700000, 0x00000000a5800000|  0%| F|  |TAMS 0x00000000a5700000, 0x00000000a5700000| Untracked 
|  60|0x00000000a5800000, 0x00000000a5800000, 0x00000000a5900000|  0%| F|  |TAMS 0x00000000a5800000, 0x00000000a5800000| Untracked 
|  61|0x00000000a5900000, 0x00000000a5900000, 0x00000000a5a00000|  0%| F|  |TAMS 0x00000000a5900000, 0x00000000a5900000| Untracked 
|  62|0x00000000a5a00000, 0x00000000a5a00000, 0x00000000a5b00000|  0%| F|  |TAMS 0x00000000a5a00000, 0x00000000a5a00000| Untracked 
|  63|0x00000000a5b00000, 0x00000000a5b00000, 0x00000000a5c00000|  0%| F|  |TAMS 0x00000000a5b00000, 0x00000000a5b00000| Untracked 
|  64|0x00000000a5c00000, 0x00000000a5c00000, 0x00000000a5d00000|  0%| F|  |TAMS 0x00000000a5c00000, 0x00000000a5c00000| Untracked 
|  65|0x00000000a5d00000, 0x00000000a5d00000, 0x00000000a5e00000|  0%| F|  |TAMS 0x00000000a5d00000, 0x00000000a5d00000| Untracked 
|  66|0x00000000a5e00000, 0x00000000a5e00000, 0x00000000a5f00000|  0%| F|  |TAMS 0x00000000a5e00000, 0x00000000a5e00000| Untracked 
|  67|0x00000000a5f00000, 0x00000000a5f00000, 0x00000000a6000000|  0%| F|  |TAMS 0x00000000a5f00000, 0x00000000a5f00000| Untracked 
|  68|0x00000000a6000000, 0x00000000a6000000, 0x00000000a6100000|  0%| F|  |TAMS 0x00000000a6000000, 0x00000000a6000000| Untracked 
|  69|0x00000000a6100000, 0x00000000a6100000, 0x00000000a6200000|  0%| F|  |TAMS 0x00000000a6100000, 0x00000000a6100000| Untracked 
|  70|0x00000000a6200000, 0x00000000a6200000, 0x00000000a6300000|  0%| F|  |TAMS 0x00000000a6200000, 0x00000000a6200000| Untracked 
|  71|0x00000000a6300000, 0x00000000a6300000, 0x00000000a6400000|  0%| F|  |TAMS 0x00000000a6300000, 0x00000000a6300000| Untracked 
|  72|0x00000000a6400000, 0x00000000a6480800, 0x00000000a6500000| 50%| E|  |TAMS 0x00000000a6400000, 0x00000000a6400000| Complete 
|  73|0x00000000a6500000, 0x00000000a6600000, 0x00000000a6600000|100%| E|CS|TAMS 0x00000000a6500000, 0x00000000a6500000| Complete 
|  74|0x00000000a6600000, 0x00000000a6700000, 0x00000000a6700000|100%| E|CS|TAMS 0x00000000a6600000, 0x00000000a6600000| Complete 
|  75|0x00000000a6700000, 0x00000000a6800000, 0x00000000a6800000|100%| E|CS|TAMS 0x00000000a6700000, 0x00000000a6700000| Complete 
|  76|0x00000000a6800000, 0x00000000a6900000, 0x00000000a6900000|100%| E|CS|TAMS 0x00000000a6800000, 0x00000000a6800000| Complete 
|  77|0x00000000a6900000, 0x00000000a6a00000, 0x00000000a6a00000|100%| E|CS|TAMS 0x00000000a6900000, 0x00000000a6900000| Complete 
|  78|0x00000000a6a00000, 0x00000000a6b00000, 0x00000000a6b00000|100%| E|CS|TAMS 0x00000000a6a00000, 0x00000000a6a00000| Complete 
|  79|0x00000000a6b00000, 0x00000000a6b234d8, 0x00000000a6c00000| 13%| S|CS|TAMS 0x00000000a6b00000, 0x00000000a6b00000| Complete 
|  80|0x00000000a6c00000, 0x00000000a6d00000, 0x00000000a6d00000|100%| S|CS|TAMS 0x00000000a6c00000, 0x00000000a6c00000| Complete 
|  81|0x00000000a6d00000, 0x00000000a6e00000, 0x00000000a6e00000|100%| E|CS|TAMS 0x00000000a6d00000, 0x00000000a6d00000| Complete 
|  82|0x00000000a6e00000, 0x00000000a6f00000, 0x00000000a6f00000|100%| E|CS|TAMS 0x00000000a6e00000, 0x00000000a6e00000| Complete 
|  83|0x00000000a6f00000, 0x00000000a7000000, 0x00000000a7000000|100%| E|CS|TAMS 0x00000000a6f00000, 0x00000000a6f00000| Complete 
|  84|0x00000000a7000000, 0x00000000a7100000, 0x00000000a7100000|100%| E|CS|TAMS 0x00000000a7000000, 0x00000000a7000000| Complete 
|  85|0x00000000a7100000, 0x00000000a7200000, 0x00000000a7200000|100%| E|CS|TAMS 0x00000000a7100000, 0x00000000a7100000| Complete 
|  86|0x00000000a7200000, 0x00000000a7300000, 0x00000000a7300000|100%| E|CS|TAMS 0x00000000a7200000, 0x00000000a7200000| Complete 
|  87|0x00000000a7300000, 0x00000000a7400000, 0x00000000a7400000|100%| E|CS|TAMS 0x00000000a7300000, 0x00000000a7300000| Complete 
|  88|0x00000000a7400000, 0x00000000a7500000, 0x00000000a7500000|100%| E|CS|TAMS 0x00000000a7400000, 0x00000000a7400000| Complete 
|  89|0x00000000a7500000, 0x00000000a7600000, 0x00000000a7600000|100%| E|CS|TAMS 0x00000000a7500000, 0x00000000a7500000| Complete 
|  90|0x00000000a7600000, 0x00000000a7700000, 0x00000000a7700000|100%| E|CS|TAMS 0x00000000a7600000, 0x00000000a7600000| Complete 
|  91|0x00000000a7700000, 0x00000000a7800000, 0x00000000a7800000|100%| E|CS|TAMS 0x00000000a7700000, 0x00000000a7700000| Complete 
|  92|0x00000000a7800000, 0x00000000a7900000, 0x00000000a7900000|100%| E|CS|TAMS 0x00000000a7800000, 0x00000000a7800000| Complete 
|  93|0x00000000a7900000, 0x00000000a7a00000, 0x00000000a7a00000|100%| E|CS|TAMS 0x00000000a7900000, 0x00000000a7900000| Complete 
|  94|0x00000000a7a00000, 0x00000000a7b00000, 0x00000000a7b00000|100%| E|CS|TAMS 0x00000000a7a00000, 0x00000000a7a00000| Complete 
|  95|0x00000000a7b00000, 0x00000000a7c00000, 0x00000000a7c00000|100%| E|CS|TAMS 0x00000000a7b00000, 0x00000000a7b00000| Complete 

Card table byte_map: [0x00000164aa5b0000,0x00000164aa8b0000] _byte_map_base: 0x00000164aa0a2000

Marking Bits (Prev, Next): (CMBitMap*) 0x0000016493a3da00, (CMBitMap*) 0x0000016493a3da40
 Prev Bits: [0x00000164aabb0000, 0x00000164ac340000)
 Next Bits: [0x00000164ac340000, 0x00000164adad0000)

Polling page: 0x00000164931c0000

Metaspace:

Usage:
  Non-class:     11.82 MB used.
      Class:      1.51 MB used.
       Both:     13.33 MB used.

Virtual space:
  Non-class space:       64.00 MB reserved,      11.94 MB ( 19%) committed,  1 nodes.
      Class space:        1.00 GB reserved,       1.62 MB ( <1%) committed,  1 nodes.
             Both:        1.06 GB reserved,      13.56 MB (  1%) committed. 

Chunk freelists:
   Non-Class:  3.62 MB
       Class:  14.42 MB
        Both:  18.05 MB

MaxMetaspaceSize: unlimited
CompressedClassSpaceSize: 1.00 GB
Initial GC threshold: 21.00 MB
Current GC threshold: 21.00 MB
CDS: on
MetaspaceReclaimPolicy: balanced
 - commit_granule_bytes: 65536.
 - commit_granule_words: 8192.
 - virtual_space_node_default_size: 8388608.
 - enlarge_chunks_in_place: 1.
 - new_chunks_are_fully_committed: 0.
 - uncommit_free_chunks: 1.
 - use_allocation_guard: 0.
 - handle_deallocations: 1.


Internal statistics:

num_allocs_failed_limit: 0.
num_arena_births: 118.
num_arena_deaths: 0.
num_vsnodes_births: 2.
num_vsnodes_deaths: 0.
num_space_committed: 217.
num_space_uncommitted: 0.
num_chunks_returned_to_freelist: 0.
num_chunks_taken_from_freelist: 492.
num_chunk_merges: 0.
num_chunk_splits: 359.
num_chunks_enlarged: 290.
num_inconsistent_stats: 0.

CodeHeap 'non-profiled nmethods': size=120000Kb used=729Kb max_used=729Kb free=119270Kb
 bounds [0x00000164a2d80000, 0x00000164a2ff0000, 0x00000164aa2b0000]
CodeHeap 'profiled nmethods': size=120000Kb used=4174Kb max_used=4174Kb free=115825Kb
 bounds [0x000001649b2b0000, 0x000001649b6d0000, 0x00000164a27e0000]
CodeHeap 'non-nmethods': size=5760Kb used=1201Kb max_used=1229Kb free=4559Kb
 bounds [0x00000164a27e0000, 0x00000164a2a50000, 0x00000164a2d80000]
 total_blobs=2638 nmethods=2140 adapters=410
 compilation: enabled
              stopped_count=0, restarted_count=0
 full_count=0

Compilation events (20 events):
Event: 4.137 Thread 0x00000164f11587b0 2137       1       com.fasterxml.jackson.databind.util.TypeKey::isTyped (5 bytes)
Event: 4.137 Thread 0x00000164f11587b0 nmethod 2137 0x00000164a2e35a10 code [0x00000164a2e35ba0, 0x00000164a2e35c78]
Event: 4.137 Thread 0x00000164f11587b0 2138       1       com.fasterxml.jackson.databind.util.TypeKey::getRawType (5 bytes)
Event: 4.138 Thread 0x00000164f11587b0 nmethod 2138 0x00000164a2e35d10 code [0x00000164a2e35ea0, 0x00000164a2e35f78]
Event: 4.138 Thread 0x00000164f11587b0 2139       1       com.fasterxml.jackson.databind.util.TypeKey::getType (5 bytes)
Event: 4.138 Thread 0x00000164f11587b0 nmethod 2139 0x00000164a2e36010 code [0x00000164a2e361a0, 0x00000164a2e36278]
Event: 4.165 Thread 0x00000164f11587b0 2140       3       java.util.stream.ReduceOps$3ReducingSink::accept (15 bytes)
Event: 4.165 Thread 0x00000164f11587b0 nmethod 2140 0x000001649b6bea10 code [0x000001649b6bebc0, 0x000001649b6beda8]
Event: 4.166 Thread 0x00000164f11587b0 2141       3       com.fasterxml.jackson.databind.introspect.JacksonAnnotationIntrospector::hasAsValue (28 bytes)
Event: 4.166 Thread 0x00000164f11587b0 nmethod 2141 0x000001649b6bee90 code [0x000001649b6bf080, 0x000001649b6bf638]
Event: 4.169 Thread 0x00000164f11587b0 2142       1       java.lang.reflect.Constructor::getModifiers (5 bytes)
Event: 4.169 Thread 0x00000164f11587b0 nmethod 2142 0x00000164a2e36310 code [0x00000164a2e364a0, 0x00000164a2e36578]
Event: 4.169 Thread 0x00000164f11587b0 2143       3       com.fasterxml.jackson.databind.introspect.JacksonAnnotationIntrospector::_findTypeResolver (264 bytes)
Event: 4.171 Thread 0x00000164f11587b0 nmethod 2143 0x000001649b6bf810 code [0x000001649b6bfbe0, 0x000001649b6c1b48]
Event: 4.171 Thread 0x00000164f11587b0 2146       3       java.lang.StringLatin1::getChars (12 bytes)
Event: 4.171 Thread 0x00000164f11587b0 nmethod 2146 0x000001649b6c2390 code [0x000001649b6c2520, 0x000001649b6c2648]
Event: 4.171 Thread 0x00000164f11587b0 2144       3       com.fasterxml.jackson.databind.introspect.POJOPropertyBuilder$2::withMember (6 bytes)
Event: 4.171 Thread 0x00000164f11587b0 nmethod 2144 0x000001649b6c2710 code [0x000001649b6c28c0, 0x000001649b6c2b08]
Event: 4.171 Thread 0x00000164f11587b0 2145       3       com.fasterxml.jackson.databind.introspect.POJOPropertyBuilder$2::withMember (12 bytes)
Event: 4.171 Thread 0x00000164f11587b0 nmethod 2145 0x000001649b6c2c10 code [0x000001649b6c2dc0, 0x000001649b6c2fa8]

GC Heap History (4 events):
Event: 1.813 GC heap before
{Heap before GC invocations=0 (full 0):
 garbage-first heap   total 98304K, used 13312K [0x00000000a1c00000, 0x0000000100000000)
  region size 1024K, 13 young (13312K), 0 survivors (0K)
 Metaspace       used 4326K, committed 4480K, reserved 1114112K
  class space    used 430K, committed 512K, reserved 1048576K
}
Event: 1.824 GC heap after
{Heap after GC invocations=1 (full 0):
 garbage-first heap   total 98304K, used 3132K [0x00000000a1c00000, 0x0000000100000000)
  region size 1024K, 2 young (2048K), 2 survivors (2048K)
 Metaspace       used 4326K, committed 4480K, reserved 1114112K
  class space    used 430K, committed 512K, reserved 1048576K
}
Event: 2.694 GC heap before
{Heap before GC invocations=1 (full 0):
 garbage-first heap   total 98304K, used 16444K [0x00000000a1c00000, 0x0000000100000000)
  region size 1024K, 15 young (15360K), 2 survivors (2048K)
 Metaspace       used 8528K, committed 8640K, reserved 1114112K
  class space    used 953K, committed 1024K, reserved 1048576K
}
Event: 2.701 GC heap after
{Heap after GC invocations=2 (full 0):
 garbage-first heap   total 98304K, used 4340K [0x00000000a1c00000, 0x0000000100000000)
  region size 1024K, 2 young (2048K), 2 survivors (2048K)
 Metaspace       used 8528K, committed 8640K, reserved 1114112K
  class space    used 953K, committed 1024K, reserved 1048576K
}

Deoptimization events (20 events):
Event: 3.218 Thread 0x00000164939f02a0 DEOPT PACKING pc=0x00000164a2de4278 sp=0x0000003b7e8fd4a0
Event: 3.218 Thread 0x00000164939f02a0 DEOPT UNPACKING pc=0x00000164a28323a3 sp=0x0000003b7e8fd3e0 mode 2
Event: 3.219 Thread 0x00000164939f02a0 Uncommon trap: trap_request=0xffffff45 fr.pc=0x00000164a2db5cd4 relative=0x0000000000000054
Event: 3.219 Thread 0x00000164939f02a0 Uncommon trap: reason=unstable_if action=reinterpret pc=0x00000164a2db5cd4 method=java.lang.CharacterData.of(I)Ljava/lang/CharacterData; @ 15 c2
Event: 3.219 Thread 0x00000164939f02a0 DEOPT PACKING pc=0x00000164a2db5cd4 sp=0x0000003b7e8fd450
Event: 3.219 Thread 0x00000164939f02a0 DEOPT UNPACKING pc=0x00000164a28323a3 sp=0x0000003b7e8fd3e0 mode 2
Event: 3.472 Thread 0x00000164939f02a0 DEOPT PACKING pc=0x000001649b535256 sp=0x0000003b7e8fd260
Event: 3.472 Thread 0x00000164939f02a0 DEOPT UNPACKING pc=0x00000164a2832b43 sp=0x0000003b7e8fc6e8 mode 0
Event: 3.883 Thread 0x00000164939f02a0 DEOPT PACKING pc=0x000001649b535256 sp=0x0000003b7e8fa660
Event: 3.883 Thread 0x00000164939f02a0 DEOPT UNPACKING pc=0x00000164a2832b43 sp=0x0000003b7e8f9ae8 mode 0
Event: 3.942 Thread 0x00000164939f02a0 Uncommon trap: trap_request=0xffffff6e fr.pc=0x00000164a2df83cc relative=0x00000000000001ac
Event: 3.942 Thread 0x00000164939f02a0 Uncommon trap: reason=loop_limit_check action=maybe_recompile pc=0x00000164a2df83cc method=java.lang.StringLatin1.lastIndexOf([BII)I @ 19 c2
Event: 3.942 Thread 0x00000164939f02a0 DEOPT PACKING pc=0x00000164a2df83cc sp=0x0000003b7e8feb00
Event: 3.942 Thread 0x00000164939f02a0 DEOPT UNPACKING pc=0x00000164a28323a3 sp=0x0000003b7e8fe9b8 mode 2
Event: 3.942 Thread 0x00000164939f02a0 Uncommon trap: trap_request=0xffffff6e fr.pc=0x00000164a2d9b360 relative=0x0000000000000160
Event: 3.942 Thread 0x00000164939f02a0 Uncommon trap: reason=loop_limit_check action=maybe_recompile pc=0x00000164a2d9b360 method=java.lang.StringLatin1.lastIndexOf([BII)I @ 19 c2
Event: 3.942 Thread 0x00000164939f02a0 DEOPT PACKING pc=0x00000164a2d9b360 sp=0x0000003b7e8fea40
Event: 3.942 Thread 0x00000164939f02a0 DEOPT UNPACKING pc=0x00000164a28323a3 sp=0x0000003b7e8fe9c0 mode 2
Event: 4.069 Thread 0x00000164939f02a0 DEOPT PACKING pc=0x000001649b535256 sp=0x0000003b7e8fd970
Event: 4.069 Thread 0x00000164939f02a0 DEOPT UNPACKING pc=0x00000164a2832b43 sp=0x0000003b7e8fcdf8 mode 0

Classes unloaded (0 events):
No events

Classes redefined (0 events):
No events

Internal exceptions (20 events):
Event: 3.534 Thread 0x00000164939f02a0 Exception <a 'sun/nio/fs/WindowsException'{0x00000000a6a015b8}> (0x00000000a6a015b8) 
thrown [s\open\src\hotspot\share\prims\jni.cpp, line 516]
Event: 3.720 Thread 0x00000164939f02a0 Exception <a 'java/lang/IncompatibleClassChangeError'{0x00000000a6af20b8}: Found class java.lang.Object, but interface was expected> (0x00000000a6af20b8) 
thrown [s\open\src\hotspot\share\interpreter\linkResolver.cpp, line 826]
Event: 3.721 Thread 0x00000164939f02a0 Exception <a 'java/lang/NoSuchMethodError'{0x00000000a6af4fb8}: 'void java.lang.invoke.DirectMethodHandle$Holder.invokeStatic(java.lang.Object, java.lang.Object)'> (0x00000000a6af4fb8) 
thrown [s\open\src\hotspot\share\interpreter\linkResolver.cpp, line 759]
Event: 3.730 Thread 0x00000164939f02a0 Exception <a 'java/lang/NoSuchMethodError'{0x00000000a6903720}: 'void java.lang.invoke.DirectMethodHandle$Holder.invokeSpecial(java.lang.Object, java.lang.Object, java.lang.Object)'> (0x00000000a6903720) 
thrown [s\open\src\hotspot\share\interpreter\linkResolver.cpp, line 759]
Event: 3.743 Thread 0x00000164939f02a0 Exception <a 'sun/nio/fs/WindowsException'{0x00000000a69149a0}> (0x00000000a69149a0) 
thrown [s\open\src\hotspot\share\prims\jni.cpp, line 516]
Event: 3.803 Thread 0x00000164939f02a0 Exception <a 'java/lang/NoSuchMethodError'{0x00000000a697bb38}: 'int java.lang.invoke.DirectMethodHandle$Holder.invokeStaticInit(java.lang.Object, java.lang.Object)'> (0x00000000a697bb38) 
thrown [s\open\src\hotspot\share\interpreter\linkResolver.cpp, line 759]
Event: 3.859 Thread 0x00000164939f02a0 Exception <a 'java/lang/IncompatibleClassChangeError'{0x00000000a682ed08}: Found class java.lang.Object, but interface was expected> (0x00000000a682ed08) 
thrown [s\open\src\hotspot\share\interpreter\linkResolver.cpp, line 826]
Event: 3.865 Thread 0x00000164939f02a0 Exception <a 'java/lang/NoSuchMethodError'{0x00000000a6847e98}: 'java.lang.Object java.lang.invoke.DirectMethodHandle$Holder.newInvokeSpecial(java.lang.Object, java.lang.Object, java.lang.Object, java.lang.Object, java.lang.Object, int)'> (0x00000000a6847e98) 
thrown [s\open\src\hotspot\share\interpreter\linkResolver.cpp, line 759]
Event: 3.866 Thread 0x00000164939f02a0 Exception <a 'java/lang/NoSuchMethodError'{0x00000000a684c500}: 'java.lang.Object java.lang.invoke.DirectMethodHandle$Holder.invokeSpecial(java.lang.Object, java.lang.Object, java.lang.Object, java.lang.Object, java.lang.Object, java.lang.Object, int)'> (0x00000000a684c500) 
thrown [s\open\src\hotspot\share\interpreter\linkResolver.cpp, line 759]
Event: 3.874 Thread 0x00000164939f02a0 Exception <a 'sun/nio/fs/WindowsException'{0x00000000a6869768}> (0x00000000a6869768) 
thrown [s\open\src\hotspot\share\prims\jni.cpp, line 516]
Event: 3.978 Thread 0x00000164939f02a0 Exception <a 'java/lang/ClassNotFoundException'{0x00000000a66d6380}: io/qameta/allure/csv/CsvExportCategoryBeanInfo> (0x00000000a66d6380) 
thrown [s\open\src\hotspot\share\classfile\systemDictionary.cpp, line 256]
Event: 3.979 Thread 0x00000164939f02a0 Exception <a 'java/lang/ClassNotFoundException'{0x00000000a66d8078}: io/qameta/allure/csv/CsvExportCategoryCustomizer> (0x00000000a66d8078) 
thrown [s\open\src\hotspot\share\classfile\systemDictionary.cpp, line 256]
Event: 3.995 Thread 0x00000164939f02a0 Exception <a 'java/lang/NoSuchMethodError'{0x00000000a66fcaf0}: 'long java.lang.invoke.DirectMethodHandle$Holder.invokeVirtual(java.lang.Object, java.lang.Object)'> (0x00000000a66fcaf0) 
thrown [s\open\src\hotspot\share\interpreter\linkResolver.cpp, line 759]
Event: 4.021 Thread 0x00000164939f02a0 Exception <a 'sun/nio/fs/WindowsException'{0x00000000a653eb10}> (0x00000000a653eb10) 
thrown [s\open\src\hotspot\share\prims\jni.cpp, line 516]
Event: 4.032 Thread 0x00000164939f02a0 Exception <a 'sun/nio/fs/WindowsException'{0x00000000a6551ba0}> (0x00000000a6551ba0) 
thrown [s\open\src\hotspot\share\prims\jni.cpp, line 516]
Event: 4.057 Thread 0x00000164939f02a0 Exception <a 'sun/nio/fs/WindowsException'{0x00000000a6580c98}> (0x00000000a6580c98) 
thrown [s\open\src\hotspot\share\prims\jni.cpp, line 516]
Event: 4.060 Thread 0x00000164939f02a0 Exception <a 'sun/nio/fs/WindowsException'{0x00000000a6582ac8}> (0x00000000a6582ac8) 
thrown [s\open\src\hotspot\share\prims\jni.cpp, line 516]
Event: 4.088 Thread 0x00000164939f02a0 Exception <a 'sun/nio/fs/WindowsException'{0x00000000a65cded0}> (0x00000000a65cded0) 
thrown [s\open\src\hotspot\share\prims\jni.cpp, line 516]
Event: 4.133 Thread 0x00000164939f02a0 Exception <a 'sun/nio/fs/WindowsException'{0x00000000a6411f18}> (0x00000000a6411f18) 
thrown [s\open\src\hotspot\share\prims\jni.cpp, line 516]
Event: 4.146 Thread 0x00000164939f02a0 Exception <a 'sun/nio/fs/WindowsException'{0x00000000a64140c8}> (0x00000000a64140c8) 
thrown [s\open\src\hotspot\share\prims\jni.cpp, line 516]

VM Operations (20 events):
Event: 2.474 Executing VM operation: HandshakeAllThreads
Event: 2.474 Executing VM operation: HandshakeAllThreads done
Event: 2.474 Executing VM operation: HandshakeAllThreads
Event: 2.474 Executing VM operation: HandshakeAllThreads done
Event: 2.637 Executing VM operation: HandshakeAllThreads
Event: 2.637 Executing VM operation: HandshakeAllThreads done
Event: 2.672 Executing VM operation: HandshakeAllThreads
Event: 2.672 Executing VM operation: HandshakeAllThreads done
Event: 2.694 Executing VM operation: G1CollectForAllocation
Event: 2.701 Executing VM operation: G1CollectForAllocation done
Event: 3.334 Executing VM operation: ICBufferFull
Event: 3.334 Executing VM operation: ICBufferFull done
Event: 3.342 Executing VM operation: HandshakeAllThreads
Event: 3.342 Executing VM operation: HandshakeAllThreads done
Event: 3.533 Executing VM operation: HandshakeAllThreads
Event: 3.533 Executing VM operation: HandshakeAllThreads done
Event: 3.658 Executing VM operation: HandshakeAllThreads
Event: 3.658 Executing VM operation: HandshakeAllThreads done
Event: 3.819 Executing VM operation: HandshakeAllThreads
Event: 3.819 Executing VM operation: HandshakeAllThreads done

Events (20 events):
Event: 3.932 loading class java/lang/InstantiationError
Event: 3.933 loading class java/lang/InstantiationError done
Event: 3.933 loading class jdk/internal/reflect/UnsafeQualifiedStaticObjectFieldAccessorImpl
Event: 3.933 loading class jdk/internal/reflect/UnsafeQualifiedStaticFieldAccessorImpl
Event: 3.934 loading class jdk/internal/reflect/UnsafeQualifiedStaticFieldAccessorImpl done
Event: 3.934 loading class jdk/internal/reflect/UnsafeQualifiedStaticObjectFieldAccessorImpl done
Event: 3.941 loading class java/math/MathContext
Event: 3.942 loading class java/math/MathContext done
Event: 3.949 loading class java/util/WeakHashMap$EntrySet
Event: 3.950 loading class java/util/WeakHashMap$EntrySet done
Event: 3.950 loading class java/util/WeakHashMap$EntryIterator
Event: 3.950 loading class java/util/WeakHashMap$HashIterator
Event: 3.950 loading class java/util/WeakHashMap$HashIterator done
Event: 3.950 loading class java/util/WeakHashMap$EntryIterator done
Event: 3.982 loading class java/util/concurrent/RejectedExecutionException
Event: 3.982 loading class java/util/concurrent/RejectedExecutionException done
Event: 4.093 loading class java/util/stream/ReduceOps$4
Event: 4.093 loading class java/util/stream/ReduceOps$4 done
Event: 4.093 loading class java/util/stream/ReduceOps$4ReducingSink
Event: 4.093 loading class java/util/stream/ReduceOps$4ReducingSink done


Dynamic libraries:
0x00007ff6b23c0000 - 0x00007ff6b23d0000 	C:\Program Files\Java\jdk-17\bin\java.exe
0x00007ffe0bf70000 - 0x00007ffe0c168000 	C:\WINDOWS\SYSTEM32\ntdll.dll
0x00007ffe0a240000 - 0x00007ffe0a302000 	C:\WINDOWS\System32\KERNEL32.DLL
0x00007ffe09770000 - 0x00007ffe09a6e000 	C:\WINDOWS\System32\KERNELBASE.dll
0x00007ffe09670000 - 0x00007ffe09770000 	C:\WINDOWS\System32\ucrtbase.dll
0x00007ffe05270000 - 0x00007ffe0528b000 	C:\Program Files\Java\jdk-17\bin\VCRUNTIME140.dll
0x00007ffe027a0000 - 0x00007ffe027b9000 	C:\Program Files\Java\jdk-17\bin\jli.dll
0x00007ffe0a0d0000 - 0x00007ffe0a182000 	C:\WINDOWS\System32\ADVAPI32.dll
0x00007ffe0a690000 - 0x00007ffe0a72e000 	C:\WINDOWS\System32\msvcrt.dll
0x00007ffe0bcd0000 - 0x00007ffe0bd70000 	C:\WINDOWS\System32\sechost.dll
0x00007ffe0af80000 - 0x00007ffe0b0a3000 	C:\WINDOWS\System32\RPCRT4.dll
0x00007ffe09640000 - 0x00007ffe09667000 	C:\WINDOWS\System32\bcrypt.dll
0x00007ffe0b6c0000 - 0x00007ffe0b85d000 	C:\WINDOWS\System32\USER32.dll
0x00007ffdf9960000 - 0x00007ffdf9bfa000 	C:\WINDOWS\WinSxS\amd64_microsoft.windows.common-controls_6595b64144ccf1df_6.0.19041.4355_none_60b8b9eb71f62e16\COMCTL32.dll
0x00007ffe09610000 - 0x00007ffe09632000 	C:\WINDOWS\System32\win32u.dll
0x00007ffe0a7b0000 - 0x00007ffe0a7db000 	C:\WINDOWS\System32\GDI32.dll
0x00007ffe09d90000 - 0x00007ffe09ea7000 	C:\WINDOWS\System32\gdi32full.dll
0x00007ffe09cf0000 - 0x00007ffe09d8d000 	C:\WINDOWS\System32\msvcp_win.dll
0x00007ffe01620000 - 0x00007ffe0162a000 	C:\WINDOWS\SYSTEM32\VERSION.dll
0x00007ffe0af50000 - 0x00007ffe0af7f000 	C:\WINDOWS\System32\IMM32.DLL
0x00007ffe067a0000 - 0x00007ffe067ac000 	C:\Program Files\Java\jdk-17\bin\vcruntime140_1.dll
0x00007ffdee2d0000 - 0x00007ffdee35e000 	C:\Program Files\Java\jdk-17\bin\msvcp140.dll
0x00007ffd5da70000 - 0x00007ffd5e650000 	C:\Program Files\Java\jdk-17\bin\server\jvm.dll
0x00007ffe09fa0000 - 0x00007ffe09fa8000 	C:\WINDOWS\System32\PSAPI.DLL
0x00007ffdfebb0000 - 0x00007ffdfebd7000 	C:\WINDOWS\SYSTEM32\WINMM.dll
0x00007ffe05260000 - 0x00007ffe05269000 	C:\WINDOWS\SYSTEM32\WSOCK32.dll
0x00007ffe0be60000 - 0x00007ffe0becb000 	C:\WINDOWS\System32\WS2_32.dll
0x00007ffe071a0000 - 0x00007ffe071b2000 	C:\WINDOWS\SYSTEM32\kernel.appcore.dll
0x00007ffe06770000 - 0x00007ffe0677a000 	C:\Program Files\Java\jdk-17\bin\jimage.dll
0x00007ffe01430000 - 0x00007ffe01614000 	C:\WINDOWS\SYSTEM32\DBGHELP.DLL
0x00007ffdf5480000 - 0x00007ffdf54b4000 	C:\WINDOWS\SYSTEM32\dbgcore.DLL
0x00007ffe09f00000 - 0x00007ffe09f82000 	C:\WINDOWS\System32\bcryptPrimitives.dll
0x00007ffdf8570000 - 0x00007ffdf8595000 	C:\Program Files\Java\jdk-17\bin\java.dll
0x00007ffdd84f0000 - 0x00007ffdd85c7000 	C:\Program Files\Java\jdk-17\bin\jsvml.dll
0x00007ffe0a7e0000 - 0x00007ffe0af4f000 	C:\WINDOWS\System32\SHELL32.dll
0x00007ffe073a0000 - 0x00007ffe07b44000 	C:\WINDOWS\SYSTEM32\windows.storage.dll
0x00007ffe0a330000 - 0x00007ffe0a683000 	C:\WINDOWS\System32\combase.dll
0x00007ffe08f70000 - 0x00007ffe08f9e000 	C:\WINDOWS\SYSTEM32\Wldp.dll
0x00007ffe0b1e0000 - 0x00007ffe0b2ad000 	C:\WINDOWS\System32\OLEAUT32.dll
0x00007ffe0a190000 - 0x00007ffe0a23d000 	C:\WINDOWS\System32\SHCORE.dll
0x00007ffe0bed0000 - 0x00007ffe0bf25000 	C:\WINDOWS\System32\shlwapi.dll
0x00007ffe09540000 - 0x00007ffe09564000 	C:\WINDOWS\SYSTEM32\profapi.dll
0x00007ffdfeb90000 - 0x00007ffdfeba9000 	C:\Program Files\Java\jdk-17\bin\net.dll
0x00007ffe08570000 - 0x00007ffe0867d000 	C:\WINDOWS\SYSTEM32\WINHTTP.dll
0x00007ffe08cd0000 - 0x00007ffe08d3a000 	C:\WINDOWS\system32\mswsock.dll
0x00007ffdf8e70000 - 0x00007ffdf8e86000 	C:\Program Files\Java\jdk-17\bin\nio.dll
0x00007ffdf8e30000 - 0x00007ffdf8e48000 	C:\Program Files\Java\jdk-17\bin\zip.dll
0x00007ffdf8660000 - 0x00007ffdf8670000 	C:\Program Files\Java\jdk-17\bin\verify.dll

dbghelp: loaded successfully - version: 4.0.5 - missing functions: none
symbol engine: initialized successfully - sym options: 0x614 - pdb path: .;C:\Program Files\Java\jdk-17\bin;C:\WINDOWS\SYSTEM32;C:\WINDOWS\WinSxS\amd64_microsoft.windows.common-controls_6595b64144ccf1df_6.0.19041.4355_none_60b8b9eb71f62e16;C:\Program Files\Java\jdk-17\bin\server

VM Arguments:
java_command: io.qameta.allure.CommandLine generate D:\frameium\Frameium_allure\allure-results --clean -o D:\frameium\Frameium_allure\allure-report-generate
java_class_path (initial): D:\frameium\Frameium_allure\.allure\allure-2.8.1\bin\..\lib\allure-commandline-2.8.1.jar;D:\frameium\Frameium_allure\.allure\allure-2.8.1\bin\..\lib\allure-generator-2.8.1.jar;D:\frameium\Frameium_allure\.allure\allure-2.8.1\bin\..\lib\jcommander-1.72.jar;D:\frameium\Frameium_allure\.allure\allure-2.8.1\bin\..\lib\jetty-server-9.4.11.v20180605.jar;D:\frameium\Frameium_allure\.allure\allure-2.8.1\bin\..\lib\slf4j-log4j12-1.7.25.jar;D:\frameium\Frameium_allure\.allure\allure-2.8.1\bin\..\lib\jackson-dataformat-xml-2.9.6.jar;D:\frameium\Frameium_allure\.allure\allure-2.8.1\bin\..\lib\allure-plugin-api-2.8.1.jar;D:\frameium\Frameium_allure\.allure\allure-2.8.1\bin\..\lib\jackson-dataformat-yaml-2.9.6.jar;D:\frameium\Frameium_allure\.allure\allure-2.8.1\bin\..\lib\commons-io-2.6.jar;D:\frameium\Frameium_allure\.allure\allure-2.8.1\bin\..\lib\allure2-model-api-1.0.0.jar;D:\frameium\Frameium_allure\.allure\allure-2.8.1\bin\..\lib\allure1-model-1.0.jar;D:\frameium\Frameium_allure\.allure\allure-2.8.1\bin\..\lib\httpclient-4.5.6.jar;D:\frameium\Frameium_allure\.allure\allure-2.8.1\bin\..\lib\allure2-model-jackson-1.0.0.jar;D:\frameium\Frameium_allure\.allure\allure-2.8.1\bin\..\lib\allure2-model-pojo-1.0.0.jar;D:\frameium\Frameium_allure\.allure\allure-2.8.1\bin\..\lib\tika-core-1.18.jar;D:\frameium\Frameium_allure\.allure\allure-2.8.1\bin\..\lib\javax.servlet-api-3.1.0.jar;D:\frameium\Frameium_allure\.allure\allure-2.8.1\bin\..\lib\jetty-http-9.4.11.v20180605.jar;D:\frameium\Frameium_allure\.allure\allure-2.8.1\bin\..\lib\jetty-io-9.4.11.v20180605.jar;D:\frameium\Frameium_allure\.allure\allure-2.8.1\bin\..\lib\slf4j-api-1.7.25.jar;D:\frameium\Frameium_allure\.allure\allure-2.8.1\bin\..\lib\log4j-1.2.17.jar;D:\frameium\Frameium_allure\.allure\allure-2.8.1\bin\..\lib\jackson-module-jaxb-annotations-2.9.6.jar;D:\frameium\Frameium_allure\.allure\allure-2.8.1\bin\..\lib\jackson-databind-2.9.6.jar;D:\frameium\Frameium_allure\.allure\allure-2.8.1\bin\.
Launcher Type: SUN_STANDARD

[Global flags]
     intx CICompilerCount                          = 3                                         {product} {ergonomic}
     uint ConcGCThreads                            = 1                                         {product} {ergonomic}
     uint G1ConcRefinementThreads                  = 4                                         {product} {ergonomic}
   size_t G1HeapRegionSize                         = 1048576                                   {product} {ergonomic}
    uintx GCDrainStackTargetSize                   = 64                                        {product} {ergonomic}
   size_t InitialHeapSize                          = 100663296                                 {product} {ergonomic}
   size_t MarkStackSize                            = 4194304                                   {product} {ergonomic}
   size_t MaxHeapSize                              = 1581252608                                {product} {ergonomic}
   size_t MaxNewSize                               = 947912704                                 {product} {ergonomic}
   size_t MinHeapDeltaBytes                        = 1048576                                   {product} {ergonomic}
   size_t MinHeapSize                              = 8388608                                   {product} {ergonomic}
    uintx NonNMethodCodeHeapSize                   = 5832780                                {pd product} {ergonomic}
    uintx NonProfiledCodeHeapSize                  = 122912730                              {pd product} {ergonomic}
    uintx ProfiledCodeHeapSize                     = 122912730                              {pd product} {ergonomic}
    uintx ReservedCodeCacheSize                    = 251658240                              {pd product} {ergonomic}
     bool SegmentedCodeCache                       = true                                      {product} {ergonomic}
   size_t SoftMaxHeapSize                          = 1581252608                             {manageable} {ergonomic}
     bool UseCompressedClassPointers               = true                           {product lp64_product} {ergonomic}
     bool UseCompressedOops                        = true                           {product lp64_product} {ergonomic}
     bool UseG1GC                                  = true                                      {product} {ergonomic}
     bool UseLargePagesIndividualAllocation        = false                                  {pd product} {ergonomic}

Logging:
Log output configuration:
 #0: stdout all=warning uptime,level,tags
 #1: stderr all=off uptime,level,tags

Environment Variables:
JAVA_HOME=C:\Program Files\Java\jdk-17
CLASSPATH=D:\frameium\Frameium_allure\.allure\allure-2.8.1\bin\..\lib\allure-commandline-2.8.1.jar;D:\frameium\Frameium_allure\.allure\allure-2.8.1\bin\..\lib\allure-generator-2.8.1.jar;D:\frameium\Frameium_allure\.allure\allure-2.8.1\bin\..\lib\jcommander-1.72.jar;D:\frameium\Frameium_allure\.allure\allure-2.8.1\bin\..\lib\jetty-server-9.4.11.v20180605.jar;D:\frameium\Frameium_allure\.allure\allure-2.8.1\bin\..\lib\slf4j-log4j12-1.7.25.jar;D:\frameium\Frameium_allure\.allure\allure-2.8.1\bin\..\lib\jackson-dataformat-xml-2.9.6.jar;D:\frameium\Frameium_allure\.allure\allure-2.8.1\bin\..\lib\allure-plugin-api-2.8.1.jar;D:\frameium\Frameium_allure\.allure\allure-2.8.1\bin\..\lib\jackson-dataformat-yaml-2.9.6.jar;D:\frameium\Frameium_allure\.allure\allure-2.8.1\bin\..\lib\commons-io-2.6.jar;D:\frameium\Frameium_allure\.allure\allure-2.8.1\bin\..\lib\allure2-model-api-1.0.0.jar;D:\frameium\Frameium_allure\.allure\allure-2.8.1\bin\..\lib\allure1-model-1.0.jar;D:\frameium\Frameium_allure\.allure\allure-2.8.1\bin\..\lib\httpclient-4.5.6.jar;D:\frameium\Frameium_allure\.allure\allure-2.8.1\bin\..\lib\allure2-model-jackson-1.0.0.jar;D:\frameium\Frameium_allure\.allure\allure-2.8.1\bin\..\lib\allure2-model-pojo-1.0.0.jar;D:\frameium\Frameium_allure\.allure\allure-2.8.1\bin\..\lib\tika-core-1.18.jar;D:\frameium\Frameium_allure\.allure\allure-2.8.1\bin\..\lib\javax.servlet-api-3.1.0.jar;D:\frameium\Frameium_allure\.allure\allure-2.8.1\bin\..\lib\jetty-http-9.4.11.v20180605.jar;D:\frameium\Frameium_allure\.allure\allure-2.8.1\bin\..\lib\jetty-io-9.4.11.v20180605.jar;D:\frameium\Frameium_allure\.allure\allure-2.8.1\bin\..\lib\slf4j-api-1.7.25.jar;D:\frameium\Frameium_allure\.allure\allure-2.8.1\bin\..\lib\log4j-1.2.17.jar;D:\frameium\Frameium_allure\.allure\allure-2.8.1\bin\..\lib\jackson-module-jaxb-annotations-2.9.6.jar;D:\frameium\Frameium_allure\.allure\allure-2.8.1\bin\..\lib\jackson-databind-2.9.6.jar;D:\frameium\Frameium_allure\.allure\allure-2.8.1\bin\..\lib\jackson-core-2.9.6.ja
PATH=C:\Program Files\Common Files\Oracle\Java\javapath;C:\WINDOWS\system32;C:\WINDOWS;C:\WINDOWS\System32\Wbem;C:\WINDOWS\System32\WindowsPowerShell\v1.0\;C:\WINDOWS\System32\OpenSSH\;C:\Program Files\Java\jdk-17\bin;%JAVA;C:\Program Files\Java\jdk-17\bin;C:\Users\SonymonJoseph\AppData\Local\Microsoft\WindowsApps;
USERNAME=SonymonJoseph
OS=Windows_NT
PROCESSOR_IDENTIFIER=AMD64 Family 23 Model 24 Stepping 1, AuthenticAMD



---------------  S Y S T E M  ---------------

OS:
 Windows 10 , 64 bit Build 19041 (10.0.19041.4957)
OS uptime: 2 days 1:47 hours

CPU: total 4 (initial active 4) (4 cores per cpu, 2 threads per core) family 23 model 24 stepping 1 microcode 0x0, cx8, cmov, fxsr, ht, mmx, 3dnowpref, sse, sse2, sse3, ssse3, sse4a, sse4.1, sse4.2, popcnt, lzcnt, tsc, tscinvbit, avx, avx2, aes, clmul, bmi1, bmi2, adx, sha, fma, vzeroupper, clflush, clflushopt

Memory: 4k page, system-wide physical 6030M (272M free)
TotalPageFile size 24462M (AvailPageFile size 14M)
current process WorkingSet (physical memory assigned to process): 100M, peak: 101M
current process commit charge ("private bytes"): 206M, peak: 207M

vm_info: Java HotSpot(TM) 64-Bit Server VM (17.0.12+8-LTS-286) for windows-amd64 JRE (17.0.12+8-LTS-286), built on Jun  5 2024 06:46:59 by "mach5one" with MS VC++ 17.6 (VS2022)

END.
